TN:
SF:script/base/deploy-base.s.sol
FN:34,DeployBaseScript._getDeployChain
FNDA:0,DeployBaseScript._getDeployChain
DA:36,0
DA:38,0
DA:39,0
DA:40,0
BRDA:37,0,0,-
BRDA:37,0,1,-
DA:42,0
DA:44,0
FN:51,DeployBaseScript._getAddressFromDeploymentsJson
FNDA:0,DeployBaseScript._getAddressFromDeploymentsJson
DA:52,0
DA:53,0
DA:54,0
DA:57,0
DA:62,0
FN:65,DeployBaseScript._writeAddressToDeploymentsJson
FNDA:0,DeployBaseScript._writeAddressToDeploymentsJson
DA:66,0
DA:67,0
DA:70,0
DA:75,0
FN:78,DeployBaseScript._logTokenBalances
FNDA:0,DeployBaseScript._logTokenBalances
DA:79,0
DA:80,0
DA:81,0
DA:82,0
FNF:4
FNH:0
LF:19
LH:0
BRF:2
BRH:0
end_of_record
TN:
SF:script/deploy-atlas.s.sol
FN:16,DeployAtlasScript.run
FNDA:0,DeployAtlasScript.run
DA:17,0
DA:19,0
DA:21,0
DA:22,0
DA:24,0
DA:25,0
DA:27,0
DA:29,0
DA:31,0
DA:36,0
DA:38,0
DA:39,0
DA:41,0
DA:43,0
BRDA:43,0,0,-
BRDA:43,0,1,-
DA:44,0
DA:46,0
BRDA:46,1,0,-
BRDA:46,1,1,-
DA:47,0
DA:49,0
BRDA:49,2,0,-
BRDA:49,2,1,-
DA:50,0
DA:53,0
DA:54,0
DA:55,0
DA:57,0
DA:58,0
DA:59,0
DA:60,0
DA:61,0
DA:62,0
FNF:1
FNH:0
LF:28
LH:0
BRF:6
BRH:0
end_of_record
TN:
SF:script/deploy-exec-env.s.sol
FN:14,DeployExecEnvScript.run
FNDA:0,DeployExecEnvScript.run
DA:15,0
DA:17,0
DA:19,0
DA:20,0
DA:21,0
DA:23,0
DA:25,0
DA:26,0
DA:28,0
DA:30,0
DA:31,0
DA:32,0
DA:33,0
FNF:1
FNH:0
LF:13
LH:0
BRF:0
BRH:0
end_of_record
TN:
SF:script/deploy-solver.s.sol
FN:12,DeploySimpleRFQSolverScript.run
FNDA:0,DeploySimpleRFQSolverScript.run
DA:13,0
DA:15,0
DA:16,0
DA:17,0
DA:18,0
DA:20,0
DA:21,0
DA:23,0
DA:25,0
DA:27,0
DA:29,0
DA:31,0
DA:32,0
DA:33,0
DA:34,0
FNF:1
FNH:0
LF:15
LH:0
BRF:0
BRH:0
end_of_record
TN:
SF:script/deploy-swap-intent-control.s.sol
FN:16,DeploySwapIntentControlScript.run
FNDA:0,DeploySwapIntentControlScript.run
DA:17,0
DA:18,0
DA:20,0
DA:21,0
DA:23,0
DA:24,0
DA:26,0
DA:28,0
DA:31,0
DA:34,0
DA:35,0
DA:37,0
DA:39,0
DA:41,0
DA:42,0
DA:43,0
DA:44,0
FNF:1
FNH:0
LF:17
LH:0
BRF:0
BRH:0
end_of_record
TN:
SF:script/deploy-tx-builder.s.sol
FN:16,DeployTxBuilderScript.run
FNDA:0,DeployTxBuilderScript.run
DA:17,0
DA:18,0
DA:20,0
DA:22,0
DA:23,0
DA:24,0
DA:26,0
DA:27,0
DA:28,0
DA:30,0
DA:32,0
DA:38,0
DA:40,0
DA:42,0
DA:43,0
DA:44,0
DA:45,0
FNF:1
FNH:0
LF:17
LH:0
BRF:0
BRH:0
end_of_record
TN:
SF:script/log-balances.s.sol
FN:11,LogDemoBalancesScript.run
FNDA:0,LogDemoBalancesScript.run
DA:15,0
DA:16,0
DA:17,0
DA:20,0
DA:21,0
DA:22,0
DA:25,0
DA:26,0
DA:29,0
DA:30,0
FNF:1
FNH:0
LF:10
LH:0
BRF:0
BRH:0
end_of_record
TN:
SF:script/solver-deposit.s.sol
FN:15,SolverAtlasDepositScript.run
FNDA:0,SolverAtlasDepositScript.run
DA:16,0
DA:18,0
DA:19,0
DA:21,0
DA:22,0
DA:24,0
DA:25,0
DA:27,0
DA:30,0
DA:32,0
DA:34,0
DA:35,0
FNF:1
FNH:0
LF:12
LH:0
BRF:0
BRH:0
end_of_record
TN:
SF:src/contracts/atlas/AtlETH.sol
FN:28,AtlETH.balanceOf
FNDA:18,AtlETH.balanceOf
DA:29,18
FN:32,AtlETH.balanceOfBonded
FNDA:0,AtlETH.balanceOfBonded
DA:33,0
FN:36,AtlETH.balanceOfUnbonding
FNDA:0,AtlETH.balanceOfUnbonding
DA:37,0
FN:40,AtlETH.accountLastActiveBlock
FNDA:2,AtlETH.accountLastActiveBlock
DA:41,2
FN:44,AtlETH.unbondingCompleteBlock
FNDA:0,AtlETH.unbondingCompleteBlock
DA:45,0
FN:49,AtlETH.deposit
FNDA:40,AtlETH.deposit
DA:50,40
FN:54,AtlETH.withdraw
FNDA:2,AtlETH.withdraw
DA:55,2
DA:56,2
FN:63,AtlETH.approve
FNDA:0,AtlETH.approve
DA:64,0
DA:65,0
DA:66,0
FN:69,AtlETH.transfer
FNDA:0,AtlETH.transfer
DA:70,0
DA:71,0
DA:73,0
DA:74,0
FN:77,AtlETH.transferFrom
FNDA:0,AtlETH.transferFrom
DA:78,0
DA:79,0
BRDA:79,0,0,-
BRDA:79,0,1,-
DA:80,0
DA:81,0
DA:82,0
DA:83,0
FN:86,AtlETH.permit
FNDA:0,AtlETH.permit
DA:97,0
BRDA:97,1,0,-
BRDA:97,1,1,-
DA:101,0
DA:124,0
BRDA:124,2,0,-
BRDA:124,2,1,-
DA:125,0
DA:127,0
FN:130,AtlETH.DOMAIN_SEPARATOR
FNDA:0,AtlETH.DOMAIN_SEPARATOR
DA:131,0
FN:134,AtlETH._computeDomainSeparator
FNDA:0,AtlETH._computeDomainSeparator
DA:135,0
FN:150,AtlETH._mint
FNDA:40,AtlETH._mint
DA:151,40
DA:152,40
DA:153,40
FN:156,AtlETH._burn
FNDA:2,AtlETH._burn
DA:157,2
DA:158,2
DA:159,2
FN:163,AtlETH._deduct
FNDA:2,AtlETH._deduct
DA:164,2
DA:166,2
DA:168,2
DA:170,2
BRDA:170,3,0,-
BRDA:170,3,1,2
DA:171,0
DA:172,2
BRDA:172,4,0,1
BRDA:172,4,1,1
DA:173,1
DA:174,1
BRDA:174,5,0,1
BRDA:174,5,1,-
DA:175,1
DA:176,1
DA:177,1
DA:178,1
DA:180,1
DA:181,1
DA:182,1
DA:185,0
FN:195,AtlETH.bond
FNDA:6,AtlETH.bond
DA:197,6
FN:202,AtlETH.depositAndBond
FNDA:0,AtlETH.depositAndBond
DA:203,0
DA:204,0
FN:210,AtlETH.unbond
FNDA:1,AtlETH.unbond
DA:211,1
FN:214,AtlETH.redeem
FNDA:0,AtlETH.redeem
DA:215,0
FN:222,AtlETH._bond
FNDA:6,AtlETH._bond
DA:223,6
DA:225,6
DA:226,6
DA:228,6
DA:229,6
DA:231,6
FN:234,AtlETH._unbond
FNDA:1,AtlETH._unbond
DA:235,1
DA:241,1
DA:243,1
DA:244,1
DA:245,1
DA:247,1
DA:249,1
FN:252,AtlETH._redeem
FNDA:0,AtlETH._redeem
DA:253,0
BRDA:253,6,0,-
BRDA:253,6,1,-
DA:254,0
DA:257,0
DA:259,0
DA:261,0
DA:262,0
DA:264,0
DA:265,0
DA:267,0
DA:269,0
FNF:23
FNH:11
LF:78
LH:40
BRF:14
BRH:4
end_of_record
TN:
SF:src/contracts/atlas/Atlas.sol
FN:40,Atlas.metacall
FNDA:6,Atlas.metacall
DA:49,6
DA:52,6
DA:53,6
DA:54,6
DA:59,6
DA:60,6
DA:63,6
BRDA:63,0,0,-
BRDA:63,0,1,-
DA:64,0
BRDA:64,1,0,-
BRDA:64,1,1,-
DA:65,0
DA:69,6
DA:71,6
DA:83,0
DA:85,6
FN:88,Atlas.execute
FNDA:6,Atlas.execute
DA:100,6
BRDA:100,2,0,6
BRDA:100,2,1,-
DA:103,6
DA:104,6
DA:107,6
FN:110,Atlas._execute
FNDA:6,Atlas._execute
DA:123,6
DA:125,6
DA:127,6
BRDA:127,3,0,4
BRDA:127,3,1,2
DA:128,6
DA:129,6
DA:130,6
BRDA:130,4,0,4
BRDA:130,4,1,2
DA:131,6
BRDA:131,5,0,4
BRDA:131,5,1,2
DA:132,2
DA:136,0
DA:138,0
DA:139,0
DA:140,0
BRDA:140,6,0,-
BRDA:140,6,1,-
DA:141,0
BRDA:141,7,0,-
BRDA:141,7,1,-
DA:142,0
DA:145,0
BRDA:145,8,0,-
BRDA:145,8,1,-
DA:147,0
BRDA:147,9,0,-
BRDA:147,9,1,-
DA:148,0
DA:150,0
BRDA:150,10,0,-
BRDA:150,10,1,-
DA:151,0
DA:154,0
DA:156,0
BRDA:156,11,0,-
BRDA:156,11,1,-
DA:158,0
DA:161,0
BRDA:161,12,0,-
BRDA:161,12,1,-
DA:164,0
DA:169,0
BRDA:169,13,0,-
BRDA:169,13,1,-
DA:170,0
BRDA:170,14,0,-
BRDA:170,14,1,-
DA:171,0
BRDA:171,15,0,-
BRDA:171,15,1,-
DA:172,0
DA:174,0
DA:177,0
BRDA:177,16,0,-
BRDA:177,16,1,-
DA:178,0
DA:179,0
DA:180,0
BRDA:180,17,0,-
BRDA:180,17,1,-
DA:181,0
BRDA:181,18,0,-
BRDA:181,18,1,-
DA:182,0
DA:185,0
FN:188,Atlas._solverExecutionIteration
FNDA:0,Atlas._solverExecutionIteration
DA:199,0
DA:201,0
DA:204,0
BRDA:204,19,0,-
BRDA:204,19,1,-
DA:205,0
DA:206,0
DA:208,0
FN:211,Atlas._handleErrors
FNDA:6,Atlas._handleErrors
DA:212,6
BRDA:212,20,0,-
BRDA:212,20,1,-
DA:214,4
BRDA:214,21,0,4
BRDA:214,21,1,-
DA:215,4
DA:216,0
BRDA:216,22,0,-
BRDA:216,22,1,-
DA:217,0
DA:218,0
BRDA:218,23,0,-
BRDA:218,23,1,-
DA:219,0
DA:220,0
BRDA:220,24,0,-
BRDA:220,24,1,-
DA:221,0
DA:224,2
BRDA:224,25,0,2
BRDA:224,25,1,-
DA:225,0
DA:227,2
BRDA:227,26,0,2
BRDA:227,26,1,-
DA:228,0
FN:232,Atlas._verifyCallerIsExecutionEnv
FNDA:0,Atlas._verifyCallerIsExecutionEnv
DA:233,0
BRDA:233,27,0,-
BRDA:233,27,1,-
DA:234,0
FNF:6
FNH:4
LF:74
LH:27
BRF:56
BRH:10
end_of_record
TN:
SF:src/contracts/atlas/AtlasVerification.sol
FN:42,AtlasVerification.validCalls
FNDA:6,AtlasVerification.validCalls
DA:57,6
BRDA:57,0,0,6
BRDA:57,0,1,-
DA:59,6
DA:60,6
DA:65,6
DA:67,6
BRDA:67,1,0,6
BRDA:67,1,1,-
DA:68,0
DA:72,6
BRDA:72,2,0,6
BRDA:72,2,1,-
DA:73,0
DA:77,6
BRDA:77,3,0,6
BRDA:77,3,1,-
DA:78,0
DA:82,6
BRDA:82,4,0,6
BRDA:82,4,1,-
DA:83,0
DA:87,6
BRDA:87,5,0,-
BRDA:87,5,1,-
DA:88,0
BRDA:88,6,0,-
BRDA:88,6,1,-
DA:89,0
DA:94,6
BRDA:94,7,0,2
BRDA:94,7,1,-
DA:95,2
BRDA:95,8,0,2
BRDA:95,8,1,-
DA:96,0
DA:101,6
BRDA:101,9,0,6
BRDA:101,9,1,-
DA:102,0
DA:106,6
BRDA:106,10,0,6
BRDA:106,10,1,-
DA:107,0
DA:111,6
BRDA:111,11,0,6
BRDA:111,11,1,-
DA:112,0
DA:117,6
DA:118,6
DA:120,6
DA:121,5
BRDA:121,12,0,5
BRDA:121,12,1,-
DA:124,5
DA:126,5
BRDA:126,13,0,5
BRDA:126,13,1,-
DA:128,5
BRDA:128,14,0,5
BRDA:128,14,1,-
DA:130,5
BRDA:130,15,0,5
BRDA:130,15,1,-
DA:132,5
BRDA:132,16,0,5
BRDA:132,16,1,-
DA:134,5
BRDA:134,17,0,5
BRDA:134,17,1,-
DA:136,5
BRDA:136,18,0,5
BRDA:136,18,1,-
DA:139,5
DA:141,5
DA:147,6
BRDA:147,19,0,2
BRDA:147,19,1,4
DA:149,4
DA:153,2
BRDA:153,20,0,-
BRDA:153,20,1,-
DA:154,0
BRDA:154,21,0,-
BRDA:154,21,1,-
DA:155,0
DA:158,0
BRDA:158,22,0,-
BRDA:158,22,1,-
DA:159,0
DA:163,2
FN:166,AtlasVerification._verifyAuctioneer
FNDA:6,AtlasVerification._verifyAuctioneer
DA:176,6
DA:177,6
DA:179,6
BRDA:179,23,0,4
BRDA:179,23,1,2
DA:181,4
BRDA:181,24,0,4
BRDA:181,24,1,-
DA:183,4
BRDA:183,25,0,4
BRDA:183,25,1,-
DA:185,4
BRDA:185,26,0,-
BRDA:185,26,1,4
DA:187,0
FN:190,AtlasVerification.getSolverPayload
FNDA:5,AtlasVerification.getSolverPayload
DA:191,5
FN:194,AtlasVerification._verifySignature
FNDA:5,AtlasVerification._verifySignature
DA:195,5
DA:196,5
FN:199,AtlasVerification._getSolverHash
FNDA:10,AtlasVerification._getSolverHash
DA:200,10
FN:231,AtlasVerification._verifyDApp
FNDA:6,AtlasVerification._verifyDApp
DA:244,6
DA:246,6
BRDA:246,27,0,6
BRDA:246,27,1,-
DA:247,0
DA:250,6
BRDA:250,28,0,2
BRDA:250,28,1,4
DA:262,2
DA:266,2
DA:269,2
BRDA:269,29,0,2
BRDA:269,29,1,-
DA:270,2
DA:271,2
BRDA:271,30,0,2
BRDA:271,30,1,-
DA:272,0
DA:276,2
BRDA:276,31,0,2
BRDA:276,31,1,-
DA:277,0
DA:284,2
BRDA:284,32,0,2
BRDA:284,32,1,-
DA:285,0
DA:293,2
BRDA:293,33,0,2
BRDA:293,33,1,-
DA:294,0
DA:297,2
FN:300,AtlasVerification._handleNonces
FNDA:8,AtlasVerification._handleNonces
DA:309,8
BRDA:309,34,0,8
BRDA:309,34,1,-
DA:310,0
DA:313,8
BRDA:313,35,0,2
BRDA:313,35,1,2
DA:314,2
BRDA:314,36,0,-
BRDA:314,36,1,2
DA:316,0
DA:317,2
BRDA:317,37,0,2
BRDA:317,37,1,2
DA:319,2
DA:323,8
DA:324,8
DA:326,8
DA:328,8
DA:330,8
DA:331,8
BRDA:331,38,0,8
BRDA:331,38,1,-
DA:332,0
DA:335,8
BRDA:335,39,0,2
BRDA:335,39,1,6
DA:337,6
DA:340,2
DA:341,2
DA:343,2
DA:344,2
BRDA:344,40,0,2
BRDA:344,40,1,2
DA:345,2
DA:349,2
DA:352,2
FN:355,AtlasVerification._updateNonceTracker
FNDA:2,AtlasVerification._updateNonceTracker
DA:365,2
DA:367,2
DA:368,2
DA:371,2
BRDA:371,41,0,2
BRDA:371,41,1,-
DA:372,2
BRDA:372,42,0,2
BRDA:372,42,1,-
DA:373,0
DA:376,2
BRDA:376,43,0,2
BRDA:376,43,1,-
DA:377,0
DA:381,2
BRDA:381,44,0,2
BRDA:381,44,1,-
DA:382,2
DA:384,2
BRDA:384,45,0,2
BRDA:384,45,1,2
DA:385,2
DA:386,2
DA:389,2
BRDA:389,46,0,2
BRDA:389,46,1,-
DA:390,2
DA:391,2
DA:394,2
BRDA:394,47,0,2
BRDA:394,47,1,2
DA:395,2
DA:401,2
FN:404,AtlasVerification._getProofHash
FNDA:8,AtlasVerification._getProofHash
DA:405,8
FN:422,AtlasVerification._verifyDAppSignature
FNDA:4,AtlasVerification._verifyDAppSignature
DA:423,4
BRDA:423,48,0,4
BRDA:423,48,1,-
DA:424,4
DA:426,4
FN:430,AtlasVerification.getDAppOperationPayload
FNDA:4,AtlasVerification.getDAppOperationPayload
DA:431,4
FN:434,AtlasVerification.getDomainSeparator
FNDA:0,AtlasVerification.getDomainSeparator
DA:435,0
FN:443,AtlasVerification._verifyUser
FNDA:6,AtlasVerification._verifyUser
DA:455,6
DA:457,6
BRDA:457,49,0,6
BRDA:457,49,1,-
DA:458,0
DA:461,6
BRDA:461,50,0,6
BRDA:461,50,1,-
DA:462,0
DA:471,6
BRDA:471,51,0,6
BRDA:471,51,1,-
DA:472,0
DA:475,6
FN:478,AtlasVerification._getProofHash
FNDA:6,AtlasVerification._getProofHash
DA:479,6
FN:496,AtlasVerification._verifyUserSignature
FNDA:4,AtlasVerification._verifyUserSignature
DA:497,4
BRDA:497,52,0,4
BRDA:497,52,1,-
DA:498,4
DA:500,4
FN:503,AtlasVerification.getUserOperationPayload
FNDA:2,AtlasVerification.getUserOperationPayload
DA:504,2
FN:507,AtlasVerification.getNextNonce
FNDA:8,AtlasVerification.getNextNonce
DA:508,8
DA:510,8
DA:511,8
DA:513,8
BRDA:513,53,0,4
BRDA:513,53,1,4
DA:514,4
DA:517,4
DA:519,4
DA:521,4
DA:523,4
FNF:17
FNH:16
LF:143
LH:114
BRF:108
BRH:59
end_of_record
TN:
SF:src/contracts/atlas/DAppIntegration.sol
FN:55,DAppIntegration.initializeGovernance
FNDA:16,DAppIntegration.initializeGovernance
DA:56,16
DA:58,16
BRDA:58,0,0,16
BRDA:58,0,1,-
DA:60,16
DA:62,16
BRDA:62,1,0,16
BRDA:62,1,1,-
DA:64,16
DA:66,16
DA:69,16
DA:71,16
FN:74,DAppIntegration.addSignatory
FNDA:0,DAppIntegration.addSignatory
DA:75,0
DA:77,0
BRDA:77,2,0,-
BRDA:77,2,1,-
DA:79,0
DA:81,0
BRDA:81,3,0,-
BRDA:81,3,1,-
DA:82,0
DA:85,0
DA:87,0
DA:89,0
FN:92,DAppIntegration.removeSignatory
FNDA:0,DAppIntegration.removeSignatory
DA:93,0
DA:95,0
BRDA:95,4,0,-
BRDA:95,4,1,-
DA:96,0
DA:99,0
DA:101,0
BRDA:101,5,0,-
BRDA:101,5,1,-
DA:103,0
FN:106,DAppIntegration.integrateDApp
FNDA:16,DAppIntegration.integrateDApp
DA:107,16
DA:109,16
BRDA:109,6,0,16
BRDA:109,6,1,-
DA:111,16
DA:113,16
DA:115,16
FN:118,DAppIntegration.disableDApp
FNDA:0,DAppIntegration.disableDApp
DA:119,0
DA:121,0
BRDA:121,7,0,-
BRDA:121,7,1,-
DA:123,0
DA:125,0
FN:128,DAppIntegration.initializeNonce
FNDA:0,DAppIntegration.initializeNonce
DA:129,0
FN:132,DAppIntegration._initializeNonce
FNDA:18,DAppIntegration._initializeNonce
DA:133,18
BRDA:133,8,0,18
BRDA:133,8,1,18
DA:135,18
DA:137,18
DA:140,18
DA:141,18
FN:145,DAppIntegration.getGovFromControl
FNDA:0,DAppIntegration.getGovFromControl
DA:146,0
DA:147,0
BRDA:147,9,0,-
BRDA:147,9,1,-
DA:148,0
FNF:8
FNH:3
LF:40
LH:18
BRF:20
BRH:5
end_of_record
TN:
SF:src/contracts/atlas/Escrow.sol
FN:46,Escrow._executePreOpsCall
FNDA:6,Escrow._executePreOpsCall
DA:54,6
DA:55,6
DA:56,6
DA:57,6
BRDA:57,0,0,6
BRDA:57,0,1,-
DA:58,0
FN:62,Escrow._executeUserOperation
FNDA:0,Escrow._executeUserOperation
DA:70,0
DA:71,0
DA:73,0
DA:76,0
BRDA:76,1,0,-
BRDA:76,1,1,-
DA:77,0
FN:81,Escrow._executeSolverOperation
FNDA:0,Escrow._executeSolverOperation
DA:91,0
DA:94,0
DA:97,0
BRDA:97,2,0,-
BRDA:97,2,1,-
DA:99,0
DA:103,0
DA:105,0
BRDA:105,3,0,-
BRDA:105,3,1,-
DA:107,0
DA:108,0
DA:111,0
DA:113,0
DA:114,0
DA:117,0
DA:120,0
DA:123,0
DA:125,0
FN:133,Escrow._allocateValue
FNDA:0,Escrow._allocateValue
DA:144,0
DA:147,0
DA:148,0
DA:149,0
BRDA:149,4,0,-
BRDA:149,4,1,-
DA:150,0
FN:154,Escrow._executePostOpsCall
FNDA:0,Escrow._executePostOpsCall
DA:163,0
DA:164,0
DA:165,0
DA:166,0
FN:171,Escrow._validateSolverOperation
FNDA:0,Escrow._validateSolverOperation
DA:180,0
DA:182,0
DA:184,0
DA:185,0
DA:187,0
BRDA:187,5,0,-
BRDA:187,5,1,-
DA:188,0
DA:192,0
BRDA:192,6,0,-
BRDA:192,6,1,-
DA:193,0
DA:196,0
DA:199,0
DA:202,0
BRDA:202,7,0,-
BRDA:202,7,1,-
DA:204,0
DA:208,0
BRDA:208,8,0,-
BRDA:208,8,1,-
DA:209,0
DA:213,0
DA:215,0
BRDA:215,9,0,-
BRDA:215,9,1,-
DA:216,0
DA:219,0
BRDA:219,10,0,-
BRDA:219,10,1,-
DA:221,0
DA:224,0
FN:228,Escrow._solverOpWrapper
FNDA:0,Escrow._solverOpWrapper
DA:241,0
DA:243,0
DA:247,0
DA:249,0
DA:251,0
BRDA:251,11,0,-
BRDA:251,11,1,-
DA:252,0
DA:254,0
DA:256,0
BRDA:256,12,0,-
BRDA:256,12,1,-
DA:257,0
DA:258,0
BRDA:258,13,0,-
BRDA:258,13,1,-
DA:259,0
DA:260,0
BRDA:260,14,0,-
BRDA:260,14,1,-
DA:261,0
DA:262,0
BRDA:262,15,0,-
BRDA:262,15,1,-
DA:263,0
DA:264,0
BRDA:264,16,0,-
BRDA:264,16,1,-
DA:265,0
DA:266,0
BRDA:266,17,0,-
BRDA:266,17,1,-
DA:267,0
DA:268,0
BRDA:268,18,0,-
BRDA:268,18,1,-
DA:269,0
DA:270,0
BRDA:270,19,0,-
BRDA:270,19,1,-
DA:271,0
DA:273,0
FN:279,Escrow.
FNDA:0,Escrow.
DA:280,0
FNF:8
FNH:1
LF:79
LH:4
BRF:40
BRH:1
end_of_record
TN:
SF:src/contracts/atlas/ExecutionEnvironment.sol
FN:82,ExecutionEnvironment.preOpsWrapper
FNDA:0,ExecutionEnvironment.preOpsWrapper
DA:91,0
DA:93,0
DA:94,0
DA:96,0
BRDA:96,0,0,-
BRDA:96,0,1,-
DA:98,0
DA:99,0
FN:102,ExecutionEnvironment.userWrapper
FNDA:0,ExecutionEnvironment.userWrapper
DA:114,0
DA:116,0
BRDA:116,1,0,-
BRDA:116,1,1,-
DA:118,0
DA:120,0
BRDA:120,2,0,-
BRDA:120,2,1,-
DA:121,0
DA:122,0
BRDA:122,3,0,-
BRDA:122,3,1,-
DA:127,0
DA:128,0
BRDA:128,4,0,-
BRDA:128,4,1,-
FN:132,ExecutionEnvironment.postOpsWrapper
FNDA:0,ExecutionEnvironment.postOpsWrapper
DA:142,0
DA:144,0
DA:145,0
DA:147,0
BRDA:147,5,0,-
BRDA:147,5,1,-
DA:148,0
BRDA:148,6,0,-
BRDA:148,6,1,-
FN:151,ExecutionEnvironment.solverMetaTryCatch
FNDA:0,ExecutionEnvironment.solverMetaTryCatch
DA:164,0
BRDA:164,7,0,-
BRDA:164,7,1,-
DA:166,0
DA:169,0
DA:170,0
DA:172,0
BRDA:172,8,0,-
BRDA:172,8,1,-
DA:173,0
DA:174,0
DA:177,0
DA:185,0
BRDA:185,9,0,-
BRDA:185,9,1,-
DA:186,0
DA:189,0
DA:192,0
BRDA:192,10,0,-
BRDA:192,10,1,-
DA:193,0
DA:195,0
DA:197,0
DA:199,0
BRDA:199,11,0,-
BRDA:199,11,1,-
DA:200,0
DA:203,0
DA:204,0
BRDA:204,12,0,-
BRDA:204,12,1,-
DA:205,0
DA:210,0
DA:219,0
BRDA:219,13,0,-
BRDA:219,13,1,-
DA:220,0
DA:224,0
BRDA:224,14,0,-
BRDA:224,14,1,-
DA:225,0
DA:227,0
DA:229,0
DA:231,0
DA:233,0
BRDA:233,15,0,-
BRDA:233,15,1,-
DA:234,0
DA:237,0
DA:238,0
BRDA:238,16,0,-
BRDA:238,16,1,-
DA:239,0
DA:244,0
DA:246,0
BRDA:246,17,0,-
BRDA:246,17,1,-
DA:247,0
DA:251,0
BRDA:251,18,0,-
BRDA:251,18,1,-
DA:252,0
FN:256,ExecutionEnvironment.allocateValue
FNDA:0,ExecutionEnvironment.allocateValue
DA:268,0
DA:271,0
DA:272,0
BRDA:272,19,0,-
BRDA:272,19,1,-
FN:278,ExecutionEnvironment.withdrawERC20
FNDA:0,ExecutionEnvironment.withdrawERC20
DA:279,0
BRDA:279,20,0,-
BRDA:279,20,1,-
DA:280,0
BRDA:280,21,0,-
BRDA:280,21,1,-
DA:282,0
BRDA:282,22,0,-
BRDA:282,22,1,-
DA:283,0
DA:285,0
FN:289,ExecutionEnvironment.factoryWithdrawERC20
FNDA:0,ExecutionEnvironment.factoryWithdrawERC20
DA:290,0
BRDA:290,23,0,-
BRDA:290,23,1,-
DA:291,0
BRDA:291,24,0,-
BRDA:291,24,1,-
DA:292,0
BRDA:292,25,0,-
BRDA:292,25,1,-
DA:294,0
BRDA:294,26,0,-
BRDA:294,26,1,-
DA:295,0
DA:297,0
FN:301,ExecutionEnvironment.withdrawEther
FNDA:0,ExecutionEnvironment.withdrawEther
DA:302,0
BRDA:302,27,0,-
BRDA:302,27,1,-
DA:303,0
BRDA:303,28,0,-
BRDA:303,28,1,-
DA:305,0
BRDA:305,29,0,-
BRDA:305,29,1,-
DA:306,0
DA:308,0
FN:312,ExecutionEnvironment.factoryWithdrawEther
FNDA:0,ExecutionEnvironment.factoryWithdrawEther
DA:313,0
BRDA:313,30,0,-
BRDA:313,30,1,-
DA:314,0
BRDA:314,31,0,-
BRDA:314,31,1,-
DA:315,0
BRDA:315,32,0,-
BRDA:315,32,1,-
DA:317,0
BRDA:317,33,0,-
BRDA:317,33,1,-
DA:318,0
DA:320,0
FN:324,ExecutionEnvironment.getUser
FNDA:0,ExecutionEnvironment.getUser
DA:325,0
FN:328,ExecutionEnvironment.getControl
FNDA:0,ExecutionEnvironment.getControl
DA:329,0
FN:332,ExecutionEnvironment.getConfig
FNDA:0,ExecutionEnvironment.getConfig
DA:333,0
FN:336,ExecutionEnvironment.getEscrow
FNDA:0,ExecutionEnvironment.getEscrow
DA:337,0
FN:342,ExecutionEnvironment.
FNDA:0,ExecutionEnvironment.
FNF:14
FNH:0
LF:86
LH:0
BRF:68
BRH:0
end_of_record
TN:
SF:src/contracts/atlas/Factory.sol
FN:23,Factory.createExecutionEnvironment
FNDA:5,Factory.createExecutionEnvironment
DA:24,5
DA:25,5
FN:28,Factory.getExecutionEnvironment
FNDA:6,Factory.getExecutionEnvironment
DA:36,6
DA:37,6
DA:38,6
FN:45,Factory._getOrCreateExecutionEnvironment
FNDA:7,Factory._getOrCreateExecutionEnvironment
DA:49,7
DA:50,7
DA:51,7
FN:54,Factory._deployExecutionEnvironmentTemplate
FNDA:1,Factory._deployExecutionEnvironmentTemplate
DA:55,1
DA:56,1
FN:59,Factory._setExecutionEnvironment
FNDA:12,Factory._setExecutionEnvironment
DA:68,12
DA:70,12
DA:80,12
BRDA:80,0,0,12
BRDA:80,0,1,7
DA:81,7
DA:83,0
FN:90,Factory._getExecutionEnvironmentCustom
FNDA:6,Factory._getExecutionEnvironmentCustom
DA:100,6
FN:118,Factory._getMimicCreationCode
FNDA:18,Factory._getMimicCreationCode
DA:128,18
DA:130,18
FNF:7
FNH:7
LF:18
LH:17
BRF:2
BRH:2
end_of_record
TN:
SF:src/contracts/atlas/GasAccounting.sol
FN:30,GasAccounting.validateBalances
FNDA:0,GasAccounting.validateBalances
DA:31,0
FN:34,GasAccounting.contribute
FNDA:0,GasAccounting.contribute
DA:35,0
BRDA:35,0,0,-
BRDA:35,0,1,-
DA:36,0
FN:39,GasAccounting.borrow
FNDA:0,GasAccounting.borrow
DA:40,0
BRDA:40,1,0,-
BRDA:40,1,1,-
DA:41,0
BRDA:41,2,0,-
BRDA:41,2,1,-
DA:42,0
DA:44,0
FN:48,GasAccounting.shortfall
FNDA:0,GasAccounting.shortfall
DA:49,0
DA:50,0
DA:51,0
FN:54,GasAccounting.reconcile
FNDA:0,GasAccounting.reconcile
DA:67,0
DA:69,0
BRDA:69,3,0,-
BRDA:69,3,1,-
DA:71,0
BRDA:71,4,0,-
BRDA:71,4,1,-
DA:72,0
BRDA:72,5,0,-
BRDA:72,5,1,-
DA:74,0
DA:76,0
DA:77,0
DA:79,0
BRDA:79,6,0,-
BRDA:79,6,1,-
DA:82,0
BRDA:82,7,0,-
BRDA:82,7,1,-
DA:84,0
DA:86,0
FN:89,GasAccounting._contribute
FNDA:0,GasAccounting._contribute
DA:90,0
BRDA:90,8,0,-
BRDA:90,8,1,-
FN:93,GasAccounting._borrow
FNDA:0,GasAccounting._borrow
DA:94,0
BRDA:94,9,0,-
BRDA:94,9,1,-
DA:95,0
BRDA:95,10,0,-
BRDA:95,10,1,-
DA:96,0
DA:97,0
FN:102,GasAccounting._assign
FNDA:0,GasAccounting._assign
DA:103,0
BRDA:103,11,0,-
BRDA:103,11,1,-
DA:104,0
DA:106,0
DA:108,0
DA:110,0
BRDA:110,12,0,-
BRDA:110,12,1,-
DA:112,0
DA:113,0
BRDA:113,13,0,-
BRDA:113,13,1,-
DA:114,0
DA:115,0
DA:116,0
DA:117,0
DA:119,0
DA:120,0
DA:123,0
DA:126,0
DA:128,0
DA:130,0
DA:131,0
FN:136,GasAccounting._credit
FNDA:0,GasAccounting._credit
DA:137,0
DA:139,0
DA:141,0
DA:142,0
DA:144,0
DA:146,0
FN:149,GasAccounting._trySolverLock
FNDA:0,GasAccounting._trySolverLock
DA:150,0
BRDA:150,14,0,-
BRDA:150,14,1,-
DA:151,0
DA:152,0
DA:154,0
FN:158,GasAccounting._releaseSolverLock
FNDA:0,GasAccounting._releaseSolverLock
DA:161,0
DA:163,0
DA:164,0
BRDA:164,15,0,-
BRDA:164,15,1,-
DA:165,0
DA:166,0
BRDA:166,16,0,-
BRDA:166,16,1,-
DA:167,0
DA:168,0
BRDA:168,17,0,-
BRDA:168,17,1,-
DA:169,0
DA:171,0
DA:174,0
DA:176,0
FN:179,GasAccounting._settle
FNDA:0,GasAccounting._settle
DA:184,0
DA:185,0
DA:186,0
DA:187,0
DA:191,0
DA:192,0
DA:193,0
DA:195,0
BRDA:195,18,0,-
BRDA:195,18,1,-
DA:197,0
DA:198,0
BRDA:198,19,0,-
BRDA:198,19,1,-
DA:199,0
DA:204,0
DA:205,0
DA:208,0
DA:210,0
DA:212,0
DA:214,0
FNF:12
FNH:0
LF:82
LH:0
BRF:40
BRH:0
end_of_record
TN:
SF:src/contracts/atlas/Mimic.sol
FN:40,Mimic.
FNDA:0,Mimic.
DA:41,0
DA:50,0
BRDA:50,0,0,-
BRDA:50,0,1,-
DA:51,0
FNF:1
FNH:0
LF:3
LH:0
BRF:2
BRH:0
end_of_record
TN:
SF:src/contracts/atlas/SafetyLocks.sol
FN:31,SafetyLocks._initializeEscrowLock
FNDA:10,SafetyLocks._initializeEscrowLock
DA:32,0
DA:34,10
DA:37,10
DA:38,10
DA:41,10
DA:42,10
FN:47,SafetyLocks._checkIfUnlocked
FNDA:14,SafetyLocks._checkIfUnlocked
DA:48,14
BRDA:48,0,0,13
BRDA:48,0,1,1
DA:49,13
BRDA:49,1,0,12
BRDA:49,1,1,1
DA:50,12
BRDA:50,2,0,11
BRDA:50,2,1,1
DA:51,11
BRDA:51,3,0,10
BRDA:51,3,1,1
FN:54,SafetyLocks._buildEscrowLock
FNDA:8,SafetyLocks._buildEscrowLock
DA:65,8
BRDA:65,4,0,7
BRDA:65,4,1,1
DA:67,7
FN:72,SafetyLocks._releaseEscrowLock
FNDA:4,SafetyLocks._releaseEscrowLock
DA:73,4
BRDA:73,5,0,3
BRDA:73,5,1,1
DA:74,3
DA:75,3
DA:76,3
DA:77,3
DA:78,3
FN:81,SafetyLocks.activeEnvironment
FNDA:1,SafetyLocks.activeEnvironment
DA:82,1
FNF:5
FNH:5
LF:19
LH:18
BRF:12
BRH:12
end_of_record
TN:
SF:src/contracts/atlas/Storage.sol
FN:69,Storage._computeDomainSeparator
FNDA:0,Storage._computeDomainSeparator
FNF:1
FNH:0
LF:0
LH:0
BRF:0
BRH:0
end_of_record
TN:
SF:src/contracts/common/ExecutionBase.sol
FN:194,ExecutionBase._contribute
FNDA:0,ExecutionBase._contribute
DA:195,0
BRDA:195,0,0,-
BRDA:195,0,1,-
DA:196,0
BRDA:196,1,0,-
BRDA:196,1,1,-
DA:198,0
FN:202,ExecutionBase._borrow
FNDA:0,ExecutionBase._borrow
DA:203,0
BRDA:203,2,0,-
BRDA:203,2,1,-
DA:205,0
FN:208,ExecutionBase._transferUserERC20
FNDA:0,ExecutionBase._transferUserERC20
DA:209,0
BRDA:209,3,0,-
BRDA:209,3,1,-
DA:210,0
DA:212,0
FN:215,ExecutionBase._transferDAppERC20
FNDA:0,ExecutionBase._transferDAppERC20
DA:216,0
BRDA:216,4,0,-
BRDA:216,4,1,-
DA:217,0
DA:219,0
FN:222,ExecutionBase._availableFundsERC20
FNDA:0,ExecutionBase._availableFundsERC20
DA:232,0
DA:233,0
BRDA:233,5,0,-
BRDA:233,5,1,-
DA:234,0
DA:237,0
DA:238,0
DA:239,0
DA:241,0
BRDA:241,6,0,-
BRDA:241,6,1,-
DA:242,0
BRDA:242,7,0,-
BRDA:242,7,1,-
DA:243,0
DA:245,0
BRDA:245,8,0,-
BRDA:245,8,1,-
DA:246,0
DA:248,0
DA:249,0
BRDA:249,9,0,-
BRDA:249,9,1,-
DA:250,0
BRDA:250,10,0,-
BRDA:250,10,1,-
DA:251,0
DA:253,0
BRDA:253,11,0,-
BRDA:253,11,1,-
DA:254,0
DA:256,0
DA:258,0
FN:38,Base._onlyAtlasEnvironment
FNDA:0,Base._onlyAtlasEnvironment
DA:39,0
BRDA:39,0,0,-
BRDA:39,0,1,-
DA:40,0
DA:42,0
BRDA:42,1,0,-
BRDA:42,1,1,-
DA:43,0
DA:45,0
BRDA:45,2,0,-
BRDA:45,2,1,-
DA:46,0
DA:48,0
BRDA:48,3,0,-
BRDA:48,3,1,-
DA:49,0
FN:53,Base.forward
FNDA:0,Base.forward
DA:55,0
FN:58,Base._firstSet
FNDA:0,Base._firstSet
DA:59,0
FN:72,Base._secondSet
FNDA:0,Base._secondSet
DA:73,0
FN:76,Base.forwardSpecial
FNDA:0,Base.forwardSpecial
DA:78,0
FN:81,Base._firstSetSpecial
FNDA:0,Base._firstSetSpecial
DA:82,0
DA:83,0
DA:85,0
BRDA:85,4,0,-
BRDA:85,4,1,-
DA:86,0
BRDA:86,5,0,-
BRDA:86,5,1,-
DA:87,0
DA:91,0
FN:106,Base._controlCodeHash
FNDA:0,Base._controlCodeHash
DA:108,0
FN:112,Base._config
FNDA:0,Base._config
DA:114,0
FN:118,Base._control
FNDA:0,Base._control
DA:120,0
FN:124,Base._user
FNDA:0,Base._user
DA:126,0
FN:130,Base._depth
FNDA:0,Base._depth
DA:132,0
FN:136,Base._simulation
FNDA:0,Base._simulation
DA:138,0
FN:142,Base._gasRefund
FNDA:0,Base._gasRefund
DA:144,0
FN:148,Base._lockState
FNDA:0,Base._lockState
DA:150,0
FN:154,Base._callMax
FNDA:0,Base._callMax
DA:156,0
FN:160,Base._callIndex
FNDA:0,Base._callIndex
DA:162,0
FN:166,Base._paymentsComplete
FNDA:0,Base._paymentsComplete
DA:168,0
FN:172,Base._makingPayments
FNDA:0,Base._makingPayments
DA:174,0
FN:178,Base._approvedCaller
FNDA:0,Base._approvedCaller
DA:180,0
FN:184,Base._activeEnvironment
FNDA:0,Base._activeEnvironment
DA:185,0
FNF:25
FNH:0
LF:62
LH:0
BRF:36
BRH:0
end_of_record
TN:
SF:src/contracts/common/Permit69.sol
FN:40,Permit69._verifyCallerIsExecutionEnv
FNDA:0,Permit69._verifyCallerIsExecutionEnv
FN:43,Permit69.transferUserERC20
FNDA:5,Permit69.transferUserERC20
DA:57,5
DA:60,5
DA:63,5
FN:66,Permit69.transferDAppERC20
FNDA:6,Permit69.transferDAppERC20
DA:78,6
DA:81,6
DA:84,6
FN:87,Permit69._verifyLockState
FNDA:9,Permit69._verifyLockState
DA:88,9
BRDA:88,0,0,2
BRDA:88,0,1,7
DA:89,7
FNF:4
FNH:3
LF:8
LH:8
BRF:2
BRH:2
end_of_record
TN:
SF:src/contracts/dapp/ControlTemplate.sol
FN:42,DAppControlTemplate._preOpsCall
FNDA:0,DAppControlTemplate._preOpsCall
DA:43,0
FN:83,DAppControlTemplate._preSolverCall
FNDA:0,DAppControlTemplate._preSolverCall
DA:84,0
FN:105,DAppControlTemplate._postSolverCall
FNDA:0,DAppControlTemplate._postSolverCall
DA:106,0
FN:125,DAppControlTemplate._postOpsCall
FNDA:0,DAppControlTemplate._postOpsCall
DA:126,0
FNF:4
FNH:0
LF:4
LH:0
BRF:0
BRH:0
end_of_record
TN:
SF:src/contracts/dapp/DAppControl.sol
FN:52,DAppControl.preOpsCall
FNDA:0,DAppControl.preOpsCall
DA:59,0
FN:62,DAppControl.preSolverCall
FNDA:0,DAppControl.preSolverCall
DA:69,0
FN:72,DAppControl.postSolverCall
FNDA:0,DAppControl.postSolverCall
DA:79,0
FN:82,DAppControl.allocateValueCall
FNDA:0,DAppControl.allocateValueCall
DA:91,0
FN:94,DAppControl.postOpsCall
FNDA:0,DAppControl.postOpsCall
DA:104,0
FN:108,DAppControl.userDelegated
FNDA:0,DAppControl.userDelegated
DA:109,0
FN:112,DAppControl.requireSequencedNonces
FNDA:0,DAppControl.requireSequencedNonces
DA:113,0
FN:116,DAppControl.getDAppConfig
FNDA:12,DAppControl.getDAppConfig
DA:122,12
FN:125,DAppControl._getCallConfig
FNDA:16,DAppControl._getCallConfig
DA:126,16
FN:129,DAppControl.getCallConfig
FNDA:16,DAppControl.getCallConfig
DA:130,16
FN:133,DAppControl.getDAppSignatory
FNDA:16,DAppControl.getDAppSignatory
DA:134,16
FNF:11
FNH:4
LF:11
LH:4
BRF:0
BRH:0
end_of_record
TN:
SF:src/contracts/examples/intents-example/SwapIntent.sol
FN:87,SwapIntentController.swap
FNDA:0,SwapIntentController.swap
DA:88,0
BRDA:88,0,0,-
BRDA:88,0,1,-
DA:89,0
BRDA:89,1,0,-
BRDA:89,1,1,-
DA:90,0
BRDA:90,2,0,-
BRDA:90,2,1,-
DA:92,0
DA:97,0
BRDA:97,3,0,-
BRDA:97,3,1,-
DA:101,0
DA:102,0
BRDA:102,4,0,-
BRDA:102,4,1,-
DA:103,0
DA:106,0
DA:107,0
BRDA:107,5,0,-
BRDA:107,5,1,-
DA:108,0
DA:111,0
BRDA:111,6,0,-
BRDA:111,6,1,-
DA:117,0
DA:118,0
BRDA:116,7,0,-
BRDA:116,7,1,-
DA:120,0
BRDA:120,8,0,-
BRDA:120,8,1,-
DA:121,0
DA:122,0
DA:124,0
DA:125,0
BRDA:125,9,0,-
BRDA:125,9,1,-
DA:126,0
DA:132,0
DA:141,0
BRDA:141,10,0,-
BRDA:141,10,1,-
DA:143,0
BRDA:143,11,0,-
BRDA:143,11,1,-
DA:145,0
DA:146,0
DA:147,0
DA:148,0
DA:150,0
DA:151,0
DA:154,0
BRDA:154,12,0,-
BRDA:154,12,1,-
DA:157,0
DA:162,0
FN:169,SwapIntentController._preSolverCall
FNDA:0,SwapIntentController._preSolverCall
DA:170,0
DA:171,0
BRDA:171,13,0,-
BRDA:171,13,1,-
DA:172,0
DA:175,0
DA:178,0
DA:182,0
FN:186,SwapIntentController._postSolverCall
FNDA:0,SwapIntentController._postSolverCall
DA:187,0
DA:189,0
DA:191,0
DA:193,0
BRDA:193,14,0,-
BRDA:193,14,1,-
DA:196,0
BRDA:196,15,0,-
BRDA:196,15,1,-
DA:197,0
DA:199,0
DA:201,0
DA:203,0
FN:209,SwapIntentController._allocateValueCall
FNDA:0,SwapIntentController._allocateValueCall
DA:213,0
BRDA:213,16,0,-
BRDA:213,16,1,-
DA:214,0
DA:216,0
FN:225,SwapIntentController.getBidFormat
FNDA:0,SwapIntentController.getBidFormat
DA:230,0
DA:232,0
FN:235,SwapIntentController.getBidValue
FNDA:0,SwapIntentController.getBidValue
DA:236,0
FNF:6
FNH:0
LF:53
LH:0
BRF:34
BRH:0
end_of_record
TN:
SF:src/contracts/examples/intents-example/V4SwapIntent.sol
FN:104,V4SwapIntentController.exactInputSingle
FNDA:0,V4SwapIntentController.exactInputSingle
DA:110,0
DA:118,0
FN:132,V4SwapIntentController.exactOutputSingle
FNDA:0,V4SwapIntentController.exactOutputSingle
DA:138,0
DA:146,0
FN:153,V4SwapIntentController._preSolverCall
FNDA:0,V4SwapIntentController._preSolverCall
DA:154,0
DA:155,0
BRDA:155,0,0,-
BRDA:155,0,1,-
DA:156,0
DA:159,0
DA:162,0
BRDA:162,1,0,-
BRDA:162,1,1,-
DA:164,0
DA:165,0
DA:168,0
DA:169,0
DA:177,0
FN:181,V4SwapIntentController._postSolverCall
FNDA:0,V4SwapIntentController._postSolverCall
DA:182,0
DA:184,0
DA:186,0
DA:187,0
DA:188,0
DA:194,0
BRDA:194,2,0,-
BRDA:194,2,1,-
DA:195,0
BRDA:195,3,0,-
BRDA:195,3,1,-
DA:196,0
DA:198,0
BRDA:198,4,0,-
BRDA:198,4,1,-
DA:199,0
DA:201,0
DA:202,0
BRDA:202,5,0,-
BRDA:202,5,1,-
DA:203,0
DA:207,0
DA:208,0
BRDA:208,6,0,-
BRDA:208,6,1,-
DA:209,0
DA:214,0
BRDA:214,7,0,-
BRDA:214,7,1,-
DA:217,0
DA:219,0
BRDA:219,8,0,-
BRDA:219,8,1,-
DA:220,0
DA:222,0
DA:224,0
DA:226,0
FN:232,V4SwapIntentController._allocateValueCall
FNDA:0,V4SwapIntentController._allocateValueCall
DA:236,0
BRDA:236,9,0,-
BRDA:236,9,1,-
DA:237,0
DA:239,0
FN:248,V4SwapIntentController.getBidFormat
FNDA:0,V4SwapIntentController.getBidFormat
DA:253,0
BRDA:253,10,0,-
BRDA:253,10,1,-
DA:255,0
DA:256,0
BRDA:256,11,0,-
BRDA:256,11,1,-
DA:258,0
FN:264,V4SwapIntentController.getBidValue
FNDA:0,V4SwapIntentController.getBidValue
DA:265,0
FNF:7
FNH:0
LF:45
LH:0
BRF:24
BRH:0
end_of_record
TN:
SF:src/contracts/examples/v2-example/SwapMath.sol
FN:9,SwapMath.getAmountIn
FNDA:0,SwapMath.getAmountIn
DA:18,0
DA:19,0
DA:20,0
FNF:1
FNH:0
LF:3
LH:0
BRF:0
BRH:0
end_of_record
TN:
SF:src/contracts/examples/v2-example/V2DAppControl.sol
FN:83,V2DAppControl._preOpsCall
FNDA:0,V2DAppControl._preOpsCall
DA:84,0
BRDA:84,0,0,-
BRDA:84,0,1,-
DA:86,0
DA:91,0
DA:93,0
DA:95,0
DA:96,0
DA:97,0
DA:98,0
DA:102,0
DA:108,0
DA:109,0
FN:114,V2DAppControl._allocateValueCall
FNDA:0,V2DAppControl._allocateValueCall
DA:119,0
DA:121,0
DA:123,0
DA:125,0
DA:126,0
DA:128,0
BRDA:128,1,0,-
BRDA:128,1,1,-
DA:129,0
DA:132,0
DA:136,0
DA:137,0
DA:139,0
FN:152,V2DAppControl.getBidFormat
FNDA:17,V2DAppControl.getBidFormat
DA:156,17
FN:159,V2DAppControl.getBidValue
FNDA:2,V2DAppControl.getBidValue
DA:160,2
FNF:4
FNH:2
LF:24
LH:2
BRF:4
BRH:0
end_of_record
TN:
SF:src/contracts/examples/v4-example/UniV4Hook.sol
FN:34,UniV4Hook.getHooksCalls
FNDA:0,UniV4Hook.getHooksCalls
DA:36,0
FN:48,UniV4Hook.beforeModifyPosition
FNDA:0,UniV4Hook.beforeModifyPosition
FN:61,UniV4Hook.beforeSwap
FNDA:0,UniV4Hook.beforeSwap
DA:76,0
BRDA:76,0,0,-
BRDA:76,0,1,-
DA:77,0
BRDA:77,1,0,-
BRDA:77,1,1,-
DA:79,0
DA:81,0
BRDA:81,2,0,-
BRDA:81,2,1,-
DA:86,0
BRDA:86,3,0,-
BRDA:86,3,1,-
DA:87,0
BRDA:87,4,0,-
BRDA:87,4,1,-
DA:97,0
BRDA:97,5,0,-
BRDA:97,5,1,-
DA:101,0
DA:109,0
BRDA:109,6,0,-
BRDA:109,6,1,-
DA:113,0
DA:121,0
FNF:3
FNH:0
LF:12
LH:0
BRF:14
BRH:0
end_of_record
TN:
SF:src/contracts/examples/v4-example/V4DAppControl.sol
FN:87,V4DAppControl._preOpsCall
FNDA:0,V4DAppControl._preOpsCall
DA:92,0
BRDA:92,0,0,-
BRDA:92,0,1,-
DA:94,0
BRDA:94,1,0,-
BRDA:94,1,1,-
DA:96,0
BRDA:96,2,0,-
BRDA:96,2,1,-
DA:100,0
BRDA:100,3,0,-
BRDA:100,3,1,-
DA:102,0
DA:103,0
DA:106,0
DA:109,0
DA:116,0
DA:127,0
BRDA:127,4,0,-
BRDA:127,4,1,-
DA:128,0
BRDA:128,5,0,-
BRDA:128,5,1,-
DA:131,0
DA:141,0
BRDA:141,6,0,-
BRDA:141,6,1,-
DA:149,0
FN:154,V4DAppControl._allocateValueCall
FNDA:0,V4DAppControl._allocateValueCall
DA:159,0
BRDA:159,7,0,-
BRDA:159,7,1,-
DA:161,0
DA:163,0
BRDA:163,8,0,-
BRDA:163,8,1,-
DA:164,0
DA:166,0
DA:170,0
DA:176,0
FN:179,V4DAppControl._postOpsCall
FNDA:0,V4DAppControl._postOpsCall
DA:184,0
BRDA:184,9,0,-
BRDA:184,9,1,-
DA:186,0
DA:188,0
DA:190,0
DA:192,0
DA:194,0
FN:198,V4DAppControl.setLock
FNDA:0,V4DAppControl.setLock
DA:203,0
DA:207,0
BRDA:207,10,0,-
BRDA:207,10,1,-
DA:208,0
BRDA:208,11,0,-
BRDA:208,11,1,-
DA:209,0
BRDA:209,12,0,-
BRDA:209,12,1,-
DA:210,0
BRDA:210,13,0,-
BRDA:210,13,1,-
DA:213,0
FN:216,V4DAppControl.releaseLock
FNDA:0,V4DAppControl.releaseLock
DA:221,0
DA:225,0
BRDA:225,14,0,-
BRDA:225,14,1,-
DA:226,0
BRDA:226,15,0,-
BRDA:226,15,1,-
DA:227,0
BRDA:227,16,0,-
BRDA:227,16,1,-
DA:228,0
BRDA:228,17,0,-
BRDA:228,17,1,-
DA:231,0
FN:236,V4DAppControl.getBidFormat
FNDA:0,V4DAppControl.getBidFormat
DA:241,0
DA:244,0
FN:247,V4DAppControl.getBidValue
FNDA:0,V4DAppControl.getBidValue
DA:248,0
FNF:7
FNH:0
LF:42
LH:0
BRF:36
BRH:0
end_of_record
TN:
SF:src/contracts/helpers/Simulator.sol
FN:42,Simulator.setAtlas
FNDA:16,Simulator.setAtlas
DA:43,16
BRDA:43,0,0,-
BRDA:43,0,1,-
DA:44,16
FN:47,Simulator.simUserOperation
FNDA:2,Simulator.simUserOperation
DA:49,2
DA:51,2
DA:52,2
DA:54,2
FN:57,Simulator.simSolverCall
FNDA:0,Simulator.simSolverCall
DA:66,0
DA:67,0
DA:69,0
FN:72,Simulator.simSolverCalls
FNDA:2,Simulator.simSolverCalls
DA:81,2
BRDA:81,1,0,2
BRDA:81,1,1,-
DA:82,0
DA:84,2
FN:87,Simulator._errorCatcher
FNDA:4,Simulator._errorCatcher
DA:95,4
FN:124,Simulator.metacallSimulation
FNDA:4,Simulator.metacallSimulation
DA:132,4
BRDA:132,2,0,-
BRDA:132,2,1,-
DA:133,4
BRDA:133,3,0,-
BRDA:133,3,1,-
DA:134,0
DA:136,0
FN:141,Simulator.
FNDA:0,Simulator.
FNF:7
FNH:5
LF:17
LH:11
BRF:8
BRH:1
end_of_record
TN:
SF:src/contracts/helpers/Sorter.sol
FN:29,Sorter.sortBids
FNDA:1,Sorter.sortBids
DA:37,1
DA:39,1
DA:41,1
DA:43,1
DA:45,1
DA:47,1
DA:48,1
DA:50,3
DA:51,2
DA:53,2
DA:57,1
FN:60,Sorter._verifyBidFormat
FNDA:2,Sorter._verifyBidFormat
DA:61,2
BRDA:61,0,0,2
BRDA:61,0,1,-
DA:62,0
DA:65,2
FN:68,Sorter._verifySolverEligibility
FNDA:2,Sorter._verifySolverEligibility
DA:78,2
DA:79,2
BRDA:79,1,0,2
BRDA:79,1,1,-
DA:80,0
DA:85,2
DA:86,2
BRDA:86,2,0,2
BRDA:86,2,1,-
DA:87,0
DA:92,2
DA:93,2
BRDA:93,3,0,2
BRDA:93,3,1,-
DA:94,0
DA:98,2
BRDA:98,4,0,2
BRDA:98,4,1,-
DA:99,0
DA:103,2
BRDA:103,5,0,2
BRDA:103,5,1,-
DA:104,0
DA:107,2
FN:110,Sorter._getSortingData
FNDA:1,Sorter._getSortingData
DA:120,1
DA:122,1
DA:124,1
DA:125,1
DA:126,3
DA:127,2
BRDA:127,6,0,2
BRDA:127,6,1,-
DA:128,2
DA:131,0
DA:133,0
DA:137,2
DA:141,1
FN:144,Sorter._sort
FNDA:1,Sorter._sort
DA:153,1
DA:155,1
DA:156,1
DA:158,1
DA:159,1
DA:161,2
DA:163,1
DA:164,1
DA:167,3
DA:168,2
BRDA:168,7,0,2
BRDA:168,7,1,2
DA:169,2
BRDA:169,8,0,2
BRDA:169,8,1,2
DA:170,2
DA:172,2
BRDA:172,9,0,2
BRDA:172,9,1,2
DA:173,2
DA:177,2
DA:182,1
DA:183,1
DA:186,1
DA:189,1
DA:193,1
FNF:5
FNH:5
LF:59
LH:51
BRF:20
BRH:13
end_of_record
TN:
SF:src/contracts/helpers/TxBuilder.sol
FN:35,TxBuilder.governanceNextNonce
FNDA:4,TxBuilder.governanceNextNonce
DA:36,4
FN:39,TxBuilder.userNextNonce
FNDA:4,TxBuilder.userNextNonce
DA:40,4
FN:43,TxBuilder.getControlCodeHash
FNDA:0,TxBuilder.getControlCodeHash
DA:44,0
FN:47,TxBuilder.getBlockchainID
FNDA:0,TxBuilder.getBlockchainID
DA:48,0
FN:51,TxBuilder.buildUserOperation
FNDA:4,TxBuilder.buildUserOperation
DA:63,4
DA:64,4
FN:80,TxBuilder.buildSolverOperation
FNDA:5,TxBuilder.buildSolverOperation
DA:91,5
FN:108,TxBuilder.buildDAppOperation
FNDA:4,TxBuilder.buildDAppOperation
DA:117,4
DA:119,4
DA:120,4
DA:122,4
FNF:7
FNH:5
LF:11
LH:9
BRF:0
BRH:0
end_of_record
TN:
SF:src/contracts/helpers/Utilities.sol
FN:11,Utilities.getUsefulContractAddress
FNDA:0,Utilities.getUsefulContractAddress
DA:12,0
DA:13,0
DA:14,0
DA:15,0
DA:17,0
DA:18,0
BRDA:18,0,0,-
BRDA:18,0,1,-
DA:19,0
DA:21,0
FNF:1
FNH:0
LF:8
LH:0
BRF:2
BRH:0
end_of_record
TN:
SF:src/contracts/libraries/CallBits.sol
FN:11,CallBits.buildCallConfig
FNDA:16,CallBits.buildCallConfig
DA:12,16
DA:13,16
FN:16,CallBits.encodeCallConfig
FNDA:16,CallBits.encodeCallConfig
DA:17,16
BRDA:17,0,0,16
BRDA:17,0,1,-
DA:18,0
DA:20,16
BRDA:20,1,0,16
BRDA:20,1,1,16
DA:21,16
DA:23,16
BRDA:23,2,0,16
BRDA:23,2,1,-
DA:24,0
DA:26,16
BRDA:26,3,0,16
BRDA:26,3,1,-
DA:27,0
DA:29,16
BRDA:29,4,0,16
BRDA:29,4,1,-
DA:30,0
DA:32,16
BRDA:32,5,0,16
BRDA:32,5,1,-
DA:33,0
DA:35,16
BRDA:35,6,0,16
BRDA:35,6,1,-
DA:36,0
DA:38,16
BRDA:38,7,0,16
BRDA:38,7,1,-
DA:39,0
DA:41,16
BRDA:41,8,0,16
BRDA:41,8,1,-
DA:42,0
DA:44,16
BRDA:44,9,0,16
BRDA:44,9,1,16
DA:45,16
DA:47,16
BRDA:47,10,0,16
BRDA:47,10,1,-
DA:48,0
DA:50,16
BRDA:50,11,0,16
BRDA:50,11,1,16
DA:51,16
DA:53,16
BRDA:53,12,0,16
BRDA:53,12,1,16
DA:54,16
DA:56,16
BRDA:56,13,0,16
BRDA:56,13,1,16
DA:57,16
DA:59,16
BRDA:59,14,0,16
BRDA:59,14,1,16
DA:60,16
DA:62,16
BRDA:62,15,0,16
BRDA:62,15,1,-
DA:63,0
DA:65,16
BRDA:65,16,0,16
BRDA:65,16,1,-
DA:66,0
FN:70,CallBits.decodeCallConfig
FNDA:16,CallBits.decodeCallConfig
DA:71,16
FN:92,CallBits.needsSequencedNonces
FNDA:24,CallBits.needsSequencedNonces
DA:93,24
FN:96,CallBits.needsPreOpsCall
FNDA:28,CallBits.needsPreOpsCall
DA:97,28
FN:100,CallBits.needsPreOpsReturnData
FNDA:16,CallBits.needsPreOpsReturnData
DA:101,16
FN:104,CallBits.needsUserReturnData
FNDA:16,CallBits.needsUserReturnData
DA:105,16
FN:108,CallBits.needsDelegateUser
FNDA:16,CallBits.needsDelegateUser
DA:109,16
FN:112,CallBits.needsLocalUser
FNDA:16,CallBits.needsLocalUser
DA:113,16
FN:116,CallBits.needsPreSolver
FNDA:16,CallBits.needsPreSolver
DA:117,16
FN:120,CallBits.needsSolverPostCall
FNDA:16,CallBits.needsSolverPostCall
DA:121,16
FN:124,CallBits.needsPostOpsCall
FNDA:16,CallBits.needsPostOpsCall
DA:125,16
FN:128,CallBits.allowsZeroSolvers
FNDA:16,CallBits.allowsZeroSolvers
DA:129,16
FN:132,CallBits.allowsReuseUserOps
FNDA:18,CallBits.allowsReuseUserOps
DA:133,18
FN:136,CallBits.allowsUserAuctioneer
FNDA:20,CallBits.allowsUserAuctioneer
DA:137,20
FN:140,CallBits.allowsSolverAuctioneer
FNDA:20,CallBits.allowsSolverAuctioneer
DA:141,20
FN:144,CallBits.allowsUnknownAuctioneer
FNDA:20,CallBits.allowsUnknownAuctioneer
DA:145,20
FN:148,CallBits.verifyCallChainHash
FNDA:22,CallBits.verifyCallChainHash
DA:149,22
FN:152,CallBits.forwardReturnData
FNDA:16,CallBits.forwardReturnData
DA:153,16
FN:156,CallBits.needsFulfillment
FNDA:16,CallBits.needsFulfillment
DA:157,16
FNF:20
FNH:20
LF:54
LH:43
BRF:34
BRH:23
end_of_record
TN:
SF:src/contracts/libraries/CallVerification.sol
FN:11,CallVerification.getUserOperationHash
FNDA:17,CallVerification.getUserOperationHash
DA:12,17
FN:15,CallVerification.getCallChainHash
FNDA:10,CallVerification.getCallChainHash
DA:24,10
DA:25,10
BRDA:25,0,0,10
BRDA:25,0,1,10
DA:27,10
DA:38,10
DA:47,10
DA:48,10
DA:49,20
DA:50,10
DA:58,10
FNF:2
FNH:2
LF:10
LH:10
BRF:2
BRH:2
end_of_record
TN:
SF:src/contracts/libraries/EscrowBits.sol
FN:51,EscrowBits.canExecute
FNDA:0,EscrowBits.canExecute
DA:52,0
FN:55,EscrowBits.executionSuccessful
FNDA:0,EscrowBits.executionSuccessful
DA:56,0
FN:59,EscrowBits.executedWithError
FNDA:0,EscrowBits.executedWithError
DA:60,0
FN:63,EscrowBits.updateEscrow
FNDA:0,EscrowBits.updateEscrow
DA:64,0
FNF:4
FNH:0
LF:4
LH:0
BRF:0
BRH:0
end_of_record
TN:
SF:src/contracts/libraries/SafetyBits.sol
FN:78,SafetyBits.getCurrentExecutionPhase
FNDA:0,SafetyBits.getCurrentExecutionPhase
DA:80,0
DA:87,0
FN:90,SafetyBits.pack
FNDA:0,SafetyBits.pack
DA:91,0
FN:106,SafetyBits.holdDAppOperationLock
FNDA:0,SafetyBits.holdDAppOperationLock
DA:114,0
DA:115,0
DA:117,0
DA:119,0
FN:122,SafetyBits.setAllSolversFailed
FNDA:0,SafetyBits.setAllSolversFailed
DA:123,0
DA:124,0
DA:125,0
DA:126,0
FN:129,SafetyBits.allocationComplete
FNDA:0,SafetyBits.allocationComplete
DA:130,0
DA:131,0
DA:132,0
FN:135,SafetyBits.turnSolverLockPayments
FNDA:0,SafetyBits.turnSolverLockPayments
DA:143,0
DA:144,0
DA:145,0
DA:146,0
FN:149,SafetyBits.holdSolverLock
FNDA:0,SafetyBits.holdSolverLock
DA:150,0
DA:151,0
DA:152,0
FN:155,SafetyBits.holdUserLock
FNDA:0,SafetyBits.holdUserLock
DA:156,0
DA:157,0
DA:159,0
DA:161,0
FN:164,SafetyBits.holdPreOpsLock
FNDA:0,SafetyBits.holdPreOpsLock
DA:165,0
DA:166,0
DA:168,0
DA:170,0
FN:173,SafetyBits.initializeEscrowLock
FNDA:0,SafetyBits.initializeEscrowLock
DA:184,0
DA:185,0
DA:186,0
DA:187,0
DA:188,0
DA:189,0
FN:192,SafetyBits.turnSolverLock
FNDA:0,SafetyBits.turnSolverLock
DA:193,0
DA:194,0
DA:195,0
FNF:11
FNH:0
LF:38
LH:0
BRF:0
BRH:0
end_of_record
TN:
SF:src/contracts/solver/SolverBase.sol
FN:31,SolverBase.atlasSolverCall
FNDA:0,SolverBase.atlasSolverCall
DA:44,0
DA:46,0
BRDA:46,0,0,-
BRDA:46,0,1,-
FNF:1
FNH:0
LF:2
LH:0
BRF:2
BRH:0
end_of_record
TN:
SF:src/contracts/solver/src/BlindBackrun/BlindBackrun.sol
FN:46,BlindBackrun.executeArbitrage
FNDA:0,BlindBackrun.executeArbitrage
DA:54,0
BRDA:54,0,0,-
BRDA:54,0,1,-
DA:56,0
DA:57,0
DA:58,0
DA:62,0
DA:63,0
DA:65,0
DA:66,0
DA:68,0
DA:69,0
DA:71,0
BRDA:71,1,0,-
BRDA:71,1,1,-
DA:72,0
DA:73,0
DA:75,0
DA:76,0
DA:78,0
DA:79,0
DA:90,0
DA:91,0
DA:94,0
DA:96,0
BRDA:96,2,0,-
BRDA:96,2,1,-
FN:107,BlindBackrun.getAmountIn
FNDA:0,BlindBackrun.getAmountIn
DA:115,0
DA:116,0
DA:117,0
DA:118,0
DA:119,0
DA:120,0
DA:121,0
DA:122,0
DA:123,0
FN:129,BlindBackrun.getPairData
FNDA:0,BlindBackrun.getPairData
DA:130,0
DA:131,0
DA:133,0
DA:134,0
BRDA:134,3,0,-
BRDA:134,3,1,-
DA:135,0
DA:136,0
DA:138,0
DA:141,0
FN:147,BlindBackrun.sqrt
FNDA:0,BlindBackrun.sqrt
DA:148,0
BRDA:148,4,0,-
BRDA:148,4,1,-
DA:149,0
DA:150,0
DA:151,0
DA:152,0
DA:153,0
DA:155,0
FN:163,BlindBackrun.getAmountOut
FNDA:0,BlindBackrun.getAmountOut
DA:172,0
DA:173,0
DA:174,0
DA:175,0
DA:176,0
FN:181,BlindBackrun.withdrawWETHToOwner
FNDA:0,BlindBackrun.withdrawWETHToOwner
DA:182,0
DA:183,0
FN:188,BlindBackrun.withdrawETHToOwner
FNDA:0,BlindBackrun.withdrawETHToOwner
DA:189,0
DA:190,0
FN:199,BlindBackrun.call
FNDA:0,BlindBackrun.call
DA:200,0
DA:201,0
BRDA:201,5,0,-
BRDA:201,5,1,-
FNF:8
FNH:0
LF:56
LH:0
BRF:12
BRH:0
end_of_record
TN:
SF:test/Accounting.t.sol
FN:262,EvilRFQSolver.fulfillRFQ
FNDA:0,EvilRFQSolver.fulfillRFQ
DA:263,0
FN:231,HonestRFQSolver.fulfillRFQ
FNDA:0,HonestRFQSolver.fulfillRFQ
DA:232,0
DA:233,0
BRDA:233,0,0,-
BRDA:233,0,1,-
DA:237,0
BRDA:237,1,0,-
BRDA:237,1,1,-
DA:241,0
FN:251,HonestRFQSolver.
FNDA:0,HonestRFQSolver.
FNF:3
FNH:0
LF:5
LH:0
BRF:4
BRH:0
end_of_record
TN:
SF:test/Factory.t.sol
FN:14,MockFactory.getOrCreateExecutionEnvironment
FNDA:1,MockFactory.getOrCreateExecutionEnvironment
DA:18,1
FN:21,MockFactory.deployExecutionEnvironmentTemplate
FNDA:1,MockFactory.deployExecutionEnvironmentTemplate
DA:22,1
DA:23,1
FNF:2
FNH:2
LF:3
LH:3
BRF:0
BRH:0
end_of_record
TN:
SF:test/Permit69.t.sol
FN:275,MockAtlasForPermit69Tests.getExecutionPhaseOffset
FNDA:17,MockAtlasForPermit69Tests.getExecutionPhaseOffset
DA:276,17
FN:279,MockAtlasForPermit69Tests.getSafeUserTransfer
FNDA:1,MockAtlasForPermit69Tests.getSafeUserTransfer
DA:280,1
FN:283,MockAtlasForPermit69Tests.getSafeDAppTransfer
FNDA:1,MockAtlasForPermit69Tests.getSafeDAppTransfer
DA:284,1
FN:288,MockAtlasForPermit69Tests.setEscrowKey
FNDA:16,MockAtlasForPermit69Tests.setEscrowKey
DA:289,16
FN:292,MockAtlasForPermit69Tests.setEnvironment
FNDA:9,MockAtlasForPermit69Tests.setEnvironment
DA:293,9
FN:297,MockAtlasForPermit69Tests._verifyCallerIsExecutionEnv
FNDA:11,MockAtlasForPermit69Tests._verifyCallerIsExecutionEnv
DA:298,11
BRDA:298,0,0,9
BRDA:298,0,1,2
DA:299,2
FN:304,MockAtlasForPermit69Tests._getLockState
FNDA:0,MockAtlasForPermit69Tests._getLockState
DA:305,0
FNF:7
FNH:6
LF:8
LH:7
BRF:2
BRH:2
end_of_record
TN:
SF:test/SafetyLocks.t.sol
FN:15,MockSafetyLocks.initializeEscrowLock
FNDA:4,MockSafetyLocks.initializeEscrowLock
DA:23,4
FN:26,MockSafetyLocks.checkIfUnlocked
FNDA:4,MockSafetyLocks.checkIfUnlocked
DA:27,0
FN:30,MockSafetyLocks.buildEscrowLock
FNDA:2,MockSafetyLocks.buildEscrowLock
DA:40,2
FN:43,MockSafetyLocks.releaseEscrowLock
FNDA:2,MockSafetyLocks.releaseEscrowLock
DA:44,0
FN:47,MockSafetyLocks.setLock
FNDA:2,MockSafetyLocks.setLock
DA:48,2
FN:51,MockSafetyLocks.setClaims
FNDA:2,MockSafetyLocks.setClaims
DA:52,2
FN:55,MockSafetyLocks.setWithdrawals
FNDA:2,MockSafetyLocks.setWithdrawals
DA:56,2
FN:59,MockSafetyLocks.setDeposits
FNDA:2,MockSafetyLocks.setDeposits
DA:60,2
FNF:8
FNH:8
LF:8
LH:6
BRF:0
BRH:0
end_of_record
TN:
SF:test/Storage.t.sol
FN:62,MockStorageTests.getInitialChainId
FNDA:1,MockStorageTests.getInitialChainId
DA:63,1
FN:66,MockStorageTests.getInitialDomainSeparator
FNDA:1,MockStorageTests.getInitialDomainSeparator
DA:67,1
FN:70,MockStorageTests._computeDomainSeparator
FNDA:0,MockStorageTests._computeDomainSeparator
DA:71,0
FNF:3
FNH:2
LF:3
LH:2
BRF:0
BRH:0
end_of_record
TN:
SF:test/SwapIntent.t.sol
FN:359,UniswapIntentSolver.fulfillWithSwap
FNDA:0,UniswapIntentSolver.fulfillWithSwap
DA:361,0
BRDA:361,0,0,-
BRDA:361,0,1,-
DA:366,0
DA:367,0
DA:368,0
DA:371,0
DA:372,0
DA:381,0
FN:391,UniswapIntentSolver.
FNDA:0,UniswapIntentSolver.
FN:331,SimpleRFQSolver.fulfillRFQ
FNDA:0,SimpleRFQSolver.fulfillRFQ
DA:332,0
BRDA:332,0,0,-
BRDA:332,0,1,-
DA:336,0
BRDA:336,1,0,-
BRDA:336,1,1,-
DA:340,0
FN:350,SimpleRFQSolver.
FNDA:0,SimpleRFQSolver.
FN:398,UserCondition.enable
FNDA:0,UserCondition.enable
DA:399,0
FN:402,UserCondition.disable
FNDA:0,UserCondition.disable
DA:403,0
FN:406,UserCondition.isLessThanFive
FNDA:0,UserCondition.isLessThanFive
DA:407,0
FNF:7
FNH:0
LF:13
LH:0
BRF:6
BRH:0
end_of_record
TN:
SF:test/V2Helper.sol
FN:34,V2Helper._getTradeAmtAndDirection
FNDA:4,V2Helper._getTradeAmtAndDirection
DA:43,4
DA:45,4
DA:46,4
DA:48,4
BRDA:48,0,0,4
BRDA:48,0,1,-
DA:49,0
DA:53,4
DA:54,4
DA:55,4
FN:58,V2Helper.buildUserOperation
FNDA:4,V2Helper.buildUserOperation
DA:68,4
DA:70,4
DA:71,4
DA:72,4
DA:73,4
DA:74,4
DA:76,4
FN:81,V2Helper.buildV2SwapCalldata
FNDA:4,V2Helper.buildV2SwapCalldata
DA:90,4
FN:93,V2Helper.buildV2SolverOperationData
FNDA:5,V2Helper.buildV2SolverOperationData
DA:94,5
FNF:4
FNH:4
LF:17
LH:16
BRF:2
BRH:1
end_of_record
TN:
SF:test/base/BaseTest.t.sol
FN:62,BaseTest.setUp
FNDA:0,BaseTest.setUp
DA:63,0
DA:64,0
DA:65,0
DA:68,0
DA:69,0
DA:72,0
DA:74,0
DA:77,0
DA:79,0
DA:84,0
DA:86,0
DA:88,0
DA:89,0
DA:91,0
DA:92,0
DA:94,0
DA:95,0
DA:96,0
DA:98,0
DA:100,0
DA:102,0
DA:104,0
DA:105,0
DA:107,0
DA:108,0
DA:110,0
DA:112,0
DA:114,0
DA:115,0
DA:117,0
DA:119,0
DA:120,0
DA:122,0
DA:123,0
DA:125,0
DA:126,0
DA:128,0
DA:129,0
DA:130,0
DA:131,0
FNF:1
FNH:0
LF:40
LH:0
BRF:0
BRH:0
end_of_record
TN:
SF:test/base/DummyDAppControl.sol
FN:37,DummyDAppControl._preOpsCall
FNDA:0,DummyDAppControl._preOpsCall
FN:38,DummyDAppControl._allocateValueCall
FNDA:0,DummyDAppControl._allocateValueCall
FN:39,DummyDAppControl.getBidFormat
FNDA:1,DummyDAppControl.getBidFormat
FN:40,DummyDAppControl.getBidValue
FNDA:0,DummyDAppControl.getBidValue
FNF:4
FNH:1
LF:0
LH:0
BRF:0
BRH:0
end_of_record
TN:
SF:test/base/TestUtils.sol
FN:13,TestUtils.uint16ToBinaryString
FNDA:2,TestUtils.uint16ToBinaryString
DA:14,2
DA:16,2
BRDA:16,0,0,-
BRDA:16,0,1,-
DA:18,2
DA:20,2
DA:21,26
DA:22,26
BRDA:22,1,0,8
BRDA:22,1,1,2
DA:24,10
DA:25,8
DA:27,0
DA:29,24
DA:30,24
DA:32,2
FN:36,TestUtils.uint32ToBinaryString
FNDA:2,TestUtils.uint32ToBinaryString
DA:37,2
DA:39,2
BRDA:39,2,0,-
BRDA:39,2,1,-
DA:41,2
DA:43,2
DA:44,35
DA:45,35
BRDA:45,3,0,31
BRDA:45,3,1,2
DA:47,33
DA:48,31
DA:50,0
DA:52,33
DA:53,33
DA:55,2
FN:59,TestUtils.uint256ToBinaryString
FNDA:7,TestUtils.uint256ToBinaryString
DA:60,7
DA:62,7
DA:63,170
DA:64,170
BRDA:64,4,0,1629
BRDA:64,4,1,7
DA:66,1636
DA:67,1629
DA:69,0
DA:71,163
DA:72,163
DA:74,7
FN:77,TestUtils._getMimicCreationCode
FNDA:0,TestUtils._getMimicCreationCode
DA:89,0
FN:124,TestUtils.computeCallChainHash
FNDA:0,TestUtils.computeCallChainHash
DA:133,0
DA:134,0
BRDA:134,5,0,-
BRDA:134,5,1,-
DA:136,0
DA:147,0
DA:156,0
DA:157,0
DA:158,0
DA:159,0
DA:167,0
FNF:5
FNH:3
LF:44
LH:31
BRF:12
BRH:6
end_of_record
