TN:
SF:script/base/deploy-base.s.sol
FN:40,DeployBaseScript._getDeployChain
FNDA:0,DeployBaseScript._getDeployChain
DA:42,0
DA:44,0
DA:45,0
DA:46,0
BRDA:43,0,0,-
BRDA:43,0,1,-
DA:48,0
DA:50,0
FN:57,DeployBaseScript._getAddressFromDeploymentsJson
FNDA:0,DeployBaseScript._getAddressFromDeploymentsJson
DA:58,0
DA:59,0
DA:60,0
DA:63,0
DA:68,0
FN:71,DeployBaseScript._writeAddressToDeploymentsJson
FNDA:0,DeployBaseScript._writeAddressToDeploymentsJson
DA:72,0
DA:73,0
DA:76,0
DA:81,0
FN:84,DeployBaseScript._logTokenBalances
FNDA:0,DeployBaseScript._logTokenBalances
DA:85,0
DA:86,0
DA:87,0
DA:88,0
FNF:4
FNH:0
LF:19
LH:0
BRF:2
BRH:0
end_of_record
TN:
SF:script/deploy-atlas.s.sol
FN:19,DeployAtlasScript.run
FNDA:0,DeployAtlasScript.run
DA:20,0
DA:22,0
DA:24,0
DA:25,0
DA:27,0
DA:28,0
DA:29,0
DA:30,0
DA:31,0
DA:33,0
DA:35,0
DA:37,0
DA:45,0
DA:46,0
DA:47,0
DA:55,0
DA:64,0
DA:65,0
DA:67,0
DA:70,0
DA:71,0
BRDA:69,0,0,-
BRDA:69,0,1,-
DA:73,0
DA:77,0
BRDA:77,1,0,-
BRDA:77,1,1,-
DA:78,0
DA:80,0
BRDA:80,2,0,-
BRDA:80,2,1,-
DA:81,0
DA:83,0
BRDA:83,3,0,-
BRDA:83,3,1,-
DA:84,0
DA:86,0
BRDA:86,4,0,-
BRDA:86,4,1,-
DA:87,0
DA:89,0
BRDA:89,5,0,-
BRDA:89,5,1,-
DA:90,0
DA:93,0
DA:94,0
DA:95,0
DA:96,0
DA:97,0
DA:98,0
DA:100,0
DA:101,0
DA:102,0
DA:103,0
DA:104,0
DA:105,0
DA:106,0
DA:107,0
DA:108,0
FNF:1
FNH:0
LF:47
LH:0
BRF:12
BRH:0
end_of_record
TN:
SF:script/deploy-exec-env.s.sol
FN:14,DeployExecEnvScript.run
FNDA:0,DeployExecEnvScript.run
DA:15,0
DA:17,0
DA:19,0
DA:20,0
DA:21,0
DA:23,0
DA:25,0
DA:26,0
DA:28,0
DA:30,0
DA:31,0
DA:32,0
DA:33,0
FNF:1
FNH:0
LF:13
LH:0
BRF:0
BRH:0
end_of_record
TN:
SF:script/deploy-solver.s.sol
FN:12,DeploySimpleRFQSolverScript.run
FNDA:0,DeploySimpleRFQSolverScript.run
DA:13,0
DA:15,0
DA:16,0
DA:17,0
DA:18,0
DA:20,0
DA:21,0
DA:23,0
DA:25,0
DA:30,0
DA:32,0
DA:34,0
DA:35,0
DA:36,0
DA:37,0
FNF:1
FNH:0
LF:15
LH:0
BRF:0
BRH:0
end_of_record
TN:
SF:script/deploy-swap-intent-control.s.sol
FN:19,DeploySwapIntentControlScript.run
FNDA:0,DeploySwapIntentControlScript.run
DA:20,0
DA:21,0
DA:23,0
DA:24,0
DA:26,0
DA:27,0
DA:29,0
DA:31,0
DA:34,0
DA:37,0
DA:38,0
DA:40,0
DA:42,0
DA:44,0
DA:45,0
DA:46,0
DA:47,0
FNF:1
FNH:0
LF:17
LH:0
BRF:0
BRH:0
end_of_record
TN:
SF:script/deploy-tx-builder.s.sol
FN:19,DeployTxBuilderScript.run
FNDA:0,DeployTxBuilderScript.run
DA:20,0
DA:21,0
DA:23,0
DA:25,0
DA:26,0
DA:27,0
DA:29,0
DA:30,0
DA:31,0
DA:33,0
DA:35,0
DA:41,0
DA:43,0
DA:45,0
DA:46,0
DA:47,0
DA:48,0
FNF:1
FNH:0
LF:17
LH:0
BRF:0
BRH:0
end_of_record
TN:
SF:script/log-balances.s.sol
FN:11,LogDemoBalancesScript.run
FNDA:0,LogDemoBalancesScript.run
DA:15,0
DA:16,0
DA:17,0
DA:20,0
DA:21,0
DA:22,0
DA:25,0
DA:26,0
DA:29,0
DA:30,0
FNF:1
FNH:0
LF:10
LH:0
BRF:0
BRH:0
end_of_record
TN:
SF:script/solver-deposit.s.sol
FN:15,SolverAtlasDepositScript.run
FNDA:0,SolverAtlasDepositScript.run
DA:16,0
DA:18,0
DA:19,0
DA:21,0
DA:22,0
DA:24,0
DA:25,0
DA:27,0
DA:30,0
DA:32,0
DA:34,0
DA:35,0
FNF:1
FNH:0
LF:12
LH:0
BRF:0
BRH:0
end_of_record
TN:
SF:src/contracts/atlas/AtlETH.sol
FN:42,AtlETH.balanceOf
FNDA:16,AtlETH.balanceOf
DA:43,16
FN:46,AtlETH.nextAccountNonce
FNDA:6,AtlETH.nextAccountNonce
DA:47,6
FN:50,AtlETH.accountLastActiveBlock
FNDA:2,AtlETH.accountLastActiveBlock
DA:51,2
FN:55,AtlETH.deposit
FNDA:32,AtlETH.deposit
DA:56,0
DA:57,32
FN:61,AtlETH.withdraw
FNDA:1,AtlETH.withdraw
DA:62,0
DA:63,1
DA:65,1
BRDA:65,0,0,1
BRDA:65,0,1,-
DA:66,1
DA:67,1
FN:74,AtlETH.approve
FNDA:0,AtlETH.approve
DA:75,0
DA:76,0
DA:77,0
FN:80,AtlETH.transfer
FNDA:0,AtlETH.transfer
DA:81,0
DA:83,0
DA:87,0
DA:89,0
DA:90,0
FN:93,AtlETH.transferFrom
FNDA:0,AtlETH.transferFrom
DA:94,0
DA:96,0
DA:97,0
BRDA:97,1,0,-
BRDA:97,1,1,-
DA:98,0
DA:102,0
DA:104,0
DA:105,0
FN:108,AtlETH.permit
FNDA:0,AtlETH.permit
DA:119,0
BRDA:119,2,0,-
BRDA:119,2,1,-
DA:123,0
DA:146,0
BRDA:146,3,0,-
BRDA:146,3,1,-
DA:147,0
DA:149,0
FN:152,AtlETH.DOMAIN_SEPARATOR
FNDA:0,AtlETH.DOMAIN_SEPARATOR
DA:153,0
FN:156,AtlETH._computeDomainSeparator
FNDA:0,AtlETH._computeDomainSeparator
DA:157,0
FN:171,AtlETH._checkTransfersAllowed
FNDA:1,AtlETH._checkTransfersAllowed
DA:172,1
BRDA:172,4,0,1
BRDA:172,4,1,-
DA:173,0
FN:181,AtlETH._mint
FNDA:32,AtlETH._mint
DA:182,32
DA:186,32
DA:188,32
FN:191,AtlETH._burn
FNDA:1,AtlETH._burn
DA:192,1
DA:196,1
DA:198,1
FNF:14
FNH:8
LF:40
LH:15
BRF:10
BRH:2
end_of_record
TN:
SF:src/contracts/atlas/Atlas.sol
FN:43,Atlas.createExecutionEnvironment
FNDA:3,Atlas.createExecutionEnvironment
DA:44,3
DA:45,3
FN:48,Atlas.metacall
FNDA:5,Atlas.metacall
DA:57,5
DA:60,5
DA:63,5
DA:69,5
DA:70,5
BRDA:70,0,0,-
BRDA:70,0,1,-
DA:71,0
BRDA:71,1,0,-
BRDA:71,1,1,-
DA:72,0
DA:76,5
DA:78,5
DA:96,0
DA:98,5
FN:101,Atlas.execute
FNDA:5,Atlas.execute
DA:113,5
BRDA:113,2,0,5
BRDA:113,2,1,-
DA:116,5
DA:117,5
DA:120,5
FN:124,Atlas._execute
FNDA:5,Atlas._execute
DA:138,5
DA:139,5
DA:141,5
DA:143,5
BRDA:143,3,0,4
BRDA:143,3,1,1
DA:144,5
DA:145,5
DA:146,5
BRDA:146,4,0,4
BRDA:146,4,1,1
DA:147,5
BRDA:147,5,0,4
BRDA:147,5,1,1
DA:148,1
DA:152,0
DA:154,0
DA:155,0
DA:156,0
BRDA:156,6,0,-
BRDA:156,6,1,-
DA:157,0
BRDA:157,7,0,-
BRDA:157,7,1,-
DA:158,0
DA:161,0
BRDA:161,8,0,-
BRDA:161,8,1,-
DA:163,0
BRDA:163,9,0,-
BRDA:163,9,1,-
DA:164,0
DA:166,0
BRDA:166,10,0,-
BRDA:166,10,1,-
DA:167,0
DA:170,0
DA:172,0
BRDA:172,11,0,-
BRDA:172,11,1,-
DA:173,0
DA:176,0
BRDA:176,12,0,-
BRDA:176,12,1,-
DA:180,0
DA:185,0
BRDA:185,13,0,-
BRDA:185,13,1,-
DA:186,0
BRDA:186,14,0,-
BRDA:186,14,1,-
DA:187,0
BRDA:187,15,0,-
BRDA:187,15,1,-
DA:188,0
DA:190,0
DA:193,0
BRDA:193,16,0,-
BRDA:193,16,1,-
DA:194,0
DA:195,0
DA:196,0
BRDA:196,17,0,-
BRDA:196,17,1,-
DA:197,0
BRDA:197,18,0,-
BRDA:197,18,1,-
DA:198,0
DA:201,0
FN:204,Atlas._solverExecutionIteration
FNDA:0,Atlas._solverExecutionIteration
DA:216,0
DA:218,0
DA:221,0
BRDA:221,19,0,-
BRDA:221,19,1,-
DA:222,0
DA:223,0
DA:225,0
FN:228,Atlas._validCalls
FNDA:5,Atlas._validCalls
DA:241,5
DA:244,5
BRDA:244,20,0,1
BRDA:244,20,1,-
DA:245,1
BRDA:245,21,0,1
BRDA:245,21,1,-
DA:246,0
DA:250,1
BRDA:250,22,0,1
BRDA:250,22,1,-
DA:251,0
DA:256,5
BRDA:256,23,0,1
BRDA:256,23,1,-
DA:259,1
BRDA:259,24,0,1
BRDA:259,24,1,-
DA:260,0
DA:264,1
BRDA:264,25,0,1
BRDA:264,25,1,-
DA:265,0
DA:269,1
BRDA:269,26,0,1
BRDA:269,26,1,-
DA:270,0
DA:271,0
BRDA:271,27,0,-
BRDA:271,27,1,-
DA:272,0
DA:277,1
BRDA:277,28,0,1
BRDA:277,28,1,-
DA:279,0
DA:281,4
BRDA:281,29,0,-
BRDA:281,29,1,-
DA:285,0
BRDA:285,30,0,-
BRDA:285,30,1,-
DA:286,0
DA:287,0
BRDA:287,31,0,-
BRDA:287,31,1,-
DA:288,0
DA:293,0
BRDA:293,32,0,-
BRDA:293,32,1,-
DA:294,0
DA:295,0
BRDA:295,33,0,-
BRDA:295,33,1,-
DA:296,0
DA:301,0
BRDA:301,34,0,-
BRDA:301,34,1,-
DA:303,0
DA:305,4
BRDA:305,35,0,-
BRDA:305,35,1,-
DA:310,0
BRDA:310,36,0,-
BRDA:310,36,1,-
DA:311,0
DA:315,0
BRDA:315,37,0,-
BRDA:315,37,1,-
DA:316,0
DA:317,0
BRDA:317,38,0,-
BRDA:317,38,1,-
DA:318,0
DA:323,0
BRDA:323,39,0,-
BRDA:323,39,1,-
DA:325,0
DA:326,0
BRDA:324,40,0,-
BRDA:324,40,1,-
DA:328,0
DA:331,4
BRDA:331,41,0,4
BRDA:331,41,1,-
DA:335,4
BRDA:335,42,0,4
BRDA:335,42,1,-
DA:336,2
DA:337,2
BRDA:337,43,0,2
BRDA:337,43,1,-
DA:338,0
DA:343,4
BRDA:343,44,0,4
BRDA:343,44,1,-
DA:344,0
DA:345,0
BRDA:345,45,0,-
BRDA:345,45,1,-
DA:346,0
DA:351,4
BRDA:351,46,0,4
BRDA:351,46,1,-
DA:353,0
DA:356,0
DA:359,1
BRDA:359,47,0,5
BRDA:359,47,1,-
DA:360,0
DA:363,5
BRDA:363,48,0,-
BRDA:363,48,1,-
DA:364,0
DA:365,0
BRDA:365,49,0,-
BRDA:365,49,1,-
DA:366,0
DA:370,5
BRDA:370,50,0,2
BRDA:370,50,1,-
DA:371,2
DA:372,2
BRDA:372,51,0,2
BRDA:372,51,1,-
DA:373,0
DA:377,5
BRDA:377,52,0,5
BRDA:377,52,1,-
DA:378,0
DA:381,5
BRDA:381,53,0,-
BRDA:381,53,1,-
DA:382,0
BRDA:382,54,0,-
BRDA:382,54,1,-
DA:383,0
DA:386,5
FN:389,Atlas._handleErrors
FNDA:5,Atlas._handleErrors
DA:390,5
BRDA:390,55,0,-
BRDA:390,55,1,-
DA:392,4
BRDA:392,56,0,4
BRDA:392,56,1,-
DA:393,4
DA:394,0
BRDA:394,57,0,-
BRDA:394,57,1,-
DA:395,0
DA:396,0
BRDA:396,58,0,-
BRDA:396,58,1,-
DA:397,0
DA:398,0
BRDA:398,59,0,-
BRDA:398,59,1,-
DA:399,0
DA:402,1
BRDA:402,60,0,1
BRDA:402,60,1,-
DA:403,0
DA:405,1
BRDA:405,61,0,1
BRDA:405,61,1,-
DA:406,0
FN:410,Atlas._verifyCallerIsExecutionEnv
FNDA:0,Atlas._verifyCallerIsExecutionEnv
DA:412,0
DA:413,0
BRDA:411,62,0,-
BRDA:411,62,1,-
DA:415,0
FNF:8
FNH:6
LF:143
LH:53
BRF:126
BRH:27
end_of_record
TN:
SF:src/contracts/atlas/AtlasFactory.sol
FN:31,AtlasFactory.createExecutionEnvironment
FNDA:3,AtlasFactory.createExecutionEnvironment
DA:39,3
BRDA:39,0,0,-
BRDA:39,0,1,-
DA:40,3
FN:43,AtlasFactory.getExecutionEnvironment
FNDA:0,AtlasFactory.getExecutionEnvironment
DA:51,0
DA:52,0
DA:53,0
FN:56,AtlasFactory.getExecutionEnvironmentCustom
FNDA:5,AtlasFactory.getExecutionEnvironmentCustom
DA:66,5
FN:69,AtlasFactory.getMimicCreationCode
FNDA:0,AtlasFactory.getMimicCreationCode
DA:79,0
FN:86,AtlasFactory._deployExecutionEnvironmentTemplate
FNDA:0,AtlasFactory._deployExecutionEnvironmentTemplate
DA:87,0
DA:91,0
FN:94,AtlasFactory._setExecutionEnvironment
FNDA:3,AtlasFactory._setExecutionEnvironment
DA:102,3
DA:104,3
DA:106,3
DA:116,3
BRDA:116,1,0,3
BRDA:116,1,1,3
DA:117,3
DA:119,0
DA:122,3
FN:126,AtlasFactory._getExecutionEnvironment
FNDA:0,AtlasFactory._getExecutionEnvironment
DA:135,0
DA:136,0
FN:141,AtlasFactory._getExecutionEnvironmentCustom
FNDA:5,AtlasFactory._getExecutionEnvironmentCustom
DA:151,5
FN:169,AtlasFactory._getMimicCreationCode
FNDA:8,AtlasFactory._getMimicCreationCode
DA:179,8
DA:181,8
FNF:9
FNH:5
LF:21
LH:12
BRF:4
BRH:2
end_of_record
TN:
SF:src/contracts/atlas/AtlasVerification.sol
FN:37,AtlasVerification.verifySolverOp
FNDA:0,AtlasVerification.verifySolverOp
DA:48,0
BRDA:48,0,0,-
BRDA:48,0,1,-
DA:50,0
DA:52,0
DA:56,0
DA:57,0
FN:60,AtlasVerification.getSolverPayload
FNDA:4,AtlasVerification.getSolverPayload
DA:61,4
FN:64,AtlasVerification._verifySignature
FNDA:0,AtlasVerification._verifySignature
DA:65,0
DA:66,0
FN:71,AtlasVerification._verifySolverOperation
FNDA:0,AtlasVerification._verifySolverOperation
DA:81,0
BRDA:81,1,0,-
BRDA:81,1,1,-
DA:82,0
DA:85,0
BRDA:85,2,0,-
BRDA:85,2,1,-
DA:86,0
DA:87,0
BRDA:87,3,0,-
BRDA:87,3,1,-
DA:88,0
DA:92,0
DA:94,0
DA:97,0
BRDA:97,4,0,-
BRDA:97,4,1,-
DA:98,0
DA:100,0
DA:103,0
DA:106,0
DA:109,0
BRDA:109,5,0,-
BRDA:109,5,1,-
DA:111,0
DA:115,0
BRDA:115,6,0,-
BRDA:115,6,1,-
DA:116,0
DA:120,0
DA:123,0
FN:126,AtlasVerification._getSolverHash
FNDA:4,AtlasVerification._getSolverHash
DA:127,4
FN:148,AtlasVerification._solverOpPreCheck
FNDA:0,AtlasVerification._solverOpPreCheck
DA:159,0
BRDA:159,7,0,-
BRDA:159,7,1,-
DA:160,0
DA:163,0
BRDA:163,8,0,-
BRDA:163,8,1,-
DA:165,0
DA:168,0
BRDA:168,9,0,-
BRDA:168,9,1,-
DA:169,0
DA:172,0
FN:187,AtlasVerification.verifyDApp
FNDA:5,AtlasVerification.verifyDApp
DA:190,5
BRDA:190,10,0,3
BRDA:190,10,1,2
DA:191,2
DA:204,3
DA:208,3
DA:211,3
BRDA:211,11,0,3
BRDA:211,11,1,-
DA:212,0
DA:215,3
BRDA:215,12,0,3
BRDA:215,12,1,-
DA:216,0
DA:223,3
BRDA:223,13,0,3
BRDA:223,13,1,-
DA:224,0
DA:232,3
BRDA:232,14,0,3
BRDA:232,14,1,-
DA:233,0
DA:236,3
FN:239,AtlasVerification._handleNonces
FNDA:7,AtlasVerification._handleNonces
DA:240,7
BRDA:240,15,0,7
BRDA:240,15,1,-
DA:241,0
DA:244,7
BRDA:244,16,0,7
BRDA:244,16,1,-
DA:245,0
DA:248,7
DA:249,7
DA:251,7
DA:253,7
DA:255,7
DA:256,7
BRDA:256,17,0,7
BRDA:256,17,1,-
DA:257,0
DA:260,7
DA:261,7
DA:263,7
DA:264,7
BRDA:264,18,0,7
BRDA:264,18,1,7
DA:265,7
DA:269,7
DA:272,7
FN:275,AtlasVerification._updateNonceTracker
FNDA:7,AtlasVerification._updateNonceTracker
DA:285,7
DA:287,7
DA:288,7
DA:291,7
BRDA:291,19,0,7
BRDA:291,19,1,-
DA:292,7
BRDA:292,20,0,7
BRDA:292,20,1,-
DA:293,0
DA:296,7
BRDA:296,21,0,7
BRDA:296,21,1,-
DA:297,0
DA:301,7
BRDA:301,22,0,7
BRDA:301,22,1,-
DA:302,7
DA:304,7
BRDA:304,23,0,7
BRDA:304,23,1,7
DA:305,7
DA:306,7
DA:309,7
BRDA:309,24,0,7
BRDA:309,24,1,-
DA:310,7
DA:311,7
DA:314,7
BRDA:314,25,0,7
BRDA:314,25,1,7
DA:315,7
DA:321,7
FN:324,AtlasVerification._getProofHash
FNDA:6,AtlasVerification._getProofHash
DA:325,6
FN:342,AtlasVerification._verifyDAppSignature
FNDA:5,AtlasVerification._verifyDAppSignature
DA:343,5
BRDA:343,26,0,3
BRDA:343,26,1,2
DA:344,3
DA:346,3
FN:350,AtlasVerification.getDAppOperationPayload
FNDA:3,AtlasVerification.getDAppOperationPayload
DA:351,3
FN:354,AtlasVerification.getDomainSeparator
FNDA:0,AtlasVerification.getDomainSeparator
DA:355,0
FN:363,AtlasVerification.verifyUser
FNDA:4,AtlasVerification.verifyUser
DA:366,4
BRDA:366,27,0,4
BRDA:366,27,1,-
DA:367,0
DA:368,0
DA:371,4
BRDA:371,28,0,4
BRDA:371,28,1,-
DA:372,0
DA:373,0
DA:382,4
BRDA:382,29,0,4
BRDA:382,29,1,-
DA:383,0
DA:384,0
DA:387,4
FN:390,AtlasVerification._getProofHash
FNDA:6,AtlasVerification._getProofHash
DA:391,6
FN:408,AtlasVerification._verifyUserSignature
FNDA:4,AtlasVerification._verifyUserSignature
DA:409,4
BRDA:409,30,0,4
BRDA:409,30,1,-
DA:410,4
DA:412,4
FN:415,AtlasVerification.getUserOperationPayload
FNDA:2,AtlasVerification.getUserOperationPayload
DA:416,2
FN:419,AtlasVerification.getNextNonce
FNDA:6,AtlasVerification.getNextNonce
DA:420,6
DA:422,6
DA:423,6
DA:425,6
BRDA:425,31,0,3
BRDA:425,31,1,3
DA:426,3
DA:429,3
DA:431,3
DA:433,3
DA:435,3
FNF:18
FNH:13
LF:115
LH:66
BRF:64
BRH:28
end_of_record
TN:
SF:src/contracts/atlas/DAppIntegration.sol
FN:55,DAppIntegration.initializeGovernance
FNDA:13,DAppIntegration.initializeGovernance
DA:56,13
DA:58,13
BRDA:58,0,0,13
BRDA:58,0,1,-
DA:60,13
DA:62,13
BRDA:62,1,0,13
BRDA:62,1,1,-
DA:64,13
DA:66,13
DA:69,13
DA:71,13
FN:74,DAppIntegration.addSignatory
FNDA:0,DAppIntegration.addSignatory
DA:75,0
DA:77,0
BRDA:77,2,0,-
BRDA:77,2,1,-
DA:79,0
DA:81,0
BRDA:81,3,0,-
BRDA:81,3,1,-
DA:82,0
DA:85,0
DA:87,0
DA:89,0
FN:92,DAppIntegration.removeSignatory
FNDA:0,DAppIntegration.removeSignatory
DA:93,0
DA:95,0
BRDA:95,4,0,-
BRDA:95,4,1,-
DA:96,0
DA:99,0
DA:101,0
BRDA:101,5,0,-
BRDA:101,5,1,-
DA:103,0
FN:106,DAppIntegration.integrateDApp
FNDA:13,DAppIntegration.integrateDApp
DA:107,13
DA:109,13
BRDA:109,6,0,13
BRDA:109,6,1,-
DA:111,13
DA:113,13
DA:115,13
FN:118,DAppIntegration.disableDApp
FNDA:0,DAppIntegration.disableDApp
DA:119,0
DA:121,0
BRDA:121,7,0,-
BRDA:121,7,1,-
DA:123,0
DA:125,0
FN:128,DAppIntegration.initializeNonce
FNDA:16,DAppIntegration.initializeNonce
DA:129,16
BRDA:129,8,0,16
BRDA:129,8,1,16
DA:131,16
DA:133,16
DA:136,16
FN:140,DAppIntegration.getGovFromControl
FNDA:0,DAppIntegration.getGovFromControl
DA:141,0
DA:142,0
BRDA:142,9,0,-
BRDA:142,9,1,-
DA:143,0
FNF:7
FNH:3
LF:38
LH:17
BRF:20
BRH:5
end_of_record
TN:
SF:src/contracts/atlas/Escrow.sol
FN:50,Escrow._executePreOpsCall
FNDA:5,Escrow._executePreOpsCall
DA:58,5
DA:59,5
DA:60,5
DA:61,5
BRDA:61,0,0,5
BRDA:61,0,1,-
DA:62,0
FN:66,Escrow._executeUserOperation
FNDA:0,Escrow._executeUserOperation
DA:74,0
DA:75,0
DA:77,0
BRDA:77,1,0,-
BRDA:77,1,1,-
DA:78,0
DA:79,0
DA:81,0
DA:84,0
BRDA:84,2,0,-
BRDA:84,2,1,-
DA:85,0
FN:89,Escrow._executeSolverOperation
FNDA:0,Escrow._executeSolverOperation
DA:100,0
DA:102,0
DA:103,0
DA:104,0
DA:107,0
DA:111,0
BRDA:111,3,0,-
BRDA:111,3,1,-
DA:113,0
DA:115,0
BRDA:115,4,0,-
BRDA:115,4,1,-
DA:116,0
DA:121,0
DA:123,0
BRDA:123,5,0,-
BRDA:123,5,1,-
DA:125,0
DA:126,0
DA:128,0
DA:131,0
DA:132,0
BRDA:132,6,0,-
BRDA:132,6,1,-
DA:133,0
DA:136,0
DA:137,0
DA:140,0
BRDA:140,7,0,-
BRDA:140,7,1,-
DA:141,0
DA:145,0
DA:148,0
DA:150,0
FN:158,Escrow._allocateValue
FNDA:0,Escrow._allocateValue
DA:169,0
DA:172,0
DA:173,0
DA:174,0
BRDA:174,8,0,-
BRDA:174,8,1,-
DA:175,0
FN:179,Escrow._executePostOpsCall
FNDA:0,Escrow._executePostOpsCall
DA:187,0
DA:188,0
DA:189,0
FN:192,Escrow._update
FNDA:0,Escrow._update
DA:202,0
DA:204,0
BRDA:204,9,0,-
BRDA:204,9,1,-
DA:205,0
DA:206,0
BRDA:206,10,0,-
BRDA:206,10,1,-
DA:207,0
DA:208,0
BRDA:208,11,0,-
BRDA:208,11,1,-
DA:211,0
DA:214,0
BRDA:214,12,0,-
BRDA:214,12,1,-
DA:216,0
DA:218,0
DA:220,0
DA:223,0
DA:226,0
DA:227,0
BRDA:227,13,0,-
BRDA:227,13,1,-
DA:229,0
FN:235,Escrow._solverOpWrapper
FNDA:0,Escrow._solverOpWrapper
DA:248,0
DA:250,0
DA:254,0
DA:256,0
DA:258,0
BRDA:258,14,0,-
BRDA:258,14,1,-
DA:259,0
DA:261,0
DA:263,0
BRDA:263,15,0,-
BRDA:263,15,1,-
DA:264,0
DA:265,0
BRDA:265,16,0,-
BRDA:265,16,1,-
DA:266,0
DA:267,0
BRDA:267,17,0,-
BRDA:267,17,1,-
DA:268,0
DA:269,0
BRDA:269,18,0,-
BRDA:269,18,1,-
DA:270,0
DA:271,0
BRDA:271,19,0,-
BRDA:271,19,1,-
DA:272,0
DA:273,0
BRDA:273,20,0,-
BRDA:273,20,1,-
DA:274,0
DA:275,0
BRDA:275,21,0,-
BRDA:275,21,1,-
DA:276,0
DA:277,0
BRDA:277,22,0,-
BRDA:277,22,1,-
DA:278,0
DA:280,0
FN:286,Escrow.
FNDA:0,Escrow.
DA:287,0
FNF:8
FNH:1
LF:85
LH:4
BRF:46
BRH:1
end_of_record
TN:
SF:src/contracts/atlas/ExecutionEnvironment.sol
FN:82,ExecutionEnvironment.preOpsWrapper
FNDA:0,ExecutionEnvironment.preOpsWrapper
DA:92,0
DA:94,0
DA:95,0
DA:97,0
BRDA:97,0,0,-
BRDA:97,0,1,-
DA:99,0
DA:100,0
FN:103,ExecutionEnvironment.userWrapper
FNDA:0,ExecutionEnvironment.userWrapper
DA:115,0
DA:117,0
BRDA:117,1,0,-
BRDA:117,1,1,-
DA:119,0
DA:121,0
BRDA:121,2,0,-
BRDA:121,2,1,-
DA:122,0
DA:123,0
BRDA:123,3,0,-
BRDA:123,3,1,-
DA:128,0
DA:129,0
BRDA:129,4,0,-
BRDA:129,4,1,-
FN:133,ExecutionEnvironment.postOpsWrapper
FNDA:0,ExecutionEnvironment.postOpsWrapper
DA:141,0
DA:143,0
DA:144,0
DA:146,0
BRDA:146,5,0,-
BRDA:146,5,1,-
DA:147,0
BRDA:147,6,0,-
BRDA:147,6,1,-
FN:150,ExecutionEnvironment.solverMetaTryCatch
FNDA:0,ExecutionEnvironment.solverMetaTryCatch
DA:163,0
BRDA:163,7,0,-
BRDA:163,7,1,-
DA:165,0
DA:168,0
DA:169,0
DA:171,0
BRDA:171,8,0,-
BRDA:171,8,1,-
DA:172,0
DA:173,0
DA:176,0
DA:184,0
BRDA:184,9,0,-
BRDA:184,9,1,-
DA:185,0
DA:188,0
DA:191,0
BRDA:191,10,0,-
BRDA:191,10,1,-
DA:192,0
DA:194,0
DA:196,0
DA:198,0
BRDA:198,11,0,-
BRDA:198,11,1,-
DA:199,0
DA:202,0
DA:203,0
BRDA:203,12,0,-
BRDA:203,12,1,-
DA:204,0
DA:209,0
DA:218,0
BRDA:218,13,0,-
BRDA:218,13,1,-
DA:219,0
DA:223,0
BRDA:223,14,0,-
BRDA:223,14,1,-
DA:224,0
DA:226,0
DA:228,0
DA:230,0
DA:232,0
BRDA:232,15,0,-
BRDA:232,15,1,-
DA:233,0
DA:236,0
DA:237,0
BRDA:237,16,0,-
BRDA:237,16,1,-
DA:238,0
DA:243,0
DA:245,0
BRDA:245,17,0,-
BRDA:245,17,1,-
DA:246,0
DA:250,0
BRDA:250,18,0,-
BRDA:250,18,1,-
DA:251,0
FN:255,ExecutionEnvironment.allocateValue
FNDA:0,ExecutionEnvironment.allocateValue
DA:267,0
DA:269,0
BRDA:269,19,0,-
BRDA:269,19,1,-
DA:270,0
DA:272,0
DA:275,0
DA:277,0
DA:278,0
DA:280,0
DA:281,0
BRDA:281,20,0,-
BRDA:281,20,1,-
FN:287,ExecutionEnvironment.withdrawERC20
FNDA:0,ExecutionEnvironment.withdrawERC20
DA:288,0
BRDA:288,21,0,-
BRDA:288,21,1,-
DA:289,0
BRDA:289,22,0,-
BRDA:289,22,1,-
DA:291,0
BRDA:291,23,0,-
BRDA:291,23,1,-
DA:292,0
DA:294,0
FN:298,ExecutionEnvironment.factoryWithdrawERC20
FNDA:0,ExecutionEnvironment.factoryWithdrawERC20
DA:299,0
BRDA:299,24,0,-
BRDA:299,24,1,-
DA:300,0
BRDA:300,25,0,-
BRDA:300,25,1,-
DA:301,0
BRDA:301,26,0,-
BRDA:301,26,1,-
DA:303,0
BRDA:303,27,0,-
BRDA:303,27,1,-
DA:304,0
DA:306,0
FN:310,ExecutionEnvironment.withdrawEther
FNDA:0,ExecutionEnvironment.withdrawEther
DA:311,0
BRDA:311,28,0,-
BRDA:311,28,1,-
DA:312,0
BRDA:312,29,0,-
BRDA:312,29,1,-
DA:314,0
BRDA:314,30,0,-
BRDA:314,30,1,-
DA:315,0
DA:317,0
FN:321,ExecutionEnvironment.factoryWithdrawEther
FNDA:0,ExecutionEnvironment.factoryWithdrawEther
DA:322,0
BRDA:322,31,0,-
BRDA:322,31,1,-
DA:323,0
BRDA:323,32,0,-
BRDA:323,32,1,-
DA:324,0
BRDA:324,33,0,-
BRDA:324,33,1,-
DA:326,0
BRDA:326,34,0,-
BRDA:326,34,1,-
DA:327,0
DA:329,0
FN:333,ExecutionEnvironment.getUser
FNDA:0,ExecutionEnvironment.getUser
DA:334,0
FN:337,ExecutionEnvironment.getControl
FNDA:0,ExecutionEnvironment.getControl
DA:338,0
FN:341,ExecutionEnvironment.getConfig
FNDA:0,ExecutionEnvironment.getConfig
DA:342,0
FN:345,ExecutionEnvironment.getEscrow
FNDA:0,ExecutionEnvironment.getEscrow
DA:346,0
FN:351,ExecutionEnvironment.
FNDA:0,ExecutionEnvironment.
FNF:14
FNH:0
LF:92
LH:0
BRF:70
BRH:0
end_of_record
TN:
SF:src/contracts/atlas/GasAccounting.sol
FN:32,GasAccounting.validateBalances
FNDA:0,GasAccounting.validateBalances
DA:33,0
FN:36,GasAccounting.deposit
FNDA:0,GasAccounting.deposit
DA:37,0
DA:38,0
BRDA:38,0,0,-
BRDA:38,0,1,-
FN:41,GasAccounting.contribute
FNDA:0,GasAccounting.contribute
DA:42,0
DA:43,0
DA:44,0
BRDA:44,1,0,-
BRDA:44,1,1,-
FN:47,GasAccounting.contributeTo
FNDA:0,GasAccounting.contributeTo
DA:48,0
DA:51,0
BRDA:51,2,0,-
BRDA:51,2,1,-
FN:54,GasAccounting.requestFrom
FNDA:0,GasAccounting.requestFrom
DA:55,0
DA:58,0
BRDA:58,3,0,-
BRDA:58,3,1,-
FN:61,GasAccounting.finalize
FNDA:0,GasAccounting.finalize
DA:62,0
DA:63,0
DA:64,0
BRDA:64,4,0,-
BRDA:64,4,1,-
FN:67,GasAccounting.reconcile
FNDA:0,GasAccounting.reconcile
DA:76,0
DA:79,0
BRDA:79,5,0,-
BRDA:79,5,1,-
DA:80,0
FN:87,GasAccounting._updateSolverProxy
FNDA:0,GasAccounting._updateSolverProxy
DA:88,0
DA:91,0
BRDA:91,6,0,-
BRDA:91,6,1,-
FN:94,GasAccounting._checkSolverProxy
FNDA:0,GasAccounting._checkSolverProxy
DA:95,0
DA:98,0
BRDA:98,7,0,-
BRDA:98,7,1,-
DA:99,0
FN:102,GasAccounting._borrow
FNDA:0,GasAccounting._borrow
DA:103,0
DA:104,0
BRDA:104,8,0,-
BRDA:104,8,1,-
FN:107,GasAccounting._tradeCorrection
FNDA:0,GasAccounting._tradeCorrection
DA:108,0
DA:109,0
DA:110,0
BRDA:110,9,0,-
BRDA:110,9,1,-
FN:113,GasAccounting._use
FNDA:0,GasAccounting._use
DA:114,0
DA:115,0
DA:116,0
BRDA:116,10,0,-
BRDA:116,10,1,-
FN:119,GasAccounting._requestFrom
FNDA:0,GasAccounting._requestFrom
DA:120,0
DA:123,0
BRDA:123,11,0,-
BRDA:123,11,1,-
FN:126,GasAccounting._contributeTo
FNDA:0,GasAccounting._contributeTo
DA:127,0
DA:130,0
BRDA:130,12,0,-
BRDA:130,12,1,-
FN:133,GasAccounting._isInSurplus
FNDA:0,GasAccounting._isInSurplus
DA:134,0
DA:135,0
DA:136,0
BRDA:136,13,0,-
BRDA:136,13,1,-
DA:137,0
FN:140,GasAccounting._balance
FNDA:0,GasAccounting._balance
DA:149,0
DA:154,0
BRDA:154,14,0,-
BRDA:154,14,1,-
FN:157,GasAccounting._validParties
FNDA:0,GasAccounting._validParties
DA:158,0
DA:161,0
BRDA:161,15,0,-
BRDA:161,15,1,-
DA:162,0
FNF:17
FNH:0
LF:42
LH:0
BRF:32
BRH:0
end_of_record
TN:
SF:src/contracts/atlas/GasAccountingLib.sol
FN:41,GasAccountingLib.deposit
FNDA:0,GasAccountingLib.deposit
DA:42,0
BRDA:42,0,0,-
BRDA:42,0,1,-
DA:44,0
DA:46,0
DA:47,0
DA:49,0
BRDA:49,1,0,-
BRDA:49,1,1,-
DA:51,0
BRDA:51,2,0,-
BRDA:51,2,1,-
DA:53,0
DA:55,0
FN:63,GasAccountingLib.contributeTo
FNDA:0,GasAccountingLib.contributeTo
DA:64,0
BRDA:64,3,0,-
BRDA:64,3,1,-
DA:65,0
FN:68,GasAccountingLib.contribute
FNDA:0,GasAccountingLib.contribute
DA:69,0
BRDA:69,4,0,-
BRDA:69,4,1,-
DA:71,0
DA:73,0
DA:75,0
BRDA:75,5,0,-
BRDA:75,5,1,-
DA:77,0
BRDA:77,6,0,-
BRDA:77,6,1,-
DA:79,0
BRDA:79,7,0,-
BRDA:79,7,1,-
DA:80,0
BRDA:80,8,0,-
BRDA:80,8,1,-
DA:83,0
DA:84,0
DA:88,0
DA:89,0
DA:93,0
BRDA:93,9,0,-
BRDA:93,9,1,-
DA:95,0
FN:99,GasAccountingLib.requestFrom
FNDA:0,GasAccountingLib.requestFrom
DA:100,0
BRDA:100,10,0,-
BRDA:100,10,1,-
DA:101,0
FN:104,GasAccountingLib.borrow
FNDA:0,GasAccountingLib.borrow
DA:107,0
DA:109,0
BRDA:109,11,0,-
BRDA:109,11,1,-
DA:111,0
DA:112,0
DA:113,0
DA:115,0
FN:118,GasAccountingLib.tradeCorrection
FNDA:0,GasAccountingLib.tradeCorrection
DA:122,0
DA:124,0
BRDA:124,12,0,-
BRDA:124,12,1,-
DA:126,0
DA:127,0
DA:128,0
DA:130,0
FN:133,GasAccountingLib.use
FNDA:0,GasAccountingLib.use
DA:134,0
DA:136,0
BRDA:136,13,0,-
BRDA:136,13,1,-
DA:138,0
DA:140,0
BRDA:140,14,0,-
BRDA:140,14,1,-
DA:141,0
BRDA:141,15,0,-
BRDA:141,15,1,-
DA:142,0
DA:143,0
DA:145,0
DA:146,0
DA:147,0
DA:151,0
BRDA:151,16,0,-
BRDA:151,16,1,-
DA:152,0
BRDA:152,17,0,-
BRDA:152,17,1,-
DA:153,0
DA:154,0
DA:156,0
DA:157,0
DA:158,0
DA:163,0
BRDA:163,18,0,-
BRDA:163,18,1,-
DA:164,0
BRDA:164,19,0,-
BRDA:164,19,1,-
DA:165,0
DA:166,0
DA:168,0
DA:169,0
DA:170,0
DA:174,0
DA:175,0
DA:177,0
BRDA:177,20,0,-
BRDA:177,20,1,-
DA:178,0
DA:179,0
DA:180,0
DA:183,0
FN:186,GasAccountingLib.isInSurplus
FNDA:0,GasAccountingLib.isInSurplus
DA:187,0
DA:188,0
BRDA:188,21,0,-
BRDA:188,21,1,-
DA:190,0
DA:191,0
DA:192,0
DA:194,0
DA:195,0
DA:197,0
BRDA:197,22,0,-
BRDA:197,22,1,-
DA:199,0
DA:201,0
DA:204,0
DA:205,0
BRDA:205,23,0,-
BRDA:205,23,1,-
DA:207,0
DA:209,0
DA:212,0
DA:213,0
DA:214,0
DA:217,0
DA:221,0
DA:224,0
BRDA:224,24,0,-
BRDA:224,24,1,-
DA:227,0
BRDA:227,25,0,-
BRDA:227,25,1,-
DA:230,0
FN:233,GasAccountingLib.balance
FNDA:0,GasAccountingLib.balance
DA:242,0
DA:243,0
DA:245,0
DA:246,0
DA:247,0
DA:249,0
DA:251,0
DA:253,0
DA:257,0
DA:258,0
DA:259,0
DA:260,0
DA:261,0
DA:262,0
DA:263,0
DA:266,0
BRDA:266,26,0,-
BRDA:266,26,1,-
DA:267,0
DA:272,0
DA:276,0
BRDA:276,27,0,-
BRDA:276,27,1,-
DA:277,0
DA:281,0
DA:282,0
DA:283,0
DA:284,0
DA:285,0
DA:288,0
FN:291,GasAccountingLib.validParties
FNDA:0,GasAccountingLib.validParties
DA:292,0
FN:295,GasAccountingLib.checkSolverProxy
FNDA:0,GasAccountingLib.checkSolverProxy
DA:299,0
BRDA:299,28,0,-
BRDA:299,28,1,-
DA:300,0
DA:301,0
DA:304,0
BRDA:304,29,0,-
BRDA:304,29,1,-
DA:305,0
DA:309,0
BRDA:309,30,0,-
BRDA:309,30,1,-
DA:310,0
DA:317,0
BRDA:317,31,0,-
BRDA:317,31,1,-
DA:318,0
DA:319,0
BRDA:319,32,0,-
BRDA:319,32,1,-
DA:320,0
DA:323,0
DA:324,0
DA:326,0
DA:329,0
DA:330,0
DA:332,0
DA:333,0
DA:334,0
DA:336,0
DA:340,0
BRDA:340,33,0,-
BRDA:340,33,1,-
DA:341,0
DA:342,0
DA:345,0
BRDA:345,34,0,-
BRDA:345,34,1,-
DA:346,0
DA:350,0
BRDA:350,35,0,-
BRDA:350,35,1,-
DA:351,0
DA:358,0
BRDA:358,36,0,-
BRDA:358,36,1,-
DA:361,0
DA:362,0
DA:364,0
DA:367,0
DA:368,0
DA:370,0
DA:371,0
DA:372,0
DA:374,0
DA:378,0
FN:381,GasAccountingLib.updateSolverProxy
FNDA:0,GasAccountingLib.updateSolverProxy
DA:385,0
BRDA:385,37,0,-
BRDA:385,37,1,-
DA:386,0
DA:387,0
DA:390,0
DA:391,0
DA:393,0
BRDA:393,38,0,-
BRDA:393,38,1,-
DA:397,0
DA:398,0
DA:399,0
DA:401,0
DA:405,0
DA:406,0
DA:407,0
DA:409,0
DA:411,0
DA:412,0
DA:414,0
DA:418,0
BRDA:418,39,0,-
BRDA:418,39,1,-
DA:419,0
DA:420,0
DA:423,0
DA:424,0
DA:426,0
BRDA:426,40,0,-
BRDA:426,40,1,-
DA:430,0
DA:431,0
DA:432,0
DA:434,0
DA:438,0
DA:439,0
DA:440,0
DA:442,0
DA:444,0
DA:445,0
DA:447,0
FN:452,GasAccountingLib.finalize
FNDA:0,GasAccountingLib.finalize
DA:453,0
BRDA:453,41,0,-
BRDA:453,41,1,-
DA:454,0
BRDA:454,42,0,-
BRDA:454,42,1,-
DA:456,0
DA:457,0
DA:459,0
BRDA:459,43,0,-
BRDA:459,43,1,-
DA:461,0
BRDA:461,44,0,-
BRDA:461,44,1,-
DA:463,0
DA:465,0
BRDA:465,45,0,-
BRDA:465,45,1,-
DA:467,0
DA:468,0
DA:470,0
FN:473,GasAccountingLib.reconcile
FNDA:0,GasAccountingLib.reconcile
DA:485,0
BRDA:485,46,0,-
BRDA:485,46,1,-
DA:486,0
DA:489,0
DA:491,0
DA:492,0
BRDA:492,47,0,-
BRDA:492,47,1,-
DA:493,0
DA:496,0
BRDA:496,48,0,-
BRDA:496,48,1,-
DA:497,0
DA:498,0
DA:501,0
BRDA:501,49,0,-
BRDA:501,49,1,-
DA:502,0
DA:503,0
DA:504,0
DA:507,0
DA:509,0
BRDA:509,50,0,-
BRDA:509,50,1,-
DA:510,0
BRDA:510,51,0,-
BRDA:510,51,1,-
DA:511,0
DA:513,0
DA:516,0
DA:517,0
DA:520,0
BRDA:520,52,0,-
BRDA:520,52,1,-
DA:521,0
DA:524,0
DA:525,0
DA:526,0
FN:533,GasAccountingLib._contributeTo
FNDA:0,GasAccountingLib._contributeTo
DA:534,0
DA:535,0
BRDA:535,53,0,-
BRDA:535,53,1,-
DA:537,0
DA:538,0
BRDA:538,54,0,-
BRDA:538,54,1,-
DA:540,0
DA:542,0
DA:543,0
DA:544,0
DA:546,0
DA:547,0
FN:550,GasAccountingLib._requestFrom
FNDA:0,GasAccountingLib._requestFrom
DA:554,0
DA:555,0
BRDA:555,55,0,-
BRDA:555,55,1,-
DA:557,0
DA:558,0
BRDA:558,56,0,-
BRDA:558,56,1,-
DA:560,0
DA:562,0
DA:563,0
DA:565,0
DA:566,0
FN:569,GasAccountingLib._loadLedgers
FNDA:0,GasAccountingLib._loadLedgers
DA:574,0
DA:576,0
DA:577,0
DA:578,0
DA:580,0
DA:582,0
BRDA:582,57,0,-
BRDA:582,57,1,-
DA:584,0
DA:586,0
DA:589,0
DA:591,0
BRDA:591,58,0,-
BRDA:591,58,1,-
DA:593,0
BRDA:593,59,0,-
BRDA:593,59,1,-
DA:595,0
DA:596,0
DA:597,0
DA:600,0
DA:603,0
DA:606,0
DA:610,0
FN:613,GasAccountingLib._allocateGasRebate
FNDA:0,GasAccountingLib._allocateGasRebate
DA:625,0
DA:628,0
DA:630,0
DA:632,0
DA:633,0
DA:635,0
DA:636,0
DA:637,0
DA:639,0
BRDA:639,60,0,-
BRDA:639,60,1,-
DA:642,0
DA:645,0
DA:646,0
DA:647,0
DA:648,0
DA:649,0
DA:650,0
DA:651,0
DA:652,0
DA:653,0
DA:654,0
DA:655,0
DA:656,0
DA:659,0
BRDA:659,61,0,-
BRDA:659,61,1,-
DA:660,0
DA:663,0
FN:666,GasAccountingLib._balanceAgainstSelf
FNDA:0,GasAccountingLib._balanceAgainstSelf
DA:682,0
DA:717,0
BRDA:688,62,0,-
BRDA:688,62,1,-
BRDA:694,63,0,-
BRDA:694,63,1,-
BRDA:697,64,0,-
BRDA:697,64,1,-
DA:719,0
FN:722,GasAccountingLib._removeSurplusRequests
FNDA:0,GasAccountingLib._removeSurplusRequests
DA:740,0
DA:742,0
BRDA:742,65,0,-
BRDA:742,65,1,-
DA:744,0
DA:746,0
DA:749,0
DA:751,0
BRDA:751,66,0,-
BRDA:751,66,1,-
DA:752,0
BRDA:752,67,0,-
BRDA:752,67,1,-
DA:753,0
DA:754,0
DA:755,0
DA:757,0
DA:758,0
DA:759,0
DA:762,0
DA:765,0
DA:769,0
FN:772,GasAccountingLib._allocateSurplusContributions
FNDA:0,GasAccountingLib._allocateSurplusContributions
DA:790,0
DA:792,0
DA:819,0
BRDA:798,68,0,-
BRDA:798,68,1,-
BRDA:804,69,0,-
BRDA:804,69,1,-
BRDA:805,70,0,-
BRDA:805,70,1,-
DA:821,0
FN:824,GasAccountingLib._assignBalanceDeltas
FNDA:0,GasAccountingLib._assignBalanceDeltas
DA:834,0
DA:836,0
BRDA:836,71,0,-
BRDA:836,71,1,-
DA:838,0
DA:840,0
DA:843,0
DA:845,0
DA:846,0
DA:848,0
DA:849,0
DA:851,0
DA:852,0
BRDA:852,72,0,-
BRDA:852,72,1,-
DA:853,0
DA:854,0
DA:855,0
BRDA:855,73,0,-
BRDA:855,73,1,-
DA:856,0
DA:857,0
DA:860,0
BRDA:860,74,0,-
BRDA:860,74,1,-
DA:861,0
DA:862,0
DA:866,0
BRDA:866,75,0,-
BRDA:866,75,1,-
DA:867,0
DA:868,0
DA:871,0
DA:872,0
DA:875,0
FN:880,GasAccountingLib._consolePrint
FNDA:0,GasAccountingLib._consolePrint
DA:881,0
DA:882,0
BRDA:882,76,0,-
BRDA:882,76,1,-
DA:883,0
DA:884,0
DA:885,0
DA:886,0
DA:887,0
DA:890,0
DA:892,0
BRDA:892,77,0,-
BRDA:892,77,1,-
DA:893,0
DA:894,0
DA:895,0
DA:896,0
DA:897,0
DA:900,0
DA:901,0
DA:902,0
DA:903,0
DA:904,0
DA:905,0
DA:906,0
FN:911,GasAccountingLib._partyAddress
FNDA:0,GasAccountingLib._partyAddress
DA:922,0
DA:923,0
BRDA:923,78,0,-
BRDA:923,78,1,-
DA:924,0
BRDA:924,79,0,-
BRDA:924,79,1,-
DA:925,0
BRDA:925,80,0,-
BRDA:925,80,1,-
DA:926,0
BRDA:926,81,0,-
BRDA:926,81,1,-
DA:927,0
BRDA:927,82,0,-
BRDA:927,82,1,-
DA:928,0
FN:932,GasAccountingLib._partyName
FNDA:0,GasAccountingLib._partyName
DA:933,0
DA:934,0
BRDA:934,83,0,-
BRDA:934,83,1,-
DA:935,0
BRDA:935,84,0,-
BRDA:935,84,1,-
DA:936,0
BRDA:936,85,0,-
BRDA:936,85,1,-
DA:937,0
BRDA:937,86,0,-
BRDA:937,86,1,-
DA:938,0
BRDA:938,87,0,-
BRDA:938,87,1,-
DA:939,0
FN:942,GasAccountingLib._logInt64
FNDA:0,GasAccountingLib._logInt64
DA:943,0
BRDA:943,88,0,-
BRDA:943,88,1,-
DA:944,0
FN:947,GasAccountingLib._validParty
FNDA:0,GasAccountingLib._validParty
DA:948,0
DA:949,0
BRDA:949,89,0,-
BRDA:949,89,1,-
DA:950,0
DA:953,0
DA:955,0
BRDA:955,90,0,-
BRDA:955,90,1,-
DA:956,0
DA:957,0
DA:959,0
FN:962,GasAccountingLib._validParties
FNDA:0,GasAccountingLib._validParties
DA:963,0
DA:964,0
BRDA:964,91,0,-
BRDA:964,91,1,-
DA:965,0
DA:968,0
DA:969,0
DA:971,0
BRDA:971,92,0,-
BRDA:971,92,1,-
DA:972,0
DA:973,0
DA:975,0
FN:978,GasAccountingLib._getLedger
FNDA:0,GasAccountingLib._getLedger
DA:979,0
DA:986,0
DA:988,0
BRDA:988,93,0,-
BRDA:988,93,1,-
FN:995,GasAccountingLib._getActiveParties
FNDA:0,GasAccountingLib._getActiveParties
DA:996,0
DA:997,0
FN:1000,GasAccountingLib._saveActiveParties
FNDA:0,GasAccountingLib._saveActiveParties
DA:1001,0
FN:1005,GasAccountingLib._computeDomainSeparator
FNDA:0,GasAccountingLib._computeDomainSeparator
DA:1006,0
FNF:32
FNH:0
LF:396
LH:0
BRF:188
BRH:0
end_of_record
TN:
SF:src/contracts/atlas/Mimic.sol
FN:40,Mimic.
FNDA:0,Mimic.
DA:41,0
DA:50,0
BRDA:50,0,0,-
BRDA:50,0,1,-
DA:51,0
FNF:1
FNH:0
LF:3
LH:0
BRF:2
BRH:0
end_of_record
TN:
SF:src/contracts/atlas/SafetyLocks.sol
FN:38,SafetyLocks._initializeEscrowLock
FNDA:5,SafetyLocks._initializeEscrowLock
DA:46,5
DA:51,5
BRDA:51,0,0,5
BRDA:51,0,1,-
FN:132,SafetyLocks._buildEscrowLock
FNDA:5,SafetyLocks._buildEscrowLock
DA:143,5
BRDA:143,1,0,5
BRDA:143,1,1,-
DA:145,5
FN:150,SafetyLocks._releaseEscrowLock
FNDA:1,SafetyLocks._releaseEscrowLock
DA:151,1
DA:153,1
DA:155,5
FN:160,SafetyLocks._getActiveParties
FNDA:0,SafetyLocks._getActiveParties
DA:161,0
DA:162,0
FN:165,SafetyLocks._saveActiveParties
FNDA:0,SafetyLocks._saveActiveParties
DA:166,0
FN:169,SafetyLocks._checkIfUnlocked
FNDA:33,SafetyLocks._checkIfUnlocked
DA:170,33
BRDA:170,2,0,33
BRDA:170,2,1,-
FN:173,SafetyLocks.activeEnvironment
FNDA:0,SafetyLocks.activeEnvironment
DA:174,0
FNF:7
FNH:4
LF:12
LH:8
BRF:6
BRH:3
end_of_record
TN:
SF:src/contracts/atlas/SafetyLocksLib.sol
FN:39,SafetyLocksLib.initializeEscrowLock
FNDA:5,SafetyLocksLib.initializeEscrowLock
DA:48,0
DA:50,5
DA:51,5
DA:52,5
DA:54,5
DA:60,5
BRDA:60,0,0,-
BRDA:60,0,1,5
DA:61,0
DA:62,0
DA:64,5
BRDA:64,1,0,5
BRDA:64,1,1,-
DA:65,0
DA:66,0
DA:71,0
BRDA:71,2,0,5
BRDA:71,2,1,1
DA:73,1
DA:75,1
DA:79,5
DA:81,5
BRDA:81,3,0,-
BRDA:81,3,1,5
DA:82,0
DA:83,0
DA:91,5
DA:101,0
FN:108,SafetyLocksLib._checkIfUnlocked
FNDA:5,SafetyLocksLib._checkIfUnlocked
DA:109,5
BRDA:109,4,0,5
BRDA:109,4,1,-
FNF:2
FNH:2
LF:21
LH:12
BRF:10
BRH:6
end_of_record
TN:
SF:src/contracts/atlas/Storage.sol
FN:69,Storage._computeDomainSeparator
FNDA:0,Storage._computeDomainSeparator
FNF:1
FNH:0
LF:0
LH:0
BRF:0
BRH:0
end_of_record
TN:
SF:src/contracts/common/ExecutionBase.sol
FN:40,Base._onlyAtlasEnvironment
FNDA:0,Base._onlyAtlasEnvironment
DA:41,0
BRDA:41,0,0,-
BRDA:41,0,1,-
DA:42,0
DA:44,0
BRDA:44,1,0,-
BRDA:44,1,1,-
DA:45,0
DA:47,0
BRDA:47,2,0,-
BRDA:47,2,1,-
DA:48,0
DA:50,0
BRDA:50,3,0,-
BRDA:50,3,1,-
DA:51,0
FN:55,Base.forward
FNDA:0,Base.forward
DA:57,0
FN:60,Base._firstSet
FNDA:0,Base._firstSet
DA:61,0
FN:74,Base._secondSet
FNDA:0,Base._secondSet
DA:75,0
FN:78,Base.forwardSpecial
FNDA:0,Base.forwardSpecial
DA:80,0
FN:83,Base._firstSetSpecial
FNDA:0,Base._firstSetSpecial
DA:84,0
DA:85,0
DA:87,0
BRDA:87,4,0,-
BRDA:87,4,1,-
DA:88,0
BRDA:88,5,0,-
BRDA:88,5,1,-
DA:89,0
DA:93,0
FN:108,Base._controlCodeHash
FNDA:0,Base._controlCodeHash
DA:110,0
FN:114,Base._config
FNDA:0,Base._config
DA:116,0
FN:120,Base._control
FNDA:0,Base._control
DA:122,0
FN:126,Base._user
FNDA:0,Base._user
DA:128,0
FN:132,Base._depth
FNDA:0,Base._depth
DA:134,0
FN:138,Base._simulation
FNDA:0,Base._simulation
DA:140,0
FN:144,Base._gasRefund
FNDA:0,Base._gasRefund
DA:146,0
FN:150,Base._lockState
FNDA:0,Base._lockState
DA:152,0
FN:156,Base._callMax
FNDA:0,Base._callMax
DA:158,0
FN:162,Base._callIndex
FNDA:0,Base._callIndex
DA:164,0
FN:168,Base._paymentsComplete
FNDA:0,Base._paymentsComplete
DA:170,0
FN:174,Base._makingPayments
FNDA:0,Base._makingPayments
DA:176,0
FN:180,Base._approvedCaller
FNDA:0,Base._approvedCaller
DA:182,0
FN:186,Base._activeEnvironment
FNDA:0,Base._activeEnvironment
DA:187,0
FN:190,Base._partyAddress
FNDA:0,Base._partyAddress
DA:191,0
DA:193,0
BRDA:193,6,0,-
BRDA:193,6,1,-
DA:194,0
BRDA:194,7,0,-
BRDA:194,7,1,-
DA:196,0
DA:199,0
DA:201,0
BRDA:201,8,0,-
BRDA:201,8,1,-
DA:202,0
BRDA:202,9,0,-
BRDA:202,9,1,-
DA:204,0
DA:207,0
DA:213,0
FN:224,ExecutionBase._contribute
FNDA:0,ExecutionBase._contribute
DA:225,0
BRDA:225,0,0,-
BRDA:225,0,1,-
DA:226,0
BRDA:226,1,0,-
BRDA:226,1,1,-
DA:228,0
FN:232,ExecutionBase._deposit
FNDA:0,ExecutionBase._deposit
DA:233,0
BRDA:233,2,0,-
BRDA:233,2,1,-
DA:234,0
BRDA:234,3,0,-
BRDA:234,3,1,-
DA:236,0
FN:241,ExecutionBase._contributeTo
FNDA:0,ExecutionBase._contributeTo
DA:242,0
BRDA:242,4,0,-
BRDA:242,4,1,-
DA:243,0
BRDA:243,5,0,-
BRDA:243,5,1,-
DA:245,0
FN:250,ExecutionBase._requestFrom
FNDA:0,ExecutionBase._requestFrom
DA:251,0
BRDA:251,6,0,-
BRDA:251,6,1,-
DA:252,0
BRDA:252,7,0,-
BRDA:252,7,1,-
DA:254,0
FN:260,ExecutionBase._finalize
FNDA:0,ExecutionBase._finalize
DA:261,0
BRDA:261,8,0,-
BRDA:261,8,1,-
DA:263,0
DA:265,0
BRDA:265,9,0,-
BRDA:265,9,1,-
FN:268,ExecutionBase._transferUserERC20
FNDA:0,ExecutionBase._transferUserERC20
DA:269,0
BRDA:269,10,0,-
BRDA:269,10,1,-
DA:270,0
DA:272,0
FN:275,ExecutionBase._transferDAppERC20
FNDA:0,ExecutionBase._transferDAppERC20
DA:276,0
BRDA:276,11,0,-
BRDA:276,11,1,-
DA:277,0
DA:279,0
FN:282,ExecutionBase._availableFundsERC20
FNDA:0,ExecutionBase._availableFundsERC20
DA:292,0
DA:293,0
BRDA:293,12,0,-
BRDA:293,12,1,-
DA:294,0
DA:297,0
DA:298,0
DA:299,0
DA:301,0
BRDA:301,13,0,-
BRDA:301,13,1,-
DA:302,0
BRDA:302,14,0,-
BRDA:302,14,1,-
DA:303,0
DA:305,0
BRDA:305,15,0,-
BRDA:305,15,1,-
DA:306,0
DA:308,0
DA:309,0
BRDA:309,16,0,-
BRDA:309,16,1,-
DA:310,0
BRDA:310,17,0,-
BRDA:310,17,1,-
DA:311,0
DA:313,0
BRDA:313,18,0,-
BRDA:313,18,1,-
DA:314,0
DA:316,0
DA:318,0
FNF:29
FNH:0
LF:82
LH:0
BRF:58
BRH:0
end_of_record
TN:
SF:src/contracts/common/Permit69.sol
FN:43,Permit69._verifyCallerIsExecutionEnv
FNDA:0,Permit69._verifyCallerIsExecutionEnv
FN:46,Permit69.transferUserERC20
FNDA:5,Permit69.transferUserERC20
DA:60,5
DA:63,5
DA:66,5
FN:69,Permit69.transferDAppERC20
FNDA:6,Permit69.transferDAppERC20
DA:81,6
DA:84,6
DA:87,6
FN:90,Permit69.requestGasFrom
FNDA:0,Permit69.requestGasFrom
DA:92,0
BRDA:92,0,0,-
BRDA:92,0,1,-
DA:95,0
DA:97,0
FN:100,Permit69.contributeGasTo
FNDA:0,Permit69.contributeGasTo
DA:102,0
BRDA:102,1,0,-
BRDA:102,1,1,-
DA:105,0
DA:107,0
FN:110,Permit69._verifyLockState
FNDA:9,Permit69._verifyLockState
DA:111,9
BRDA:111,2,0,2
BRDA:111,2,1,7
DA:112,7
FNF:6
FNH:3
LF:14
LH:8
BRF:6
BRH:2
end_of_record
TN:
SF:src/contracts/dapp/ControlTemplate.sol
FN:42,DAppControlTemplate._preOpsCall
FNDA:0,DAppControlTemplate._preOpsCall
DA:43,0
FN:83,DAppControlTemplate._preSolverCall
FNDA:0,DAppControlTemplate._preSolverCall
DA:84,0
FN:105,DAppControlTemplate._postSolverCall
FNDA:0,DAppControlTemplate._postSolverCall
DA:106,0
FN:125,DAppControlTemplate._postOpsCall
FNDA:0,DAppControlTemplate._postOpsCall
DA:126,0
FNF:4
FNH:0
LF:4
LH:0
BRF:0
BRH:0
end_of_record
TN:
SF:src/contracts/dapp/DAppControl.sol
FN:52,DAppControl.preOpsCall
FNDA:0,DAppControl.preOpsCall
DA:59,0
FN:62,DAppControl.preSolverCall
FNDA:0,DAppControl.preSolverCall
DA:69,0
FN:72,DAppControl.postSolverCall
FNDA:0,DAppControl.postSolverCall
DA:79,0
FN:82,DAppControl.allocateValueCall
FNDA:0,DAppControl.allocateValueCall
DA:91,0
FN:94,DAppControl.postOpsCall
FNDA:0,DAppControl.postOpsCall
DA:101,0
FN:105,DAppControl.userDelegated
FNDA:0,DAppControl.userDelegated
DA:106,0
FN:109,DAppControl.requireSequencedNonces
FNDA:0,DAppControl.requireSequencedNonces
DA:110,0
FN:113,DAppControl.getDAppConfig
FNDA:9,DAppControl.getDAppConfig
DA:119,9
FN:122,DAppControl._getCallConfig
FNDA:13,DAppControl._getCallConfig
DA:123,13
FN:126,DAppControl.getCallConfig
FNDA:13,DAppControl.getCallConfig
DA:127,13
FN:130,DAppControl.getDAppSignatory
FNDA:13,DAppControl.getDAppSignatory
DA:131,13
FNF:11
FNH:4
LF:11
LH:4
BRF:0
BRH:0
end_of_record
TN:
SF:src/contracts/examples/intents-example/SwapIntent.sol
FN:86,SwapIntentController.swap
FNDA:0,SwapIntentController.swap
DA:87,0
BRDA:87,0,0,-
BRDA:87,0,1,-
DA:88,0
BRDA:88,1,0,-
BRDA:88,1,1,-
DA:89,0
BRDA:89,2,0,-
BRDA:89,2,1,-
DA:91,0
DA:96,0
BRDA:96,3,0,-
BRDA:96,3,1,-
DA:100,0
DA:101,0
BRDA:101,4,0,-
BRDA:101,4,1,-
DA:102,0
DA:105,0
DA:106,0
BRDA:106,5,0,-
BRDA:106,5,1,-
DA:107,0
DA:110,0
BRDA:110,6,0,-
BRDA:110,6,1,-
DA:116,0
DA:117,0
BRDA:115,7,0,-
BRDA:115,7,1,-
DA:119,0
BRDA:119,8,0,-
BRDA:119,8,1,-
DA:120,0
DA:121,0
DA:123,0
DA:124,0
BRDA:124,9,0,-
BRDA:124,9,1,-
DA:125,0
DA:131,0
DA:140,0
BRDA:140,10,0,-
BRDA:140,10,1,-
DA:142,0
BRDA:142,11,0,-
BRDA:142,11,1,-
DA:144,0
DA:145,0
DA:146,0
DA:147,0
DA:149,0
DA:150,0
DA:153,0
BRDA:153,12,0,-
BRDA:153,12,1,-
DA:156,0
DA:161,0
FN:168,SwapIntentController._preSolverCall
FNDA:0,SwapIntentController._preSolverCall
DA:169,0
DA:170,0
BRDA:170,13,0,-
BRDA:170,13,1,-
DA:171,0
DA:174,0
DA:177,0
DA:181,0
FN:185,SwapIntentController._postSolverCall
FNDA:0,SwapIntentController._postSolverCall
DA:186,0
DA:188,0
DA:190,0
DA:192,0
BRDA:192,14,0,-
BRDA:192,14,1,-
DA:195,0
BRDA:195,15,0,-
BRDA:195,15,1,-
DA:196,0
DA:198,0
DA:200,0
DA:202,0
FN:208,SwapIntentController._allocateValueCall
FNDA:0,SwapIntentController._allocateValueCall
DA:212,0
BRDA:212,16,0,-
BRDA:212,16,1,-
DA:213,0
DA:215,0
FN:224,SwapIntentController.getBidFormat
FNDA:0,SwapIntentController.getBidFormat
DA:229,0
DA:231,0
FN:234,SwapIntentController.getBidValue
FNDA:0,SwapIntentController.getBidValue
DA:235,0
FNF:6
FNH:0
LF:53
LH:0
BRF:34
BRH:0
end_of_record
TN:
SF:src/contracts/examples/v2-example/SwapMath.sol
FN:9,SwapMath.getAmountIn
FNDA:0,SwapMath.getAmountIn
DA:18,0
DA:19,0
DA:20,0
FNF:1
FNH:0
LF:3
LH:0
BRF:0
BRH:0
end_of_record
TN:
SF:src/contracts/examples/v2-example/V2DAppControl.sol
FN:82,V2DAppControl._preOpsCall
FNDA:0,V2DAppControl._preOpsCall
DA:83,0
BRDA:83,0,0,-
BRDA:83,0,1,-
DA:85,0
DA:90,0
DA:92,0
DA:94,0
DA:95,0
DA:96,0
DA:97,0
DA:101,0
DA:107,0
DA:108,0
FN:113,V2DAppControl._allocateValueCall
FNDA:0,V2DAppControl._allocateValueCall
DA:118,0
DA:120,0
DA:122,0
DA:124,0
DA:125,0
DA:127,0
BRDA:127,1,0,-
BRDA:127,1,1,-
DA:128,0
DA:131,0
DA:135,0
DA:136,0
DA:138,0
FN:151,V2DAppControl.getBidFormat
FNDA:14,V2DAppControl.getBidFormat
DA:155,14
FN:158,V2DAppControl.getBidValue
FNDA:2,V2DAppControl.getBidValue
DA:159,2
FNF:4
FNH:2
LF:24
LH:2
BRF:4
BRH:0
end_of_record
TN:
SF:src/contracts/examples/v4-example/UniV4Hook.sol
FN:34,UniV4Hook.getHooksCalls
FNDA:0,UniV4Hook.getHooksCalls
DA:36,0
FN:48,UniV4Hook.beforeModifyPosition
FNDA:0,UniV4Hook.beforeModifyPosition
FN:61,UniV4Hook.beforeSwap
FNDA:0,UniV4Hook.beforeSwap
DA:76,0
BRDA:76,0,0,-
BRDA:76,0,1,-
DA:77,0
BRDA:77,1,0,-
BRDA:77,1,1,-
DA:79,0
DA:81,0
BRDA:81,2,0,-
BRDA:81,2,1,-
DA:86,0
BRDA:86,3,0,-
BRDA:86,3,1,-
DA:87,0
BRDA:87,4,0,-
BRDA:87,4,1,-
DA:97,0
BRDA:97,5,0,-
BRDA:97,5,1,-
DA:101,0
DA:109,0
BRDA:109,6,0,-
BRDA:109,6,1,-
DA:113,0
DA:121,0
FNF:3
FNH:0
LF:12
LH:0
BRF:14
BRH:0
end_of_record
TN:
SF:src/contracts/examples/v4-example/V4DAppControl.sol
FN:86,V4DAppControl._preOpsCall
FNDA:0,V4DAppControl._preOpsCall
DA:91,0
BRDA:91,0,0,-
BRDA:91,0,1,-
DA:93,0
BRDA:93,1,0,-
BRDA:93,1,1,-
DA:95,0
BRDA:95,2,0,-
BRDA:95,2,1,-
DA:99,0
BRDA:99,3,0,-
BRDA:99,3,1,-
DA:101,0
DA:102,0
DA:105,0
DA:108,0
DA:115,0
DA:126,0
BRDA:126,4,0,-
BRDA:126,4,1,-
DA:127,0
BRDA:127,5,0,-
BRDA:127,5,1,-
DA:130,0
DA:140,0
BRDA:140,6,0,-
BRDA:140,6,1,-
DA:148,0
FN:153,V4DAppControl._allocateValueCall
FNDA:0,V4DAppControl._allocateValueCall
DA:158,0
BRDA:158,7,0,-
BRDA:158,7,1,-
DA:160,0
DA:162,0
BRDA:162,8,0,-
BRDA:162,8,1,-
DA:163,0
DA:165,0
DA:169,0
DA:175,0
FN:178,V4DAppControl._postOpsCall
FNDA:0,V4DAppControl._postOpsCall
DA:183,0
DA:185,0
DA:187,0
DA:189,0
DA:191,0
FN:195,V4DAppControl.setLock
FNDA:0,V4DAppControl.setLock
DA:200,0
DA:204,0
BRDA:204,9,0,-
BRDA:204,9,1,-
DA:205,0
BRDA:205,10,0,-
BRDA:205,10,1,-
DA:206,0
BRDA:206,11,0,-
BRDA:206,11,1,-
DA:207,0
BRDA:207,12,0,-
BRDA:207,12,1,-
DA:210,0
FN:213,V4DAppControl.releaseLock
FNDA:0,V4DAppControl.releaseLock
DA:218,0
DA:222,0
BRDA:222,13,0,-
BRDA:222,13,1,-
DA:223,0
BRDA:223,14,0,-
BRDA:223,14,1,-
DA:224,0
BRDA:224,15,0,-
BRDA:224,15,1,-
DA:225,0
BRDA:225,16,0,-
BRDA:225,16,1,-
DA:228,0
FN:233,V4DAppControl.getBidFormat
FNDA:0,V4DAppControl.getBidFormat
DA:238,0
DA:241,0
FN:244,V4DAppControl.getBidValue
FNDA:0,V4DAppControl.getBidValue
DA:245,0
FNF:7
FNH:0
LF:41
LH:0
BRF:34
BRH:0
end_of_record
TN:
SF:src/contracts/helpers/Simulator.sol
FN:42,Simulator.setAtlas
FNDA:13,Simulator.setAtlas
DA:43,13
BRDA:43,0,0,-
BRDA:43,0,1,-
DA:44,13
FN:47,Simulator.simUserOperation
FNDA:2,Simulator.simUserOperation
DA:49,2
DA:51,2
DA:52,2
DA:54,2
FN:57,Simulator.simSolverCall
FNDA:0,Simulator.simSolverCall
DA:66,0
DA:67,0
DA:69,0
FN:72,Simulator.simSolverCalls
FNDA:2,Simulator.simSolverCalls
DA:81,2
BRDA:81,1,0,2
BRDA:81,1,1,-
DA:82,0
DA:84,2
FN:87,Simulator._errorCatcher
FNDA:4,Simulator._errorCatcher
DA:95,4
FN:115,Simulator.metacallSimulation
FNDA:4,Simulator.metacallSimulation
DA:123,4
BRDA:123,2,0,-
BRDA:123,2,1,-
DA:124,4
BRDA:124,3,0,-
BRDA:124,3,1,-
DA:125,0
DA:127,0
FN:132,Simulator.
FNDA:0,Simulator.
FNF:7
FNH:5
LF:17
LH:11
BRF:8
BRH:1
end_of_record
TN:
SF:src/contracts/helpers/Sorter.sol
FN:29,Sorter.sortBids
FNDA:1,Sorter.sortBids
DA:37,1
DA:39,1
DA:41,1
DA:43,1
DA:45,1
DA:47,1
DA:48,1
DA:50,3
DA:51,2
DA:53,2
DA:57,1
FN:60,Sorter._verifyBidFormat
FNDA:2,Sorter._verifyBidFormat
DA:61,2
BRDA:61,0,0,2
BRDA:61,0,1,-
DA:62,0
DA:65,2
FN:68,Sorter._verifySolverEligibility
FNDA:2,Sorter._verifySolverEligibility
DA:78,2
DA:79,2
BRDA:79,1,0,2
BRDA:79,1,1,-
DA:80,0
DA:85,2
DA:86,2
BRDA:86,2,0,2
BRDA:86,2,1,-
DA:87,0
DA:92,2
DA:93,2
BRDA:93,3,0,2
BRDA:93,3,1,-
DA:94,0
DA:98,2
DA:99,2
BRDA:99,4,0,2
BRDA:99,4,1,-
DA:100,0
DA:104,2
BRDA:104,5,0,2
BRDA:104,5,1,-
DA:105,0
DA:109,2
BRDA:109,6,0,2
BRDA:109,6,1,-
DA:110,0
DA:113,2
FN:116,Sorter._getSortingData
FNDA:1,Sorter._getSortingData
DA:126,1
DA:128,1
DA:130,1
DA:131,1
DA:132,3
DA:133,2
BRDA:133,7,0,2
BRDA:133,7,1,-
DA:134,2
DA:137,0
DA:139,0
DA:143,2
DA:147,1
FN:150,Sorter._sort
FNDA:1,Sorter._sort
DA:159,1
DA:161,1
DA:162,1
DA:164,1
DA:165,1
DA:167,2
DA:169,1
DA:170,1
DA:173,3
DA:174,2
BRDA:174,8,0,2
BRDA:174,8,1,2
DA:175,2
BRDA:175,9,0,2
BRDA:175,9,1,2
DA:176,2
DA:178,2
BRDA:178,10,0,2
BRDA:178,10,1,2
DA:179,2
DA:183,2
DA:188,1
DA:189,1
DA:192,1
DA:195,1
DA:199,1
FNF:5
FNH:5
LF:62
LH:53
BRF:22
BRH:14
end_of_record
TN:
SF:src/contracts/helpers/TxBuilder.sol
FN:35,TxBuilder.solverNextNonce
FNDA:4,TxBuilder.solverNextNonce
DA:36,4
FN:39,TxBuilder.governanceNextNonce
FNDA:3,TxBuilder.governanceNextNonce
DA:40,3
FN:43,TxBuilder.userNextNonce
FNDA:3,TxBuilder.userNextNonce
DA:44,3
FN:47,TxBuilder.getControlCodeHash
FNDA:0,TxBuilder.getControlCodeHash
DA:48,0
FN:51,TxBuilder.getBlockchainID
FNDA:0,TxBuilder.getBlockchainID
DA:52,0
FN:55,TxBuilder.buildUserOperation
FNDA:3,TxBuilder.buildUserOperation
DA:67,3
DA:68,3
FN:83,TxBuilder.buildSolverOperation
FNDA:4,TxBuilder.buildSolverOperation
DA:94,4
FN:112,TxBuilder.buildDAppOperation
FNDA:3,TxBuilder.buildDAppOperation
DA:121,3
DA:123,3
DA:124,3
DA:126,3
FNF:8
FNH:6
LF:12
LH:10
BRF:0
BRH:0
end_of_record
TN:
SF:src/contracts/helpers/Utilities.sol
FN:11,Utilities.getUsefulContractAddress
FNDA:0,Utilities.getUsefulContractAddress
DA:12,0
DA:13,0
DA:14,0
DA:15,0
DA:17,0
DA:18,0
BRDA:18,0,0,-
BRDA:18,0,1,-
DA:19,0
DA:21,0
FNF:1
FNH:0
LF:8
LH:0
BRF:2
BRH:0
end_of_record
TN:
SF:src/contracts/libraries/CallBits.sol
FN:11,CallBits.buildCallConfig
FNDA:13,CallBits.buildCallConfig
DA:12,13
DA:13,13
FN:16,CallBits.encodeCallConfig
FNDA:13,CallBits.encodeCallConfig
DA:17,13
BRDA:17,0,0,13
BRDA:17,0,1,-
DA:18,0
DA:20,13
BRDA:20,1,0,13
BRDA:20,1,1,13
DA:21,13
DA:23,13
BRDA:23,2,0,13
BRDA:23,2,1,-
DA:24,0
DA:26,13
BRDA:26,3,0,13
BRDA:26,3,1,-
DA:27,0
DA:29,13
BRDA:29,4,0,13
BRDA:29,4,1,-
DA:30,0
DA:32,13
BRDA:32,5,0,13
BRDA:32,5,1,-
DA:33,0
DA:35,13
BRDA:35,6,0,13
BRDA:35,6,1,-
DA:36,0
DA:38,13
BRDA:38,7,0,13
BRDA:38,7,1,-
DA:39,0
DA:41,13
BRDA:41,8,0,13
BRDA:41,8,1,-
DA:42,0
DA:44,13
BRDA:44,9,0,13
BRDA:44,9,1,13
DA:45,13
DA:47,13
BRDA:47,10,0,13
BRDA:47,10,1,-
DA:48,0
DA:50,13
BRDA:50,11,0,13
BRDA:50,11,1,13
DA:51,13
DA:53,13
BRDA:53,12,0,13
BRDA:53,12,1,13
DA:54,13
DA:56,13
BRDA:56,13,0,13
BRDA:56,13,1,13
DA:57,13
DA:59,13
BRDA:59,14,0,13
BRDA:59,14,1,13
DA:60,13
DA:62,13
BRDA:62,15,0,13
BRDA:62,15,1,-
DA:63,0
FN:67,CallBits.decodeCallConfig
FNDA:13,CallBits.decodeCallConfig
DA:68,13
FN:88,CallBits.needsSequencedNonces
FNDA:20,CallBits.needsSequencedNonces
DA:89,20
FN:92,CallBits.needsPreOpsCall
FNDA:23,CallBits.needsPreOpsCall
DA:93,23
FN:96,CallBits.needsPreOpsReturnData
FNDA:13,CallBits.needsPreOpsReturnData
DA:97,13
FN:100,CallBits.needsUserReturnData
FNDA:13,CallBits.needsUserReturnData
DA:101,13
FN:104,CallBits.needsDelegateUser
FNDA:13,CallBits.needsDelegateUser
DA:105,13
FN:108,CallBits.needsLocalUser
FNDA:13,CallBits.needsLocalUser
DA:109,13
FN:112,CallBits.needsPreSolver
FNDA:13,CallBits.needsPreSolver
DA:113,13
FN:116,CallBits.needsSolverPostCall
FNDA:18,CallBits.needsSolverPostCall
DA:117,18
FN:120,CallBits.needsPostOpsCall
FNDA:13,CallBits.needsPostOpsCall
DA:121,13
FN:124,CallBits.allowsZeroSolvers
FNDA:18,CallBits.allowsZeroSolvers
DA:125,18
FN:128,CallBits.allowsReuseUserOps
FNDA:14,CallBits.allowsReuseUserOps
DA:129,14
FN:132,CallBits.allowsUserBundler
FNDA:14,CallBits.allowsUserBundler
DA:133,14
FN:136,CallBits.allowsSolverBundler
FNDA:13,CallBits.allowsSolverBundler
DA:137,13
FN:140,CallBits.verifySolverBundlerCallChainHash
FNDA:13,CallBits.verifySolverBundlerCallChainHash
DA:141,13
FN:144,CallBits.allowsUnknownBundler
FNDA:17,CallBits.allowsUnknownBundler
DA:145,17
FN:148,CallBits.forwardReturnData
FNDA:13,CallBits.forwardReturnData
DA:149,13
FNF:19
FNH:19
LF:51
LH:41
BRF:32
BRH:22
end_of_record
TN:
SF:src/contracts/libraries/CallVerification.sol
FN:11,CallVerification.getUserOperationHash
FNDA:14,CallVerification.getUserOperationHash
DA:12,14
FN:15,CallVerification.getCallChainHash
FNDA:8,CallVerification.getCallChainHash
DA:24,8
DA:25,8
BRDA:25,0,0,8
BRDA:25,0,1,8
DA:27,8
DA:38,8
DA:47,8
DA:48,8
DA:49,18
DA:50,10
DA:58,10
FNF:2
FNH:2
LF:10
LH:10
BRF:2
BRH:2
end_of_record
TN:
SF:src/contracts/libraries/EscrowBits.sol
FN:51,EscrowBits.canExecute
FNDA:0,EscrowBits.canExecute
DA:52,0
FN:55,EscrowBits.executionSuccessful
FNDA:0,EscrowBits.executionSuccessful
DA:56,0
FN:59,EscrowBits.executedWithError
FNDA:0,EscrowBits.executedWithError
DA:60,0
FN:63,EscrowBits.updateEscrow
FNDA:0,EscrowBits.updateEscrow
DA:64,0
FNF:4
FNH:0
LF:4
LH:0
BRF:0
BRH:0
end_of_record
TN:
SF:src/contracts/libraries/GasParties.sol
FN:10,PartyMath.toBit
FNDA:0,PartyMath.toBit
DA:11,0
FN:14,PartyMath.markActive
FNDA:0,PartyMath.markActive
DA:15,0
FN:18,PartyMath.markInactive
FNDA:0,PartyMath.markInactive
DA:19,0
FN:22,PartyMath.isActive
FNDA:0,PartyMath.isActive
DA:23,0
FN:26,PartyMath.isActive
FNDA:0,PartyMath.isActive
DA:27,0
FN:30,PartyMath.isInactive
FNDA:0,PartyMath.isInactive
DA:31,0
FN:34,PartyMath.isInactive
FNDA:0,PartyMath.isInactive
DA:35,0
FN:38,PartyMath._getLedgerFromMemory
FNDA:0,PartyMath._getLedgerFromMemory
DA:46,0
DA:53,0
FN:102,PartyMath.validContribution
FNDA:0,PartyMath.validContribution
DA:103,0
DA:104,0
DA:107,0
BRDA:107,0,0,-
BRDA:107,0,1,-
DA:108,0
BRDA:108,1,0,-
BRDA:108,1,1,-
DA:110,0
DA:113,0
DA:115,0
BRDA:115,2,0,-
BRDA:115,2,1,-
DA:117,0
DA:118,0
BRDA:118,3,0,-
BRDA:118,3,1,-
DA:120,0
DA:123,0
FN:127,PartyMath.validRequest
FNDA:0,PartyMath.validRequest
DA:128,0
DA:129,0
DA:132,0
BRDA:132,4,0,-
BRDA:132,4,1,-
DA:133,0
BRDA:133,5,0,-
BRDA:133,5,1,-
DA:135,0
DA:138,0
DA:140,0
BRDA:140,6,0,-
BRDA:140,6,1,-
DA:142,0
DA:143,0
BRDA:143,7,0,-
BRDA:143,7,1,-
DA:145,0
DA:148,0
FNF:10
FNH:0
LF:31
LH:0
BRF:16
BRH:0
end_of_record
TN:
SF:src/contracts/libraries/SafetyBits.sol
FN:78,SafetyBits.getCurrentExecutionPhase
FNDA:0,SafetyBits.getCurrentExecutionPhase
DA:79,0
DA:80,0
DA:87,0
FN:90,SafetyBits.pack
FNDA:0,SafetyBits.pack
DA:91,0
FN:106,SafetyBits.holdDAppOperationLock
FNDA:0,SafetyBits.holdDAppOperationLock
DA:114,0
DA:115,0
DA:117,0
DA:119,0
FN:122,SafetyBits.setAllSolversFailed
FNDA:0,SafetyBits.setAllSolversFailed
DA:123,0
DA:124,0
DA:125,0
DA:126,0
FN:129,SafetyBits.allocationComplete
FNDA:0,SafetyBits.allocationComplete
DA:130,0
DA:131,0
DA:132,0
FN:135,SafetyBits.turnSolverLockPayments
FNDA:0,SafetyBits.turnSolverLockPayments
DA:143,0
DA:144,0
DA:145,0
DA:146,0
FN:149,SafetyBits.holdSolverLock
FNDA:0,SafetyBits.holdSolverLock
DA:150,0
DA:151,0
DA:152,0
FN:155,SafetyBits.holdUserLock
FNDA:0,SafetyBits.holdUserLock
DA:156,0
DA:157,0
DA:159,0
DA:161,0
FN:164,SafetyBits.holdPreOpsLock
FNDA:0,SafetyBits.holdPreOpsLock
DA:165,0
DA:166,0
DA:168,0
DA:170,0
FN:173,SafetyBits.initializeEscrowLock
FNDA:0,SafetyBits.initializeEscrowLock
DA:184,0
DA:185,0
DA:186,0
DA:187,0
DA:188,0
DA:189,0
FN:192,SafetyBits.turnSolverLock
FNDA:0,SafetyBits.turnSolverLock
DA:193,0
DA:194,0
DA:195,0
FNF:11
FNH:0
LF:39
LH:0
BRF:0
BRH:0
end_of_record
TN:
SF:src/contracts/solver/SolverBase.sol
FN:31,SolverBase.atlasSolverCall
FNDA:0,SolverBase.atlasSolverCall
DA:44,0
DA:46,0
BRDA:46,0,0,-
BRDA:46,0,1,-
FNF:1
FNH:0
LF:2
LH:0
BRF:2
BRH:0
end_of_record
TN:
SF:src/contracts/solver/src/BlindBackrun/BlindBackrun.sol
FN:46,BlindBackrun.executeArbitrage
FNDA:0,BlindBackrun.executeArbitrage
DA:54,0
BRDA:54,0,0,-
BRDA:54,0,1,-
DA:56,0
DA:57,0
DA:58,0
DA:62,0
DA:63,0
DA:65,0
DA:66,0
DA:68,0
DA:69,0
DA:71,0
BRDA:71,1,0,-
BRDA:71,1,1,-
DA:72,0
DA:73,0
DA:75,0
DA:76,0
DA:78,0
DA:79,0
DA:90,0
DA:91,0
DA:94,0
DA:96,0
BRDA:96,2,0,-
BRDA:96,2,1,-
FN:107,BlindBackrun.getAmountIn
FNDA:0,BlindBackrun.getAmountIn
DA:115,0
DA:116,0
DA:117,0
DA:118,0
DA:119,0
DA:120,0
DA:121,0
DA:122,0
DA:123,0
FN:129,BlindBackrun.getPairData
FNDA:0,BlindBackrun.getPairData
DA:130,0
DA:131,0
DA:133,0
DA:134,0
BRDA:134,3,0,-
BRDA:134,3,1,-
DA:135,0
DA:136,0
DA:138,0
DA:141,0
FN:147,BlindBackrun.sqrt
FNDA:0,BlindBackrun.sqrt
DA:148,0
BRDA:148,4,0,-
BRDA:148,4,1,-
DA:149,0
DA:150,0
DA:151,0
DA:152,0
DA:153,0
DA:155,0
FN:163,BlindBackrun.getAmountOut
FNDA:0,BlindBackrun.getAmountOut
DA:172,0
DA:173,0
DA:174,0
DA:175,0
DA:176,0
FN:181,BlindBackrun.withdrawWETHToOwner
FNDA:0,BlindBackrun.withdrawWETHToOwner
DA:182,0
DA:183,0
FN:188,BlindBackrun.withdrawETHToOwner
FNDA:0,BlindBackrun.withdrawETHToOwner
DA:189,0
DA:190,0
FN:199,BlindBackrun.call
FNDA:0,BlindBackrun.call
DA:200,0
DA:201,0
BRDA:201,5,0,-
BRDA:201,5,1,-
FNF:8
FNH:0
LF:56
LH:0
BRF:12
BRH:0
end_of_record
TN:
SF:test/Accounting.t.sol
FN:226,HonestRFQSolver.fulfillRFQ
FNDA:0,HonestRFQSolver.fulfillRFQ
DA:227,0
DA:228,0
BRDA:228,0,0,-
BRDA:228,0,1,-
DA:232,0
BRDA:232,1,0,-
BRDA:232,1,1,-
DA:236,0
FN:246,HonestRFQSolver.
FNDA:0,HonestRFQSolver.
FN:257,EvilRFQSolver.fulfillRFQ
FNDA:0,EvilRFQSolver.fulfillRFQ
DA:258,0
FNF:3
FNH:0
LF:5
LH:0
BRF:4
BRH:0
end_of_record
TN:
SF:test/Factory.t.sol
FN:36,DummyDAppControl._preOpsCall
FNDA:0,DummyDAppControl._preOpsCall
FN:37,DummyDAppControl._allocateValueCall
FNDA:0,DummyDAppControl._allocateValueCall
FN:39,DummyDAppControl.getBidFormat
FNDA:0,DummyDAppControl.getBidFormat
FN:40,DummyDAppControl.getBidValue
FNDA:0,DummyDAppControl.getBidValue
FNF:4
FNH:0
LF:0
LH:0
BRF:0
BRH:0
end_of_record
TN:
SF:test/Permit69.t.sol
FN:278,MockAtlasForPermit69Tests.getExecutionPhaseOffset
FNDA:17,MockAtlasForPermit69Tests.getExecutionPhaseOffset
DA:279,17
FN:282,MockAtlasForPermit69Tests.getSafeUserTransfer
FNDA:1,MockAtlasForPermit69Tests.getSafeUserTransfer
DA:283,1
FN:286,MockAtlasForPermit69Tests.getSafeDAppTransfer
FNDA:1,MockAtlasForPermit69Tests.getSafeDAppTransfer
DA:287,1
FN:291,MockAtlasForPermit69Tests.setEscrowKey
FNDA:16,MockAtlasForPermit69Tests.setEscrowKey
DA:292,16
FN:295,MockAtlasForPermit69Tests.setEnvironment
FNDA:9,MockAtlasForPermit69Tests.setEnvironment
DA:296,9
FN:300,MockAtlasForPermit69Tests._verifyCallerIsExecutionEnv
FNDA:11,MockAtlasForPermit69Tests._verifyCallerIsExecutionEnv
DA:301,11
BRDA:301,0,0,9
BRDA:301,0,1,2
DA:302,2
FN:307,MockAtlasForPermit69Tests._getLockState
FNDA:0,MockAtlasForPermit69Tests._getLockState
DA:308,0
FNF:7
FNH:6
LF:8
LH:7
BRF:2
BRH:2
end_of_record
TN:
SF:test/SwapIntent.t.sol
FN:328,SimpleRFQSolver.fulfillRFQ
FNDA:0,SimpleRFQSolver.fulfillRFQ
DA:329,0
BRDA:329,0,0,-
BRDA:329,0,1,-
DA:333,0
BRDA:333,1,0,-
BRDA:333,1,1,-
DA:337,0
FN:347,SimpleRFQSolver.
FNDA:0,SimpleRFQSolver.
FN:395,UserCondition.enable
FNDA:0,UserCondition.enable
DA:396,0
FN:399,UserCondition.disable
FNDA:0,UserCondition.disable
DA:400,0
FN:403,UserCondition.isLessThanFive
FNDA:0,UserCondition.isLessThanFive
DA:404,0
FN:356,UniswapIntentSolver.fulfillWithSwap
FNDA:0,UniswapIntentSolver.fulfillWithSwap
DA:358,0
BRDA:358,0,0,-
BRDA:358,0,1,-
DA:363,0
DA:364,0
DA:365,0
DA:368,0
DA:369,0
DA:378,0
FN:388,UniswapIntentSolver.
FNDA:0,UniswapIntentSolver.
FNF:7
FNH:0
LF:13
LH:0
BRF:6
BRH:0
end_of_record
TN:
SF:test/V2Helper.sol
FN:34,V2Helper._getTradeAmtAndDirection
FNDA:3,V2Helper._getTradeAmtAndDirection
DA:43,3
DA:45,3
DA:46,3
DA:48,3
BRDA:48,0,0,3
BRDA:48,0,1,-
DA:49,0
DA:53,3
DA:54,3
DA:55,3
FN:58,V2Helper.buildUserOperation
FNDA:3,V2Helper.buildUserOperation
DA:68,3
DA:70,3
DA:71,3
DA:72,3
DA:73,3
DA:74,3
DA:76,3
FN:81,V2Helper.buildV2SwapCalldata
FNDA:3,V2Helper.buildV2SwapCalldata
DA:90,3
FN:93,V2Helper.buildV2SolverOperationData
FNDA:4,V2Helper.buildV2SolverOperationData
DA:94,4
FNF:4
FNH:4
LF:17
LH:16
BRF:2
BRH:1
end_of_record
TN:
SF:test/base/BaseTest.t.sol
FN:68,BaseTest.setUp
FNDA:0,BaseTest.setUp
DA:69,0
DA:70,0
DA:71,0
DA:74,0
DA:75,0
DA:78,0
DA:80,0
DA:83,0
DA:84,0
DA:85,0
DA:86,0
DA:88,0
DA:96,0
DA:97,0
DA:98,0
DA:106,0
DA:115,0
DA:117,0
DA:118,0
DA:120,0
DA:121,0
DA:123,0
DA:124,0
DA:125,0
DA:127,0
DA:129,0
DA:131,0
DA:133,0
DA:134,0
DA:136,0
DA:137,0
DA:139,0
DA:141,0
DA:143,0
DA:144,0
DA:146,0
DA:148,0
DA:149,0
DA:151,0
DA:152,0
DA:154,0
DA:155,0
DA:157,0
DA:158,0
DA:159,0
DA:160,0
FNF:1
FNH:0
LF:46
LH:0
BRF:0
BRH:0
end_of_record
TN:
SF:test/base/TestUtils.sol
FN:13,TestUtils.uint16ToBinaryString
FNDA:2,TestUtils.uint16ToBinaryString
DA:14,2
DA:16,2
BRDA:16,0,0,-
BRDA:16,0,1,-
DA:18,2
DA:20,2
DA:21,26
DA:22,26
BRDA:22,1,0,8
BRDA:22,1,1,2
DA:24,10
DA:25,8
DA:27,0
DA:29,24
DA:30,24
DA:32,2
FN:36,TestUtils.uint32ToBinaryString
FNDA:2,TestUtils.uint32ToBinaryString
DA:37,2
DA:39,2
BRDA:39,2,0,-
BRDA:39,2,1,-
DA:41,2
DA:43,2
DA:44,33
DA:45,33
BRDA:45,3,0,33
BRDA:45,3,1,2
DA:47,35
DA:48,33
DA:50,0
DA:52,31
DA:53,31
DA:55,2
FN:59,TestUtils.uint256ToBinaryString
FNDA:7,TestUtils.uint256ToBinaryString
DA:60,7
DA:62,7
DA:63,170
DA:64,170
BRDA:64,4,0,1629
BRDA:64,4,1,7
DA:66,1636
DA:67,1629
DA:69,0
DA:71,163
DA:72,163
DA:74,7
FN:111,TestUtils._getMimicCreationCode
FNDA:0,TestUtils._getMimicCreationCode
DA:123,0
FN:158,TestUtils.computeCallChainHash
FNDA:0,TestUtils.computeCallChainHash
DA:167,0
DA:168,0
BRDA:168,5,0,-
BRDA:168,5,1,-
DA:170,0
DA:181,0
DA:190,0
DA:191,0
DA:192,0
DA:193,0
DA:201,0
FNF:5
FNH:3
LF:44
LH:31
BRF:12
BRH:6
end_of_record
