TN:
SF:src/contracts/atlas/AtlETH.sol
FN:44,AtlETH.accountLastActiveBlock
FNDA:2,AtlETH.accountLastActiveBlock
DA:45,2
FN:48,AtlETH.balanceOf
FNDA:16,AtlETH.balanceOf
DA:49,16
DA:50,16
FN:54,AtlETH.deposit
FNDA:32,AtlETH.deposit
DA:56,32
FN:60,AtlETH.redeem
FNDA:1,AtlETH.redeem
DA:61,0
DA:62,1
DA:64,1
DA:66,1
DA:68,1
BRDA:68,0,0,1
BRDA:68,0,1,-
DA:70,1
DA:72,1
DA:73,1
DA:74,1
DA:76,1
DA:77,1
FN:81,AtlETH.withdraw
FNDA:1,AtlETH.withdraw
DA:82,0
DA:83,1
DA:85,1
DA:87,1
DA:88,1
FN:91,AtlETH.withdrawSurcharge
FNDA:0,AtlETH.withdrawSurcharge
DA:92,0
DA:94,0
BRDA:94,1,0,-
BRDA:94,1,1,-
DA:96,0
DA:99,0
FN:102,AtlETH._withdrawAccounting
FNDA:1,AtlETH._withdrawAccounting
DA:103,1
DA:104,1
DA:106,1
DA:108,1
BRDA:108,2,0,1
BRDA:108,2,1,-
DA:109,1
BRDA:109,3,0,1
BRDA:109,3,1,-
DA:111,1
DA:112,1
DA:114,1
DA:115,1
DA:117,1
DA:118,1
DA:121,1
FN:129,AtlETH.approve
FNDA:0,AtlETH.approve
DA:130,0
DA:131,0
DA:132,0
FN:138,AtlETH.transfer
FNDA:0,AtlETH.transfer
DA:139,0
DA:141,0
DA:143,0
DA:145,0
DA:146,0
FN:149,AtlETH.transferFrom
FNDA:0,AtlETH.transferFrom
DA:150,0
DA:152,0
DA:153,0
BRDA:153,4,0,-
BRDA:153,4,1,-
DA:155,0
DA:157,0
DA:159,0
DA:160,0
FN:229,AtlETH._checkTransfersAllowed
FNDA:2,AtlETH._checkTransfersAllowed
DA:230,2
BRDA:230,5,0,2
BRDA:230,5,1,-
DA:231,0
FN:239,AtlETH._mint
FNDA:32,AtlETH._mint
DA:240,32
DA:242,32
DA:244,32
FN:247,AtlETH._burn
FNDA:0,AtlETH._burn
DA:248,0
DA:252,0
DA:254,0
FNF:13
FNH:8
LF:59
LH:34
BRF:12
BRH:4
end_of_record
TN:
SF:src/contracts/atlas/Atlas.sol
FN:41,Atlas.createExecutionEnvironment
FNDA:3,Atlas.createExecutionEnvironment
DA:42,3
DA:43,3
FN:46,Atlas.metacall
FNDA:5,Atlas.metacall
DA:55,5
DA:58,5
DA:61,5
DA:68,5
DA:69,5
DA:72,5
BRDA:72,0,0,-
BRDA:72,0,1,-
DA:73,0
BRDA:73,1,0,-
BRDA:73,1,1,-
DA:74,0
DA:78,5
DA:80,5
DA:95,0
DA:97,5
FN:100,Atlas.execute
FNDA:5,Atlas.execute
DA:112,5
BRDA:112,2,0,5
BRDA:112,2,1,-
DA:115,5
DA:116,5
DA:119,5
FN:123,Atlas._execute
FNDA:5,Atlas._execute
DA:137,5
DA:139,5
DA:141,5
BRDA:141,3,0,-
BRDA:141,3,1,-
DA:142,5
DA:143,5
DA:144,5
BRDA:144,4,0,-
BRDA:144,4,1,-
DA:145,0
BRDA:145,5,0,-
BRDA:145,5,1,-
DA:146,0
DA:150,0
DA:152,0
DA:153,0
DA:154,0
BRDA:154,6,0,-
BRDA:154,6,1,-
DA:155,0
BRDA:155,7,0,-
BRDA:155,7,1,-
DA:156,0
DA:159,0
BRDA:159,8,0,-
BRDA:159,8,1,-
DA:161,0
BRDA:161,9,0,-
BRDA:161,9,1,-
DA:162,0
DA:164,0
BRDA:164,10,0,-
BRDA:164,10,1,-
DA:165,0
DA:168,0
DA:170,0
BRDA:170,11,0,-
BRDA:170,11,1,-
DA:171,0
DA:174,0
BRDA:174,12,0,-
BRDA:174,12,1,-
DA:178,0
DA:183,0
BRDA:183,13,0,-
BRDA:183,13,1,-
DA:184,0
BRDA:184,14,0,-
BRDA:184,14,1,-
DA:185,0
BRDA:185,15,0,-
BRDA:185,15,1,-
DA:186,0
DA:188,0
DA:191,0
BRDA:191,16,0,-
BRDA:191,16,1,-
DA:192,0
DA:193,0
DA:194,0
BRDA:194,17,0,-
BRDA:194,17,1,-
DA:195,0
BRDA:195,18,0,-
BRDA:195,18,1,-
DA:196,0
DA:199,0
FN:202,Atlas._solverExecutionIteration
FNDA:0,Atlas._solverExecutionIteration
DA:214,0
DA:216,0
DA:219,0
BRDA:219,19,0,-
BRDA:219,19,1,-
DA:220,0
DA:221,0
DA:223,0
FN:226,Atlas._handleErrors
FNDA:5,Atlas._handleErrors
DA:227,5
BRDA:227,20,0,4
BRDA:227,20,1,-
DA:229,4
BRDA:229,21,0,-
BRDA:229,21,1,4
DA:230,0
DA:231,4
BRDA:231,22,0,-
BRDA:231,22,1,4
DA:232,0
DA:233,4
BRDA:233,23,0,-
BRDA:233,23,1,4
DA:234,0
DA:235,4
BRDA:235,24,0,4
BRDA:235,24,1,-
DA:236,0
DA:239,5
BRDA:239,25,0,5
BRDA:239,25,1,-
DA:240,0
DA:242,5
BRDA:242,26,0,5
BRDA:242,26,1,-
DA:243,0
FN:247,Atlas._verifyCallerIsExecutionEnv
FNDA:0,Atlas._verifyCallerIsExecutionEnv
DA:249,0
DA:250,0
BRDA:248,27,0,-
BRDA:248,27,1,-
DA:252,0
FNF:7
FNH:5
LF:76
LH:28
BRF:56
BRH:8
end_of_record
TN:
SF:src/contracts/atlas/AtlasFactory.sol
FN:31,AtlasFactory.createExecutionEnvironment
FNDA:3,AtlasFactory.createExecutionEnvironment
DA:39,3
BRDA:39,0,0,-
BRDA:39,0,1,-
DA:40,3
FN:43,AtlasFactory.getExecutionEnvironment
FNDA:0,AtlasFactory.getExecutionEnvironment
DA:51,0
DA:52,0
DA:53,0
FN:56,AtlasFactory.getExecutionEnvironmentCustom
FNDA:5,AtlasFactory.getExecutionEnvironmentCustom
DA:66,5
FN:69,AtlasFactory.getMimicCreationCode
FNDA:0,AtlasFactory.getMimicCreationCode
DA:79,0
FN:86,AtlasFactory._deployExecutionEnvironmentTemplate
FNDA:0,AtlasFactory._deployExecutionEnvironmentTemplate
DA:87,0
DA:88,0
FN:91,AtlasFactory._setExecutionEnvironment
FNDA:3,AtlasFactory._setExecutionEnvironment
DA:99,3
DA:101,3
DA:103,3
DA:113,3
BRDA:113,1,0,3
BRDA:113,1,1,3
DA:114,3
DA:116,0
DA:119,3
FN:123,AtlasFactory._getExecutionEnvironment
FNDA:0,AtlasFactory._getExecutionEnvironment
DA:132,0
DA:133,0
FN:138,AtlasFactory._getExecutionEnvironmentCustom
FNDA:5,AtlasFactory._getExecutionEnvironmentCustom
DA:148,5
FN:166,AtlasFactory._getMimicCreationCode
FNDA:8,AtlasFactory._getMimicCreationCode
DA:176,8
DA:178,8
FNF:9
FNH:5
LF:21
LH:12
BRF:4
BRH:2
end_of_record
TN:
SF:src/contracts/atlas/AtlasVerification.sol
FN:40,AtlasVerification.validCalls
FNDA:5,AtlasVerification.validCalls
DA:56,5
BRDA:56,0,0,5
BRDA:56,0,1,-
DA:58,5
DA:59,5
DA:62,5
BRDA:62,1,0,1
BRDA:62,1,1,-
DA:65,1
BRDA:65,2,0,1
BRDA:65,2,1,-
DA:66,0
DA:70,1
BRDA:70,3,0,1
BRDA:70,3,1,-
DA:71,0
DA:75,1
BRDA:75,4,0,1
BRDA:75,4,1,-
DA:76,0
DA:80,1
BRDA:80,5,0,1
BRDA:80,5,1,-
DA:82,0
DA:84,4
BRDA:84,6,0,-
BRDA:84,6,1,-
DA:88,0
BRDA:88,7,0,-
BRDA:88,7,1,-
DA:89,0
DA:93,0
BRDA:93,8,0,-
BRDA:93,8,1,-
DA:94,0
DA:98,0
BRDA:98,9,0,-
BRDA:98,9,1,-
DA:100,0
DA:102,4
BRDA:102,10,0,-
BRDA:102,10,1,-
DA:107,0
BRDA:107,11,0,-
BRDA:107,11,1,-
DA:108,0
DA:112,0
BRDA:112,12,0,-
BRDA:112,12,1,-
DA:113,0
DA:117,0
BRDA:117,13,0,-
BRDA:117,13,1,-
DA:119,0
DA:120,0
BRDA:118,14,0,-
BRDA:118,14,1,-
DA:122,0
DA:125,4
BRDA:125,15,0,4
BRDA:125,15,1,-
DA:129,4
BRDA:129,16,0,4
BRDA:129,16,1,-
DA:130,0
DA:134,4
BRDA:134,17,0,4
BRDA:134,17,1,-
DA:135,0
DA:139,4
BRDA:139,18,0,4
BRDA:139,18,1,-
DA:141,0
DA:144,0
DA:147,5
BRDA:147,19,0,5
BRDA:147,19,1,-
DA:148,0
DA:151,5
BRDA:151,20,0,-
BRDA:151,20,1,-
DA:152,0
DA:153,0
BRDA:153,21,0,-
BRDA:153,21,1,-
DA:154,0
DA:158,5
BRDA:158,22,0,2
BRDA:158,22,1,-
DA:159,2
DA:160,2
BRDA:160,23,0,2
BRDA:160,23,1,-
DA:161,0
DA:166,5
BRDA:166,24,0,1
BRDA:166,24,1,4
DA:168,4
DA:171,1
BRDA:171,25,0,1
BRDA:171,25,1,-
DA:172,0
DA:176,1
BRDA:176,26,0,1
BRDA:176,26,1,-
DA:177,0
DA:180,1
BRDA:180,27,0,1
BRDA:180,27,1,-
DA:181,0
DA:185,1
DA:186,1
DA:188,1
DA:189,2
BRDA:189,28,0,2
BRDA:189,28,1,-
DA:192,2
DA:194,2
BRDA:194,29,0,2
BRDA:194,29,1,-
DA:196,0
DA:199,2
BRDA:199,30,0,2
BRDA:199,30,1,-
DA:201,0
DA:204,2
BRDA:204,31,0,2
BRDA:204,31,1,-
DA:205,0
DA:208,2
BRDA:208,32,0,2
BRDA:208,32,1,-
DA:209,0
DA:212,2
BRDA:212,33,0,2
BRDA:212,33,1,-
DA:213,0
DA:216,2
BRDA:216,34,0,2
BRDA:216,34,1,-
DA:217,0
DA:221,2
DA:223,2
DA:228,1
BRDA:228,35,0,1
BRDA:228,35,1,-
DA:229,0
DA:232,1
BRDA:232,36,0,1
BRDA:232,36,1,-
DA:233,0
DA:236,1
FN:241,AtlasVerification.getSolverPayload
FNDA:4,AtlasVerification.getSolverPayload
DA:242,4
FN:245,AtlasVerification._verifySignature
FNDA:2,AtlasVerification._verifySignature
DA:246,2
DA:247,2
FN:250,AtlasVerification._getSolverHash
FNDA:6,AtlasVerification._getSolverHash
DA:251,6
FN:282,AtlasVerification._verifyDApp
FNDA:5,AtlasVerification._verifyDApp
DA:294,5
DA:296,5
BRDA:296,37,0,5
BRDA:296,37,1,-
DA:297,0
DA:310,5
DA:314,5
DA:317,5
BRDA:317,38,0,2
BRDA:317,38,1,-
DA:318,2
DA:319,2
BRDA:319,39,0,2
BRDA:319,39,1,-
DA:320,0
DA:324,5
BRDA:324,40,0,5
BRDA:324,40,1,-
DA:325,0
DA:332,5
BRDA:332,41,0,5
BRDA:332,41,1,-
DA:333,0
DA:341,5
BRDA:341,42,0,5
BRDA:341,42,1,-
DA:342,0
DA:345,5
FN:348,AtlasVerification._handleNonces
FNDA:9,AtlasVerification._handleNonces
DA:357,9
BRDA:357,43,0,9
BRDA:357,43,1,-
DA:358,0
DA:361,9
BRDA:361,44,0,9
BRDA:361,44,1,-
DA:363,0
DA:366,9
DA:367,9
DA:369,9
DA:371,9
DA:373,9
DA:374,9
BRDA:374,45,0,9
BRDA:374,45,1,-
DA:375,0
DA:378,9
BRDA:378,46,0,1
BRDA:378,46,1,8
DA:380,8
DA:383,1
DA:384,1
DA:386,1
DA:387,1
BRDA:387,47,0,1
BRDA:387,47,1,1
DA:388,1
DA:392,1
DA:395,1
FN:398,AtlasVerification._updateNonceTracker
FNDA:1,AtlasVerification._updateNonceTracker
DA:408,1
DA:410,1
DA:411,1
DA:414,1
BRDA:414,48,0,1
BRDA:414,48,1,-
DA:415,1
BRDA:415,49,0,1
BRDA:415,49,1,-
DA:416,0
DA:419,1
BRDA:419,50,0,1
BRDA:419,50,1,-
DA:420,0
DA:424,1
BRDA:424,51,0,1
BRDA:424,51,1,-
DA:425,1
DA:427,1
BRDA:427,52,0,1
BRDA:427,52,1,1
DA:428,1
DA:429,1
DA:432,1
BRDA:432,53,0,1
BRDA:432,53,1,-
DA:433,1
DA:434,1
DA:437,1
BRDA:437,54,0,1
BRDA:437,54,1,1
DA:438,1
DA:444,1
FN:447,AtlasVerification._getProofHash
FNDA:6,AtlasVerification._getProofHash
DA:448,6
FN:465,AtlasVerification._verifyDAppSignature
FNDA:3,AtlasVerification._verifyDAppSignature
DA:466,3
BRDA:466,55,0,3
BRDA:466,55,1,-
DA:467,3
DA:469,3
FN:473,AtlasVerification.getDAppOperationPayload
FNDA:3,AtlasVerification.getDAppOperationPayload
DA:474,3
FN:477,AtlasVerification.getDomainSeparator
FNDA:0,AtlasVerification.getDomainSeparator
DA:478,0
FN:486,AtlasVerification._verifyUser
FNDA:4,AtlasVerification._verifyUser
DA:498,4
DA:500,4
BRDA:500,56,0,4
BRDA:500,56,1,-
DA:501,0
DA:504,4
BRDA:504,57,0,4
BRDA:504,57,1,-
DA:505,0
DA:514,4
BRDA:514,58,0,4
BRDA:514,58,1,-
DA:515,0
DA:518,4
FN:521,AtlasVerification._getProofHash
FNDA:6,AtlasVerification._getProofHash
DA:522,6
FN:539,AtlasVerification._verifyUserSignature
FNDA:4,AtlasVerification._verifyUserSignature
DA:540,4
BRDA:540,59,0,4
BRDA:540,59,1,-
DA:541,4
DA:543,4
FN:546,AtlasVerification.getUserOperationPayload
FNDA:2,AtlasVerification.getUserOperationPayload
DA:547,2
FN:550,AtlasVerification.getNextNonce
FNDA:6,AtlasVerification.getNextNonce
DA:551,6
DA:553,6
DA:554,6
DA:556,6
BRDA:556,60,0,3
BRDA:556,60,1,3
DA:557,3
DA:560,3
DA:562,3
DA:564,3
DA:566,3
FNF:16
FNH:15
LF:165
LH:113
BRF:122
BRH:56
end_of_record
TN:
SF:src/contracts/atlas/DAppIntegration.sol
FN:55,DAppIntegration.initializeGovernance
FNDA:13,DAppIntegration.initializeGovernance
DA:56,13
DA:58,13
BRDA:58,0,0,13
BRDA:58,0,1,-
DA:60,13
DA:62,13
BRDA:62,1,0,13
BRDA:62,1,1,-
DA:64,13
DA:66,13
DA:69,13
DA:71,13
FN:74,DAppIntegration.addSignatory
FNDA:0,DAppIntegration.addSignatory
DA:75,0
DA:77,0
BRDA:77,2,0,-
BRDA:77,2,1,-
DA:79,0
DA:81,0
BRDA:81,3,0,-
BRDA:81,3,1,-
DA:82,0
DA:85,0
DA:87,0
DA:89,0
FN:92,DAppIntegration.removeSignatory
FNDA:0,DAppIntegration.removeSignatory
DA:93,0
DA:95,0
BRDA:95,4,0,-
BRDA:95,4,1,-
DA:96,0
DA:99,0
DA:101,0
BRDA:101,5,0,-
BRDA:101,5,1,-
DA:103,0
FN:106,DAppIntegration.integrateDApp
FNDA:13,DAppIntegration.integrateDApp
DA:107,13
DA:109,13
BRDA:109,6,0,13
BRDA:109,6,1,-
DA:111,13
DA:113,13
DA:115,13
FN:118,DAppIntegration.disableDApp
FNDA:0,DAppIntegration.disableDApp
DA:119,0
DA:121,0
BRDA:121,7,0,-
BRDA:121,7,1,-
DA:123,0
DA:125,0
FN:128,DAppIntegration.initializeNonce
FNDA:16,DAppIntegration.initializeNonce
DA:129,16
BRDA:129,8,0,16
BRDA:129,8,1,16
DA:131,16
DA:133,16
DA:136,16
FN:140,DAppIntegration.getGovFromControl
FNDA:0,DAppIntegration.getGovFromControl
DA:141,0
DA:142,0
BRDA:142,9,0,-
BRDA:142,9,1,-
DA:143,0
FNF:7
FNH:3
LF:38
LH:17
BRF:20
BRH:5
end_of_record
TN:
SF:src/contracts/atlas/Escrow.sol
FN:47,Escrow._executePreOpsCall
FNDA:5,Escrow._executePreOpsCall
DA:55,5
DA:56,5
DA:57,5
DA:58,5
BRDA:58,0,0,-
BRDA:58,0,1,5
DA:59,5
FN:63,Escrow._executeUserOperation
FNDA:0,Escrow._executeUserOperation
DA:71,0
DA:72,0
DA:74,0
DA:77,0
BRDA:77,1,0,-
BRDA:77,1,1,-
DA:78,0
FN:82,Escrow._executeSolverOperation
FNDA:0,Escrow._executeSolverOperation
DA:93,0
DA:96,0
DA:99,0
BRDA:99,2,0,-
BRDA:99,2,1,-
DA:101,0
DA:105,0
DA:107,0
BRDA:107,3,0,-
BRDA:107,3,1,-
DA:109,0
DA:110,0
DA:113,0
DA:116,0
DA:117,0
DA:120,0
DA:125,0
DA:127,0
FN:135,Escrow._allocateValue
FNDA:0,Escrow._allocateValue
DA:146,0
DA:149,0
DA:150,0
DA:151,0
BRDA:151,4,0,-
BRDA:151,4,1,-
DA:152,0
FN:156,Escrow._executePostOpsCall
FNDA:0,Escrow._executePostOpsCall
DA:164,0
DA:165,0
DA:166,0
FN:171,Escrow._validateSolverOperation
FNDA:0,Escrow._validateSolverOperation
DA:180,0
DA:182,0
DA:184,0
DA:187,0
BRDA:187,5,0,-
BRDA:187,5,1,-
DA:188,0
DA:191,0
BRDA:191,6,0,-
BRDA:191,6,1,-
DA:192,0
DA:195,0
DA:198,0
DA:201,0
BRDA:201,7,0,-
BRDA:201,7,1,-
DA:203,0
DA:207,0
BRDA:207,8,0,-
BRDA:207,8,1,-
DA:208,0
DA:212,0
DA:214,0
BRDA:214,9,0,-
BRDA:214,9,1,-
DA:215,0
DA:218,0
BRDA:218,10,0,-
BRDA:218,10,1,-
DA:220,0
DA:224,0
FN:229,Escrow._solverOpWrapper
FNDA:0,Escrow._solverOpWrapper
DA:242,0
DA:244,0
DA:248,0
DA:250,0
DA:252,0
BRDA:252,11,0,-
BRDA:252,11,1,-
DA:253,0
DA:255,0
DA:257,0
BRDA:257,12,0,-
BRDA:257,12,1,-
DA:258,0
DA:259,0
BRDA:259,13,0,-
BRDA:259,13,1,-
DA:260,0
DA:261,0
BRDA:261,14,0,-
BRDA:261,14,1,-
DA:262,0
DA:263,0
BRDA:263,15,0,-
BRDA:263,15,1,-
DA:264,0
DA:265,0
BRDA:265,16,0,-
BRDA:265,16,1,-
DA:266,0
DA:267,0
BRDA:267,17,0,-
BRDA:267,17,1,-
DA:268,0
DA:269,0
BRDA:269,18,0,-
BRDA:269,18,1,-
DA:270,0
DA:271,0
BRDA:271,19,0,-
BRDA:271,19,1,-
DA:272,0
DA:274,0
FN:280,Escrow.
FNDA:0,Escrow.
DA:281,0
FNF:8
FNH:1
LF:76
LH:5
BRF:40
BRH:1
end_of_record
TN:
SF:src/contracts/atlas/ExecutionEnvironment.sol
FN:83,ExecutionEnvironment.preOpsWrapper
FNDA:0,ExecutionEnvironment.preOpsWrapper
DA:93,0
DA:95,0
DA:96,0
DA:98,0
BRDA:98,0,0,-
BRDA:98,0,1,-
DA:100,0
DA:101,0
FN:104,ExecutionEnvironment.userWrapper
FNDA:0,ExecutionEnvironment.userWrapper
DA:116,0
DA:118,0
BRDA:118,1,0,-
BRDA:118,1,1,-
DA:120,0
DA:122,0
BRDA:122,2,0,-
BRDA:122,2,1,-
DA:123,0
DA:124,0
BRDA:124,3,0,-
BRDA:124,3,1,-
DA:129,0
DA:130,0
BRDA:130,4,0,-
BRDA:130,4,1,-
FN:134,ExecutionEnvironment.postOpsWrapper
FNDA:0,ExecutionEnvironment.postOpsWrapper
DA:142,0
DA:144,0
DA:145,0
DA:147,0
BRDA:147,5,0,-
BRDA:147,5,1,-
DA:148,0
BRDA:148,6,0,-
BRDA:148,6,1,-
FN:151,ExecutionEnvironment.solverMetaTryCatch
FNDA:0,ExecutionEnvironment.solverMetaTryCatch
DA:164,0
BRDA:164,7,0,-
BRDA:164,7,1,-
DA:166,0
DA:169,0
DA:170,0
DA:172,0
BRDA:172,8,0,-
BRDA:172,8,1,-
DA:173,0
DA:174,0
DA:177,0
DA:185,0
BRDA:185,9,0,-
BRDA:185,9,1,-
DA:186,0
DA:189,0
DA:192,0
BRDA:192,10,0,-
BRDA:192,10,1,-
DA:193,0
DA:195,0
DA:197,0
DA:199,0
BRDA:199,11,0,-
BRDA:199,11,1,-
DA:200,0
DA:203,0
DA:204,0
BRDA:204,12,0,-
BRDA:204,12,1,-
DA:205,0
DA:210,0
DA:219,0
BRDA:219,13,0,-
BRDA:219,13,1,-
DA:220,0
DA:224,0
BRDA:224,14,0,-
BRDA:224,14,1,-
DA:225,0
DA:227,0
DA:229,0
DA:231,0
DA:233,0
BRDA:233,15,0,-
BRDA:233,15,1,-
DA:234,0
DA:237,0
DA:238,0
BRDA:238,16,0,-
BRDA:238,16,1,-
DA:239,0
DA:244,0
DA:246,0
BRDA:246,17,0,-
BRDA:246,17,1,-
DA:247,0
DA:251,0
BRDA:251,18,0,-
BRDA:251,18,1,-
DA:252,0
FN:256,ExecutionEnvironment.allocateValue
FNDA:0,ExecutionEnvironment.allocateValue
DA:268,0
DA:270,0
DA:271,0
BRDA:271,19,0,-
BRDA:271,19,1,-
FN:277,ExecutionEnvironment.withdrawERC20
FNDA:0,ExecutionEnvironment.withdrawERC20
DA:278,0
BRDA:278,20,0,-
BRDA:278,20,1,-
DA:279,0
BRDA:279,21,0,-
BRDA:279,21,1,-
DA:281,0
BRDA:281,22,0,-
BRDA:281,22,1,-
DA:282,0
DA:284,0
FN:288,ExecutionEnvironment.factoryWithdrawERC20
FNDA:0,ExecutionEnvironment.factoryWithdrawERC20
DA:289,0
BRDA:289,23,0,-
BRDA:289,23,1,-
DA:290,0
BRDA:290,24,0,-
BRDA:290,24,1,-
DA:291,0
BRDA:291,25,0,-
BRDA:291,25,1,-
DA:293,0
BRDA:293,26,0,-
BRDA:293,26,1,-
DA:294,0
DA:296,0
FN:300,ExecutionEnvironment.withdrawEther
FNDA:0,ExecutionEnvironment.withdrawEther
DA:301,0
BRDA:301,27,0,-
BRDA:301,27,1,-
DA:302,0
BRDA:302,28,0,-
BRDA:302,28,1,-
DA:304,0
BRDA:304,29,0,-
BRDA:304,29,1,-
DA:305,0
DA:307,0
FN:311,ExecutionEnvironment.factoryWithdrawEther
FNDA:0,ExecutionEnvironment.factoryWithdrawEther
DA:312,0
BRDA:312,30,0,-
BRDA:312,30,1,-
DA:313,0
BRDA:313,31,0,-
BRDA:313,31,1,-
DA:314,0
BRDA:314,32,0,-
BRDA:314,32,1,-
DA:316,0
BRDA:316,33,0,-
BRDA:316,33,1,-
DA:317,0
DA:319,0
FN:323,ExecutionEnvironment.getUser
FNDA:0,ExecutionEnvironment.getUser
DA:324,0
FN:327,ExecutionEnvironment.getControl
FNDA:0,ExecutionEnvironment.getControl
DA:328,0
FN:331,ExecutionEnvironment.getConfig
FNDA:0,ExecutionEnvironment.getConfig
DA:332,0
FN:335,ExecutionEnvironment.getEscrow
FNDA:0,ExecutionEnvironment.getEscrow
DA:336,0
FN:341,ExecutionEnvironment.
FNDA:0,ExecutionEnvironment.
FNF:14
FNH:0
LF:86
LH:0
BRF:68
BRH:0
end_of_record
TN:
SF:src/contracts/atlas/GasAccounting.sol
FN:38,GasAccounting.validateBalances
FNDA:0,GasAccounting.validateBalances
DA:39,0
FN:42,GasAccounting.contribute
FNDA:0,GasAccounting.contribute
DA:43,0
BRDA:43,0,0,-
BRDA:43,0,1,-
DA:44,0
FN:47,GasAccounting.borrow
FNDA:0,GasAccounting.borrow
DA:48,0
BRDA:48,1,0,-
BRDA:48,1,1,-
DA:49,0
BRDA:49,2,0,-
BRDA:49,2,1,-
DA:50,0
DA:52,0
FN:56,GasAccounting.shortfall
FNDA:0,GasAccounting.shortfall
DA:57,0
DA:58,0
DA:59,0
FN:62,GasAccounting.reconcile
FNDA:0,GasAccounting.reconcile
DA:75,0
DA:77,0
BRDA:77,3,0,-
BRDA:77,3,1,-
DA:78,0
BRDA:78,4,0,-
BRDA:78,4,1,-
DA:79,0
BRDA:79,5,0,-
BRDA:79,5,1,-
DA:82,0
DA:84,0
DA:85,0
DA:87,0
BRDA:87,6,0,-
BRDA:87,6,1,-
DA:89,0
DA:91,0
DA:93,0
DA:94,0
DA:96,0
FN:99,GasAccounting._contribute
FNDA:0,GasAccounting._contribute
DA:100,0
BRDA:100,7,0,-
BRDA:100,7,1,-
FN:103,GasAccounting._borrow
FNDA:0,GasAccounting._borrow
DA:104,0
BRDA:104,8,0,-
BRDA:104,8,1,-
DA:105,0
BRDA:105,9,0,-
BRDA:105,9,1,-
DA:106,0
DA:107,0
FN:110,GasAccounting._trySolverLock
FNDA:0,GasAccounting._trySolverLock
DA:111,0
BRDA:111,10,0,-
BRDA:111,10,1,-
DA:112,0
DA:113,0
DA:114,0
DA:115,0
DA:117,0
FN:121,GasAccounting._releaseSolverLock
FNDA:0,GasAccounting._releaseSolverLock
DA:124,0
DA:125,0
DA:127,0
DA:128,0
BRDA:128,11,0,-
BRDA:128,11,1,-
DA:129,0
DA:130,0
BRDA:130,12,0,-
BRDA:130,12,1,-
DA:131,0
DA:132,0
BRDA:132,13,0,-
BRDA:132,13,1,-
DA:133,0
DA:135,0
DA:138,0
DA:140,0
DA:142,0
DA:144,0
FN:147,GasAccounting._settle
FNDA:0,GasAccounting._settle
DA:152,0
DA:153,0
DA:154,0
DA:155,0
DA:156,0
DA:158,0
DA:159,0
DA:162,0
DA:163,0
DA:164,0
DA:166,0
BRDA:166,14,0,-
BRDA:166,14,1,-
DA:168,0
DA:172,0
BRDA:172,15,0,-
BRDA:172,15,1,-
DA:173,0
DA:174,0
DA:175,0
DA:177,0
DA:178,0
DA:181,0
DA:183,0
DA:184,0
DA:186,0
DA:188,0
DA:190,0
FNF:10
FNH:0
LF:72
LH:0
BRF:32
BRH:0
end_of_record
TN:
SF:src/contracts/atlas/Mimic.sol
FN:40,Mimic.
FNDA:0,Mimic.
DA:41,0
DA:50,0
BRDA:50,0,0,-
BRDA:50,0,1,-
DA:51,0
FNF:1
FNH:0
LF:3
LH:0
BRF:2
BRH:0
end_of_record
TN:
SF:src/contracts/atlas/SafetyLocks.sol
FN:32,SafetyLocks._initializeEscrowLock
FNDA:5,SafetyLocks._initializeEscrowLock
DA:39,0
DA:41,5
DA:44,5
DA:45,5
DA:48,5
DA:49,5
FN:52,SafetyLocks._checkIfUnlocked
FNDA:7,SafetyLocks._checkIfUnlocked
DA:53,7
BRDA:53,0,0,7
BRDA:53,0,1,-
DA:54,7
BRDA:54,1,0,7
BRDA:54,1,1,-
DA:55,7
BRDA:55,2,0,7
BRDA:55,2,1,-
DA:56,7
BRDA:56,3,0,7
BRDA:56,3,1,-
FN:60,SafetyLocks._buildEscrowLock
FNDA:5,SafetyLocks._buildEscrowLock
DA:71,5
BRDA:71,4,0,5
BRDA:71,4,1,-
DA:73,5
FN:78,SafetyLocks._releaseEscrowLock
FNDA:5,SafetyLocks._releaseEscrowLock
DA:79,5
BRDA:79,5,0,5
BRDA:79,5,1,-
DA:80,5
DA:81,5
DA:82,5
DA:83,5
DA:84,5
FN:87,SafetyLocks.activeEnvironment
FNDA:0,SafetyLocks.activeEnvironment
DA:88,0
FNF:5
FNH:4
LF:19
LH:17
BRF:12
BRH:6
end_of_record
TN:
SF:src/contracts/atlas/Storage.sol
FN:80,Storage._computeDomainSeparator
FNDA:0,Storage._computeDomainSeparator
FNF:1
FNH:0
LF:0
LH:0
BRF:0
BRH:0
end_of_record
TN:
SF:src/contracts/common/ExecutionBase.sol
FN:196,ExecutionBase._contribute
FNDA:0,ExecutionBase._contribute
DA:197,0
BRDA:197,0,0,-
BRDA:197,0,1,-
DA:198,0
BRDA:198,1,0,-
BRDA:198,1,1,-
DA:200,0
FN:204,ExecutionBase._borrow
FNDA:0,ExecutionBase._borrow
DA:205,0
BRDA:205,2,0,-
BRDA:205,2,1,-
DA:207,0
FN:210,ExecutionBase._transferUserERC20
FNDA:0,ExecutionBase._transferUserERC20
DA:211,0
BRDA:211,3,0,-
BRDA:211,3,1,-
DA:212,0
DA:214,0
FN:217,ExecutionBase._transferDAppERC20
FNDA:0,ExecutionBase._transferDAppERC20
DA:218,0
BRDA:218,4,0,-
BRDA:218,4,1,-
DA:219,0
DA:221,0
FN:224,ExecutionBase._availableFundsERC20
FNDA:0,ExecutionBase._availableFundsERC20
DA:234,0
DA:235,0
BRDA:235,5,0,-
BRDA:235,5,1,-
DA:236,0
DA:239,0
DA:240,0
DA:241,0
DA:243,0
BRDA:243,6,0,-
BRDA:243,6,1,-
DA:244,0
BRDA:244,7,0,-
BRDA:244,7,1,-
DA:245,0
DA:247,0
BRDA:247,8,0,-
BRDA:247,8,1,-
DA:248,0
DA:250,0
DA:251,0
BRDA:251,9,0,-
BRDA:251,9,1,-
DA:252,0
BRDA:252,10,0,-
BRDA:252,10,1,-
DA:253,0
DA:255,0
BRDA:255,11,0,-
BRDA:255,11,1,-
DA:256,0
DA:258,0
DA:260,0
FN:38,Base._onlyAtlasEnvironment
FNDA:0,Base._onlyAtlasEnvironment
DA:39,0
BRDA:39,0,0,-
BRDA:39,0,1,-
DA:40,0
DA:42,0
BRDA:42,1,0,-
BRDA:42,1,1,-
DA:43,0
DA:45,0
BRDA:45,2,0,-
BRDA:45,2,1,-
DA:46,0
DA:48,0
BRDA:48,3,0,-
BRDA:48,3,1,-
DA:49,0
FN:53,Base.forward
FNDA:0,Base.forward
DA:55,0
FN:58,Base._firstSet
FNDA:0,Base._firstSet
DA:59,0
FN:72,Base._secondSet
FNDA:0,Base._secondSet
DA:73,0
FN:76,Base.forwardSpecial
FNDA:0,Base.forwardSpecial
DA:78,0
FN:81,Base._firstSetSpecial
FNDA:0,Base._firstSetSpecial
DA:82,0
DA:83,0
DA:85,0
BRDA:85,4,0,-
BRDA:85,4,1,-
DA:86,0
BRDA:86,5,0,-
BRDA:86,5,1,-
DA:87,0
DA:91,0
FN:106,Base._controlCodeHash
FNDA:0,Base._controlCodeHash
DA:108,0
FN:112,Base._config
FNDA:0,Base._config
DA:114,0
FN:118,Base._control
FNDA:0,Base._control
DA:120,0
FN:124,Base._user
FNDA:0,Base._user
DA:126,0
FN:130,Base._depth
FNDA:0,Base._depth
DA:132,0
FN:136,Base._simulation
FNDA:0,Base._simulation
DA:138,0
FN:142,Base._gasRefund
FNDA:0,Base._gasRefund
DA:144,0
FN:148,Base._lockState
FNDA:0,Base._lockState
DA:150,0
FN:154,Base._callMax
FNDA:0,Base._callMax
DA:156,0
FN:160,Base._callIndex
FNDA:0,Base._callIndex
DA:162,0
FN:166,Base._paymentsComplete
FNDA:0,Base._paymentsComplete
DA:168,0
FN:172,Base._makingPayments
FNDA:0,Base._makingPayments
DA:174,0
FN:178,Base._approvedCaller
FNDA:0,Base._approvedCaller
DA:180,0
FN:184,Base._activeEnvironment
FNDA:0,Base._activeEnvironment
DA:185,0
FNF:25
FNH:0
LF:62
LH:0
BRF:36
BRH:0
end_of_record
TN:
SF:src/contracts/common/Permit69.sol
FN:41,Permit69._verifyCallerIsExecutionEnv
FNDA:0,Permit69._verifyCallerIsExecutionEnv
FN:44,Permit69.transferUserERC20
FNDA:5,Permit69.transferUserERC20
DA:58,5
DA:61,5
DA:64,5
FN:67,Permit69.transferDAppERC20
FNDA:6,Permit69.transferDAppERC20
DA:79,6
DA:82,6
DA:85,6
FN:88,Permit69._verifyLockState
FNDA:9,Permit69._verifyLockState
DA:89,9
BRDA:89,0,0,2
BRDA:89,0,1,7
DA:90,7
FNF:4
FNH:3
LF:8
LH:8
BRF:2
BRH:2
end_of_record
TN:
SF:src/contracts/dapp/ControlTemplate.sol
FN:42,DAppControlTemplate._preOpsCall
FNDA:0,DAppControlTemplate._preOpsCall
DA:43,0
FN:83,DAppControlTemplate._preSolverCall
FNDA:0,DAppControlTemplate._preSolverCall
DA:84,0
FN:105,DAppControlTemplate._postSolverCall
FNDA:0,DAppControlTemplate._postSolverCall
DA:106,0
FN:125,DAppControlTemplate._postOpsCall
FNDA:0,DAppControlTemplate._postOpsCall
DA:126,0
FNF:4
FNH:0
LF:4
LH:0
BRF:0
BRH:0
end_of_record
TN:
SF:src/contracts/dapp/DAppControl.sol
FN:52,DAppControl.preOpsCall
FNDA:0,DAppControl.preOpsCall
DA:59,0
FN:62,DAppControl.preSolverCall
FNDA:0,DAppControl.preSolverCall
DA:69,0
FN:72,DAppControl.postSolverCall
FNDA:0,DAppControl.postSolverCall
DA:79,0
FN:82,DAppControl.allocateValueCall
FNDA:0,DAppControl.allocateValueCall
DA:91,0
FN:94,DAppControl.postOpsCall
FNDA:0,DAppControl.postOpsCall
DA:101,0
FN:105,DAppControl.userDelegated
FNDA:0,DAppControl.userDelegated
DA:106,0
FN:109,DAppControl.requireSequencedNonces
FNDA:0,DAppControl.requireSequencedNonces
DA:110,0
FN:113,DAppControl.getDAppConfig
FNDA:9,DAppControl.getDAppConfig
DA:119,9
FN:122,DAppControl._getCallConfig
FNDA:13,DAppControl._getCallConfig
DA:123,13
FN:126,DAppControl.getCallConfig
FNDA:13,DAppControl.getCallConfig
DA:127,13
FN:130,DAppControl.getDAppSignatory
FNDA:13,DAppControl.getDAppSignatory
DA:131,13
FNF:11
FNH:4
LF:11
LH:4
BRF:0
BRH:0
end_of_record
TN:
SF:src/contracts/examples/intents-example/SwapIntent.sol
FN:87,SwapIntentController.swap
FNDA:0,SwapIntentController.swap
DA:88,0
BRDA:88,0,0,-
BRDA:88,0,1,-
DA:89,0
BRDA:89,1,0,-
BRDA:89,1,1,-
DA:90,0
BRDA:90,2,0,-
BRDA:90,2,1,-
DA:92,0
DA:97,0
BRDA:97,3,0,-
BRDA:97,3,1,-
DA:101,0
DA:102,0
BRDA:102,4,0,-
BRDA:102,4,1,-
DA:103,0
DA:106,0
DA:107,0
BRDA:107,5,0,-
BRDA:107,5,1,-
DA:108,0
DA:111,0
BRDA:111,6,0,-
BRDA:111,6,1,-
DA:117,0
DA:118,0
BRDA:116,7,0,-
BRDA:116,7,1,-
DA:120,0
BRDA:120,8,0,-
BRDA:120,8,1,-
DA:121,0
DA:122,0
DA:124,0
DA:125,0
BRDA:125,9,0,-
BRDA:125,9,1,-
DA:126,0
DA:132,0
DA:141,0
BRDA:141,10,0,-
BRDA:141,10,1,-
DA:143,0
BRDA:143,11,0,-
BRDA:143,11,1,-
DA:145,0
DA:146,0
DA:147,0
DA:148,0
DA:150,0
DA:151,0
DA:154,0
BRDA:154,12,0,-
BRDA:154,12,1,-
DA:157,0
DA:162,0
FN:169,SwapIntentController._preSolverCall
FNDA:0,SwapIntentController._preSolverCall
DA:170,0
DA:171,0
BRDA:171,13,0,-
BRDA:171,13,1,-
DA:172,0
DA:175,0
DA:178,0
DA:182,0
FN:186,SwapIntentController._postSolverCall
FNDA:0,SwapIntentController._postSolverCall
DA:187,0
DA:189,0
DA:191,0
DA:193,0
BRDA:193,14,0,-
BRDA:193,14,1,-
DA:196,0
BRDA:196,15,0,-
BRDA:196,15,1,-
DA:197,0
DA:199,0
DA:201,0
DA:203,0
FN:209,SwapIntentController._allocateValueCall
FNDA:0,SwapIntentController._allocateValueCall
DA:213,0
BRDA:213,16,0,-
BRDA:213,16,1,-
DA:214,0
DA:216,0
FN:225,SwapIntentController.getBidFormat
FNDA:0,SwapIntentController.getBidFormat
DA:230,0
DA:232,0
FN:235,SwapIntentController.getBidValue
FNDA:0,SwapIntentController.getBidValue
DA:236,0
FNF:6
FNH:0
LF:53
LH:0
BRF:34
BRH:0
end_of_record
TN:
SF:src/contracts/examples/v2-example/SwapMath.sol
FN:9,SwapMath.getAmountIn
FNDA:0,SwapMath.getAmountIn
DA:18,0
DA:19,0
DA:20,0
FNF:1
FNH:0
LF:3
LH:0
BRF:0
BRH:0
end_of_record
TN:
SF:src/contracts/examples/v2-example/V2DAppControl.sol
FN:83,V2DAppControl._preOpsCall
FNDA:0,V2DAppControl._preOpsCall
DA:84,0
BRDA:84,0,0,-
BRDA:84,0,1,-
DA:86,0
DA:91,0
DA:93,0
DA:95,0
DA:96,0
DA:97,0
DA:98,0
DA:102,0
DA:108,0
DA:109,0
FN:114,V2DAppControl._allocateValueCall
FNDA:0,V2DAppControl._allocateValueCall
DA:119,0
DA:121,0
DA:123,0
DA:125,0
DA:126,0
DA:128,0
BRDA:128,1,0,-
BRDA:128,1,1,-
DA:129,0
DA:132,0
DA:136,0
DA:137,0
DA:139,0
FN:152,V2DAppControl.getBidFormat
FNDA:14,V2DAppControl.getBidFormat
DA:156,14
FN:159,V2DAppControl.getBidValue
FNDA:2,V2DAppControl.getBidValue
DA:160,2
FNF:4
FNH:2
LF:24
LH:2
BRF:4
BRH:0
end_of_record
TN:
SF:src/contracts/examples/v4-example/UniV4Hook.sol
FN:34,UniV4Hook.getHooksCalls
FNDA:0,UniV4Hook.getHooksCalls
DA:36,0
FN:48,UniV4Hook.beforeModifyPosition
FNDA:0,UniV4Hook.beforeModifyPosition
FN:61,UniV4Hook.beforeSwap
FNDA:0,UniV4Hook.beforeSwap
DA:76,0
BRDA:76,0,0,-
BRDA:76,0,1,-
DA:77,0
BRDA:77,1,0,-
BRDA:77,1,1,-
DA:79,0
DA:81,0
BRDA:81,2,0,-
BRDA:81,2,1,-
DA:86,0
BRDA:86,3,0,-
BRDA:86,3,1,-
DA:87,0
BRDA:87,4,0,-
BRDA:87,4,1,-
DA:97,0
BRDA:97,5,0,-
BRDA:97,5,1,-
DA:101,0
DA:109,0
BRDA:109,6,0,-
BRDA:109,6,1,-
DA:113,0
DA:121,0
FNF:3
FNH:0
LF:12
LH:0
BRF:14
BRH:0
end_of_record
TN:
SF:src/contracts/examples/v4-example/V4DAppControl.sol
FN:87,V4DAppControl._preOpsCall
FNDA:0,V4DAppControl._preOpsCall
DA:92,0
BRDA:92,0,0,-
BRDA:92,0,1,-
DA:94,0
BRDA:94,1,0,-
BRDA:94,1,1,-
DA:96,0
BRDA:96,2,0,-
BRDA:96,2,1,-
DA:100,0
BRDA:100,3,0,-
BRDA:100,3,1,-
DA:102,0
DA:103,0
DA:106,0
DA:109,0
DA:116,0
DA:127,0
BRDA:127,4,0,-
BRDA:127,4,1,-
DA:128,0
BRDA:128,5,0,-
BRDA:128,5,1,-
DA:131,0
DA:141,0
BRDA:141,6,0,-
BRDA:141,6,1,-
DA:149,0
FN:154,V4DAppControl._allocateValueCall
FNDA:0,V4DAppControl._allocateValueCall
DA:159,0
BRDA:159,7,0,-
BRDA:159,7,1,-
DA:161,0
DA:163,0
BRDA:163,8,0,-
BRDA:163,8,1,-
DA:164,0
DA:166,0
DA:170,0
DA:176,0
FN:179,V4DAppControl._postOpsCall
FNDA:0,V4DAppControl._postOpsCall
DA:184,0
DA:186,0
DA:188,0
DA:190,0
DA:192,0
FN:196,V4DAppControl.setLock
FNDA:0,V4DAppControl.setLock
DA:201,0
DA:205,0
BRDA:205,9,0,-
BRDA:205,9,1,-
DA:206,0
BRDA:206,10,0,-
BRDA:206,10,1,-
DA:207,0
BRDA:207,11,0,-
BRDA:207,11,1,-
DA:208,0
BRDA:208,12,0,-
BRDA:208,12,1,-
DA:211,0
FN:214,V4DAppControl.releaseLock
FNDA:0,V4DAppControl.releaseLock
DA:219,0
DA:223,0
BRDA:223,13,0,-
BRDA:223,13,1,-
DA:224,0
BRDA:224,14,0,-
BRDA:224,14,1,-
DA:225,0
BRDA:225,15,0,-
BRDA:225,15,1,-
DA:226,0
BRDA:226,16,0,-
BRDA:226,16,1,-
DA:229,0
FN:234,V4DAppControl.getBidFormat
FNDA:0,V4DAppControl.getBidFormat
DA:239,0
DA:242,0
FN:245,V4DAppControl.getBidValue
FNDA:0,V4DAppControl.getBidValue
DA:246,0
FNF:7
FNH:0
LF:41
LH:0
BRF:34
BRH:0
end_of_record
TN:
SF:src/contracts/helpers/Simulator.sol
FN:42,Simulator.setAtlas
FNDA:13,Simulator.setAtlas
DA:43,13
BRDA:43,0,0,-
BRDA:43,0,1,-
DA:44,13
FN:47,Simulator.simUserOperation
FNDA:2,Simulator.simUserOperation
DA:49,2
DA:51,2
DA:52,2
DA:54,2
FN:57,Simulator.simSolverCall
FNDA:0,Simulator.simSolverCall
DA:66,0
DA:67,0
DA:69,0
FN:72,Simulator.simSolverCalls
FNDA:2,Simulator.simSolverCalls
DA:81,2
BRDA:81,1,0,2
BRDA:81,1,1,-
DA:82,0
DA:84,2
FN:87,Simulator._errorCatcher
FNDA:4,Simulator._errorCatcher
DA:95,4
FN:124,Simulator.metacallSimulation
FNDA:4,Simulator.metacallSimulation
DA:132,4
BRDA:132,2,0,-
BRDA:132,2,1,-
DA:133,4
BRDA:133,3,0,4
BRDA:133,3,1,-
DA:134,4
DA:136,0
FN:141,Simulator.
FNDA:0,Simulator.
FNF:7
FNH:5
LF:17
LH:12
BRF:8
BRH:2
end_of_record
TN:
SF:src/contracts/helpers/Sorter.sol
FN:29,Sorter.sortBids
FNDA:1,Sorter.sortBids
DA:37,1
DA:39,1
DA:41,1
DA:43,1
DA:45,1
DA:47,1
DA:48,1
DA:50,3
DA:51,2
DA:53,2
DA:57,1
FN:60,Sorter._verifyBidFormat
FNDA:2,Sorter._verifyBidFormat
DA:61,2
BRDA:61,0,0,2
BRDA:61,0,1,-
DA:62,0
DA:65,2
FN:68,Sorter._verifySolverEligibility
FNDA:2,Sorter._verifySolverEligibility
DA:78,2
DA:79,2
BRDA:79,1,0,2
BRDA:79,1,1,-
DA:80,0
DA:85,2
DA:86,2
BRDA:86,2,0,2
BRDA:86,2,1,-
DA:87,0
DA:92,2
DA:93,2
BRDA:93,3,0,2
BRDA:93,3,1,-
DA:94,0
DA:98,2
BRDA:98,4,0,2
BRDA:98,4,1,-
DA:99,0
DA:103,2
BRDA:103,5,0,2
BRDA:103,5,1,-
DA:104,0
DA:107,2
FN:110,Sorter._getSortingData
FNDA:1,Sorter._getSortingData
DA:120,1
DA:122,1
DA:124,1
DA:125,1
DA:126,3
DA:127,2
BRDA:127,6,0,2
BRDA:127,6,1,-
DA:128,2
DA:131,0
DA:133,0
DA:137,2
DA:141,1
FN:144,Sorter._sort
FNDA:1,Sorter._sort
DA:153,1
DA:155,1
DA:156,1
DA:158,1
DA:159,1
DA:161,2
DA:163,1
DA:164,1
DA:167,3
DA:168,2
BRDA:168,7,0,2
BRDA:168,7,1,2
DA:169,2
BRDA:169,8,0,2
BRDA:169,8,1,2
DA:170,2
DA:172,2
BRDA:172,9,0,2
BRDA:172,9,1,2
DA:173,2
DA:177,2
DA:182,1
DA:183,1
DA:186,1
DA:189,1
DA:193,1
FNF:5
FNH:5
LF:59
LH:51
BRF:20
BRH:13
end_of_record
TN:
SF:src/contracts/helpers/TxBuilder.sol
FN:35,TxBuilder.governanceNextNonce
FNDA:3,TxBuilder.governanceNextNonce
DA:36,3
FN:39,TxBuilder.userNextNonce
FNDA:3,TxBuilder.userNextNonce
DA:40,3
FN:43,TxBuilder.getControlCodeHash
FNDA:0,TxBuilder.getControlCodeHash
DA:44,0
FN:47,TxBuilder.getBlockchainID
FNDA:0,TxBuilder.getBlockchainID
DA:48,0
FN:51,TxBuilder.buildUserOperation
FNDA:3,TxBuilder.buildUserOperation
DA:63,3
DA:64,3
FN:79,TxBuilder.buildSolverOperation
FNDA:4,TxBuilder.buildSolverOperation
DA:90,4
FN:107,TxBuilder.buildDAppOperation
FNDA:3,TxBuilder.buildDAppOperation
DA:116,3
DA:118,3
DA:119,3
DA:121,3
FNF:7
FNH:5
LF:11
LH:9
BRF:0
BRH:0
end_of_record
TN:
SF:src/contracts/helpers/Utilities.sol
FN:11,Utilities.getUsefulContractAddress
FNDA:0,Utilities.getUsefulContractAddress
DA:12,0
DA:13,0
DA:14,0
DA:15,0
DA:17,0
DA:18,0
BRDA:18,0,0,-
BRDA:18,0,1,-
DA:19,0
DA:21,0
FNF:1
FNH:0
LF:8
LH:0
BRF:2
BRH:0
end_of_record
TN:
SF:src/contracts/libraries/CallBits.sol
FN:11,CallBits.buildCallConfig
FNDA:13,CallBits.buildCallConfig
DA:12,13
DA:13,13
FN:16,CallBits.encodeCallConfig
FNDA:13,CallBits.encodeCallConfig
DA:17,13
BRDA:17,0,0,13
BRDA:17,0,1,-
DA:18,0
DA:20,13
BRDA:20,1,0,13
BRDA:20,1,1,13
DA:21,13
DA:23,13
BRDA:23,2,0,13
BRDA:23,2,1,-
DA:24,0
DA:26,13
BRDA:26,3,0,13
BRDA:26,3,1,-
DA:27,0
DA:29,13
BRDA:29,4,0,13
BRDA:29,4,1,-
DA:30,0
DA:32,13
BRDA:32,5,0,13
BRDA:32,5,1,-
DA:33,0
DA:35,13
BRDA:35,6,0,13
BRDA:35,6,1,-
DA:36,0
DA:38,13
BRDA:38,7,0,13
BRDA:38,7,1,-
DA:39,0
DA:41,13
BRDA:41,8,0,13
BRDA:41,8,1,-
DA:42,0
DA:44,13
BRDA:44,9,0,13
BRDA:44,9,1,13
DA:45,13
DA:47,13
BRDA:47,10,0,13
BRDA:47,10,1,-
DA:48,0
DA:50,13
BRDA:50,11,0,13
BRDA:50,11,1,13
DA:51,13
DA:53,13
BRDA:53,12,0,13
BRDA:53,12,1,13
DA:54,13
DA:56,13
BRDA:56,13,0,13
BRDA:56,13,1,13
DA:57,13
DA:59,13
BRDA:59,14,0,13
BRDA:59,14,1,13
DA:60,13
DA:62,13
BRDA:62,15,0,13
BRDA:62,15,1,-
DA:63,0
DA:65,13
BRDA:65,16,0,13
BRDA:65,16,1,-
DA:66,0
FN:70,CallBits.decodeCallConfig
FNDA:13,CallBits.decodeCallConfig
DA:71,13
FN:92,CallBits.needsSequencedNonces
FNDA:22,CallBits.needsSequencedNonces
DA:93,22
FN:96,CallBits.needsPreOpsCall
FNDA:23,CallBits.needsPreOpsCall
DA:97,23
FN:100,CallBits.needsPreOpsReturnData
FNDA:13,CallBits.needsPreOpsReturnData
DA:101,13
FN:104,CallBits.needsUserReturnData
FNDA:13,CallBits.needsUserReturnData
DA:105,13
FN:108,CallBits.needsDelegateUser
FNDA:13,CallBits.needsDelegateUser
DA:109,13
FN:112,CallBits.needsLocalUser
FNDA:13,CallBits.needsLocalUser
DA:113,13
FN:116,CallBits.needsPreSolver
FNDA:13,CallBits.needsPreSolver
DA:117,13
FN:120,CallBits.needsSolverPostCall
FNDA:13,CallBits.needsSolverPostCall
DA:121,13
FN:124,CallBits.needsPostOpsCall
FNDA:13,CallBits.needsPostOpsCall
DA:125,13
FN:128,CallBits.allowsZeroSolvers
FNDA:14,CallBits.allowsZeroSolvers
DA:129,14
FN:132,CallBits.allowsReuseUserOps
FNDA:18,CallBits.allowsReuseUserOps
DA:133,18
FN:136,CallBits.allowsUserBundler
FNDA:14,CallBits.allowsUserBundler
DA:137,14
FN:140,CallBits.allowsSolverBundler
FNDA:13,CallBits.allowsSolverBundler
DA:141,13
FN:144,CallBits.verifySolverBundlerCallChainHash
FNDA:13,CallBits.verifySolverBundlerCallChainHash
DA:145,13
FN:148,CallBits.allowsUnknownBundler
FNDA:17,CallBits.allowsUnknownBundler
DA:149,17
FN:152,CallBits.forwardReturnData
FNDA:13,CallBits.forwardReturnData
DA:153,13
FN:156,CallBits.needsFulfillment
FNDA:14,CallBits.needsFulfillment
DA:157,14
FNF:20
FNH:20
LF:54
LH:43
BRF:34
BRH:23
end_of_record
TN:
SF:src/contracts/libraries/CallVerification.sol
FN:11,CallVerification.getUserOperationHash
FNDA:10,CallVerification.getUserOperationHash
DA:12,10
FN:15,CallVerification.getCallChainHash
FNDA:8,CallVerification.getCallChainHash
DA:24,8
DA:25,8
BRDA:25,0,0,8
BRDA:25,0,1,8
DA:27,8
DA:38,8
DA:47,8
DA:48,8
DA:49,18
DA:50,10
DA:58,10
FNF:2
FNH:2
LF:10
LH:10
BRF:2
BRH:2
end_of_record
TN:
SF:src/contracts/libraries/EscrowBits.sol
FN:51,EscrowBits.canExecute
FNDA:0,EscrowBits.canExecute
DA:52,0
FN:55,EscrowBits.executionSuccessful
FNDA:0,EscrowBits.executionSuccessful
DA:56,0
FN:59,EscrowBits.executedWithError
FNDA:0,EscrowBits.executedWithError
DA:60,0
FN:63,EscrowBits.updateEscrow
FNDA:0,EscrowBits.updateEscrow
DA:64,0
FNF:4
FNH:0
LF:4
LH:0
BRF:0
BRH:0
end_of_record
TN:
SF:src/contracts/libraries/SafetyBits.sol
FN:78,SafetyBits.getCurrentExecutionPhase
FNDA:0,SafetyBits.getCurrentExecutionPhase
DA:80,0
DA:87,0
FN:90,SafetyBits.pack
FNDA:0,SafetyBits.pack
DA:91,0
FN:106,SafetyBits.holdDAppOperationLock
FNDA:0,SafetyBits.holdDAppOperationLock
DA:114,0
DA:115,0
DA:117,0
DA:119,0
FN:122,SafetyBits.setAllSolversFailed
FNDA:0,SafetyBits.setAllSolversFailed
DA:123,0
DA:124,0
DA:125,0
DA:126,0
FN:129,SafetyBits.allocationComplete
FNDA:0,SafetyBits.allocationComplete
DA:130,0
DA:131,0
DA:132,0
FN:135,SafetyBits.turnSolverLockPayments
FNDA:0,SafetyBits.turnSolverLockPayments
DA:143,0
DA:144,0
DA:145,0
DA:146,0
FN:149,SafetyBits.holdSolverLock
FNDA:0,SafetyBits.holdSolverLock
DA:150,0
DA:151,0
DA:152,0
FN:155,SafetyBits.holdUserLock
FNDA:0,SafetyBits.holdUserLock
DA:156,0
DA:157,0
DA:159,0
DA:161,0
FN:164,SafetyBits.holdPreOpsLock
FNDA:0,SafetyBits.holdPreOpsLock
DA:165,0
DA:166,0
DA:168,0
DA:170,0
FN:173,SafetyBits.initializeEscrowLock
FNDA:0,SafetyBits.initializeEscrowLock
DA:184,0
DA:185,0
DA:186,0
DA:187,0
DA:188,0
DA:189,0
FN:192,SafetyBits.turnSolverLock
FNDA:0,SafetyBits.turnSolverLock
DA:193,0
DA:194,0
DA:195,0
FNF:11
FNH:0
LF:38
LH:0
BRF:0
BRH:0
end_of_record
TN:
SF:src/contracts/solver/SolverBase.sol
FN:31,SolverBase.atlasSolverCall
FNDA:0,SolverBase.atlasSolverCall
DA:44,0
DA:46,0
BRDA:46,0,0,-
BRDA:46,0,1,-
FNF:1
FNH:0
LF:2
LH:0
BRF:2
BRH:0
end_of_record
TN:
SF:src/contracts/solver/src/BlindBackrun/BlindBackrun.sol
FN:46,BlindBackrun.executeArbitrage
FNDA:0,BlindBackrun.executeArbitrage
DA:54,0
BRDA:54,0,0,-
BRDA:54,0,1,-
DA:56,0
DA:57,0
DA:58,0
DA:62,0
DA:63,0
DA:65,0
DA:66,0
DA:68,0
DA:69,0
DA:71,0
BRDA:71,1,0,-
BRDA:71,1,1,-
DA:72,0
DA:73,0
DA:75,0
DA:76,0
DA:78,0
DA:79,0
DA:90,0
DA:91,0
DA:94,0
DA:96,0
BRDA:96,2,0,-
BRDA:96,2,1,-
FN:107,BlindBackrun.getAmountIn
FNDA:0,BlindBackrun.getAmountIn
DA:115,0
DA:116,0
DA:117,0
DA:118,0
DA:119,0
DA:120,0
DA:121,0
DA:122,0
DA:123,0
FN:129,BlindBackrun.getPairData
FNDA:0,BlindBackrun.getPairData
DA:130,0
DA:131,0
DA:133,0
DA:134,0
BRDA:134,3,0,-
BRDA:134,3,1,-
DA:135,0
DA:136,0
DA:138,0
DA:141,0
FN:147,BlindBackrun.sqrt
FNDA:0,BlindBackrun.sqrt
DA:148,0
BRDA:148,4,0,-
BRDA:148,4,1,-
DA:149,0
DA:150,0
DA:151,0
DA:152,0
DA:153,0
DA:155,0
FN:163,BlindBackrun.getAmountOut
FNDA:0,BlindBackrun.getAmountOut
DA:172,0
DA:173,0
DA:174,0
DA:175,0
DA:176,0
FN:181,BlindBackrun.withdrawWETHToOwner
FNDA:0,BlindBackrun.withdrawWETHToOwner
DA:182,0
DA:183,0
FN:188,BlindBackrun.withdrawETHToOwner
FNDA:0,BlindBackrun.withdrawETHToOwner
DA:189,0
DA:190,0
FN:199,BlindBackrun.call
FNDA:0,BlindBackrun.call
DA:200,0
DA:201,0
BRDA:201,5,0,-
BRDA:201,5,1,-
FNF:8
FNH:0
LF:56
LH:0
BRF:12
BRH:0
end_of_record
end_of_record